<?xml version="1.0" encoding="UTF-8"?>
<coverage generated="1713844629742" clover="3.2.0">
  <project timestamp="1713844629743" name="All files">
    <metrics statements="739" coveredstatements="427" conditionals="353" coveredconditionals="173" methods="211" coveredmethods="104" elements="1303" coveredelements="704" complexity="0" loc="739" ncloc="739" packages="17" files="25" classes="25"/>
    <package name="src">
      <metrics statements="54" coveredstatements="32" conditionals="14" coveredconditionals="6" methods="12" coveredmethods="8"/>
      <file name="App.js" path="D:\MS CS\CS 5610 Web Development\Final Project\web-dev-final-project-aditya-sudhanva\client\src\App.js">
        <metrics statements="52" coveredstatements="30" conditionals="14" coveredconditionals="6" methods="12" coveredmethods="8"/>
        <line num="18" count="33" type="stmt"/>
        <line num="19" count="22" type="stmt"/>
        <line num="20" count="22" type="stmt"/>
        <line num="21" count="22" type="stmt"/>
        <line num="23" count="22" type="cond" truecount="2" falsecount="0"/>
        <line num="24" count="11" type="stmt"/>
        <line num="25" count="11" type="stmt"/>
        <line num="28" count="22" type="stmt"/>
        <line num="29" count="11" type="stmt"/>
        <line num="30" count="11" type="cond" truecount="1" falsecount="1"/>
        <line num="31" count="0" type="stmt"/>
        <line num="33" count="11" type="stmt"/>
        <line num="34" count="11" type="stmt"/>
        <line num="37" count="22" type="stmt"/>
        <line num="38" count="11" type="stmt"/>
        <line num="39" count="11" type="stmt"/>
        <line num="40" count="11" type="cond" truecount="1" falsecount="1"/>
        <line num="41" count="11" type="stmt"/>
        <line num="43" count="0" type="stmt"/>
        <line num="47" count="0" type="stmt"/>
        <line num="51" count="22" type="stmt"/>
        <line num="52" count="0" type="stmt"/>
        <line num="53" count="0" type="stmt"/>
        <line num="54" count="0" type="stmt"/>
        <line num="55" count="0" type="stmt"/>
        <line num="58" count="22" type="stmt"/>
        <line num="59" count="0" type="stmt"/>
        <line num="60" count="0" type="stmt"/>
        <line num="61" count="0" type="cond" truecount="0" falsecount="2"/>
        <line num="62" count="0" type="stmt"/>
        <line num="64" count="0" type="stmt"/>
        <line num="70" count="0" type="stmt"/>
        <line num="74" count="22" type="stmt"/>
        <line num="75" count="11" type="stmt"/>
        <line num="76" count="11" type="stmt"/>
        <line num="77" count="11" type="stmt"/>
        <line num="79" count="0" type="cond" truecount="0" falsecount="2"/>
        <line num="80" count="0" type="stmt"/>
        <line num="81" count="0" type="cond" truecount="0" falsecount="2"/>
        <line num="82" count="0" type="stmt"/>
        <line num="85" count="11" type="stmt"/>
        <line num="89" count="11" type="stmt"/>
        <line num="92" count="22" type="stmt"/>
        <line num="93" count="22" type="stmt"/>
        <line num="95" count="22" type="stmt"/>
        <line num="96" count="0" type="stmt"/>
        <line num="97" count="0" type="stmt"/>
        <line num="98" count="0" type="stmt"/>
        <line num="100" count="0" type="stmt"/>
        <line num="102" count="0" type="stmt"/>
        <line num="107" count="22" type="stmt"/>
        <line num="108" count="22" type="stmt"/>
      </file>
      <file name="index.js" path="D:\MS CS\CS 5610 Web Development\Final Project\web-dev-final-project-aditya-sudhanva\client\src\index.js">
        <metrics statements="2" coveredstatements="2" conditionals="0" coveredconditionals="0" methods="0" coveredmethods="0"/>
        <line num="6" count="11" type="stmt"/>
        <line num="7" count="11" type="stmt"/>
      </file>
    </package>
    <package name="src.components.header">
      <metrics statements="31" coveredstatements="17" conditionals="12" coveredconditionals="6" methods="10" coveredmethods="4"/>
      <file name="index.js" path="D:\MS CS\CS 5610 Web Development\Final Project\web-dev-final-project-aditya-sudhanva\client\src\components\header\index.js">
        <metrics statements="31" coveredstatements="17" conditionals="12" coveredconditionals="6" methods="10" coveredmethods="4"/>
        <line num="22" count="33" type="stmt"/>
        <line num="38" count="33" type="stmt"/>
        <line num="48" count="33" type="stmt"/>
        <line num="70" count="55" type="stmt"/>
        <line num="72" count="55" type="stmt"/>
        <line num="73" count="55" type="stmt"/>
        <line num="75" count="55" type="stmt"/>
        <line num="77" count="55" type="stmt"/>
        <line num="79" count="55" type="stmt"/>
        <line num="80" count="0" type="cond" truecount="0" falsecount="2"/>
        <line num="81" count="0" type="stmt"/>
        <line num="83" count="0" type="stmt"/>
        <line num="87" count="55" type="stmt"/>
        <line num="88" count="0" type="stmt"/>
        <line num="89" count="0" type="stmt"/>
        <line num="94" count="55" type="stmt"/>
        <line num="95" count="0" type="stmt"/>
        <line num="96" count="0" type="stmt"/>
        <line num="97" count="0" type="stmt"/>
        <line num="100" count="55" type="stmt"/>
        <line num="101" count="0" type="stmt"/>
        <line num="102" count="0" type="stmt"/>
        <line num="105" count="55" type="stmt"/>
        <line num="107" count="55" type="stmt"/>
        <line num="115" count="55" type="stmt"/>
        <line num="117" count="55" type="stmt"/>
        <line num="146" count="55" type="stmt"/>
        <line num="170" count="0" type="stmt"/>
        <line num="173" count="0" type="cond" truecount="0" falsecount="2"/>
        <line num="174" count="0" type="stmt"/>
        <line num="175" count="0" type="stmt"/>
      </file>
    </package>
    <package name="src.components.header.dropdown">
      <metrics statements="9" coveredstatements="7" conditionals="7" coveredconditionals="3" methods="4" coveredmethods="3"/>
      <file name="index.js" path="D:\MS CS\CS 5610 Web Development\Final Project\web-dev-final-project-aditya-sudhanva\client\src\components\header\dropdown\index.js">
        <metrics statements="9" coveredstatements="7" conditionals="7" coveredconditionals="3" methods="4" coveredmethods="3"/>
        <line num="4" count="55" type="stmt"/>
        <line num="5" count="55" type="stmt"/>
        <line num="6" count="11" type="stmt"/>
        <line num="7" count="38" type="cond" truecount="2" falsecount="3"/>
        <line num="8" count="0" type="stmt"/>
        <line num="12" count="11" type="stmt"/>
        <line num="13" count="11" type="stmt"/>
        <line num="14" count="0" type="stmt"/>
        <line num="18" count="55" type="stmt"/>
      </file>
    </package>
    <package name="src.components.loginPage">
      <metrics statements="42" coveredstatements="23" conditionals="27" coveredconditionals="6" methods="15" coveredmethods="7"/>
      <file name="LoginPage.js" path="D:\MS CS\CS 5610 Web Development\Final Project\web-dev-final-project-aditya-sudhanva\client\src\components\loginPage\LoginPage.js">
        <metrics statements="9" coveredstatements="4" conditionals="4" coveredconditionals="1" methods="4" coveredmethods="1"/>
        <line num="7" count="11" type="stmt"/>
        <line num="8" count="11" type="stmt"/>
        <line num="9" count="0" type="cond" truecount="0" falsecount="2"/>
        <line num="10" count="0" type="stmt"/>
        <line num="11" count="0" type="stmt"/>
        <line num="15" count="11" type="cond" truecount="1" falsecount="1"/>
        <line num="16" count="11" type="stmt"/>
        <line num="30" count="0" type="stmt"/>
        <line num="43" count="0" type="stmt"/>
      </file>
      <file name="SignIn.js" path="D:\MS CS\CS 5610 Web Development\Final Project\web-dev-final-project-aditya-sudhanva\client\src\components\loginPage\SignIn.js">
        <metrics statements="8" coveredstatements="8" conditionals="0" coveredconditionals="0" methods="3" coveredmethods="3"/>
        <line num="3" count="363" type="stmt"/>
        <line num="7" count="363" type="stmt"/>
        <line num="8" count="352" type="stmt"/>
        <line num="9" count="352" type="stmt"/>
        <line num="15" count="363" type="stmt"/>
        <line num="16" count="11" type="stmt"/>
        <line num="17" count="11" type="stmt"/>
        <line num="20" count="363" type="stmt"/>
      </file>
      <file name="SignUp.js" path="D:\MS CS\CS 5610 Web Development\Final Project\web-dev-final-project-aditya-sudhanva\client\src\components\loginPage\SignUp.js">
        <metrics statements="25" coveredstatements="11" conditionals="23" coveredconditionals="5" methods="8" coveredmethods="3"/>
        <line num="8" count="11" type="stmt"/>
        <line num="19" count="11" type="stmt"/>
        <line num="21" count="11" type="stmt"/>
        <line num="22" count="0" type="stmt"/>
        <line num="23" count="0" type="stmt"/>
        <line num="29" count="0" type="stmt"/>
        <line num="35" count="11" type="stmt"/>
        <line num="36" count="0" type="stmt"/>
        <line num="37" count="0" type="stmt"/>
        <line num="40" count="11" type="stmt"/>
        <line num="41" count="0" type="stmt"/>
        <line num="52" count="0" type="stmt"/>
        <line num="54" count="0" type="cond" truecount="0" falsecount="2"/>
        <line num="55" count="0" type="stmt"/>
        <line num="56" count="0" type="stmt"/>
        <line num="59" count="0" type="stmt"/>
        <line num="60" count="0" type="stmt"/>
        <line num="70" count="0" type="stmt"/>
        <line num="74" count="0" type="stmt"/>
        <line num="85" count="11" type="stmt"/>
        <line num="94" count="11" type="stmt"/>
        <line num="95" count="11" type="stmt"/>
        <line num="96" count="11" type="stmt"/>
        <line num="106" count="11" type="stmt"/>
        <line num="222" count="55" type="stmt"/>
      </file>
    </package>
    <package name="src.components.main">
      <metrics statements="106" coveredstatements="53" conditionals="19" coveredconditionals="5" methods="29" coveredmethods="9"/>
      <file name="index.js" path="D:\MS CS\CS 5610 Web Development\Final Project\web-dev-final-project-aditya-sudhanva\client\src\components\main\index.js">
        <metrics statements="106" coveredstatements="53" conditionals="19" coveredconditionals="5" methods="29" coveredmethods="9"/>
        <line num="7" count="11" type="stmt"/>
        <line num="8" count="11" type="stmt"/>
        <line num="9" count="11" type="stmt"/>
        <line num="10" count="11" type="stmt"/>
        <line num="11" count="11" type="stmt"/>
        <line num="12" count="11" type="stmt"/>
        <line num="13" count="11" type="stmt"/>
        <line num="14" count="11" type="stmt"/>
        <line num="15" count="11" type="stmt"/>
        <line num="16" count="11" type="stmt"/>
        <line num="17" count="11" type="stmt"/>
        <line num="19" count="11" type="stmt"/>
        <line num="20" count="22" type="stmt"/>
        <line num="26" count="11" type="stmt"/>
        <line num="33" count="33" type="stmt"/>
        <line num="34" count="33" type="stmt"/>
        <line num="35" count="33" type="stmt"/>
        <line num="36" count="33" type="stmt"/>
        <line num="37" count="33" type="stmt"/>
        <line num="38" count="33" type="stmt"/>
        <line num="39" count="33" type="stmt"/>
        <line num="41" count="33" type="stmt"/>
        <line num="42" count="11" type="stmt"/>
        <line num="43" count="11" type="stmt"/>
        <line num="45" count="33" type="stmt"/>
        <line num="46" count="0" type="stmt"/>
        <line num="47" count="0" type="stmt"/>
        <line num="48" count="0" type="stmt"/>
        <line num="51" count="33" type="stmt"/>
        <line num="52" count="0" type="stmt"/>
        <line num="53" count="0" type="stmt"/>
        <line num="56" count="33" type="stmt"/>
        <line num="57" count="0" type="stmt"/>
        <line num="60" count="33" type="stmt"/>
        <line num="61" count="0" type="stmt"/>
        <line num="62" count="0" type="stmt"/>
        <line num="63" count="0" type="stmt"/>
        <line num="65" count="33" type="stmt"/>
        <line num="66" count="11" type="stmt"/>
        <line num="67" count="11" type="stmt"/>
        <line num="69" count="33" type="cond" truecount="0" falsecount="1"/>
        <line num="70" count="0" type="stmt"/>
        <line num="71" count="0" type="stmt"/>
        <line num="72" count="0" type="stmt"/>
        <line num="75" count="33" type="stmt"/>
        <line num="76" count="0" type="stmt"/>
        <line num="77" count="0" type="stmt"/>
        <line num="80" count="33" type="stmt"/>
        <line num="81" count="0" type="stmt"/>
        <line num="82" count="0" type="stmt"/>
        <line num="85" count="33" type="stmt"/>
        <line num="86" count="0" type="stmt"/>
        <line num="87" count="0" type="stmt"/>
        <line num="90" count="33" type="stmt"/>
        <line num="91" count="0" type="stmt"/>
        <line num="94" count="33" type="stmt"/>
        <line num="95" count="0" type="stmt"/>
        <line num="98" count="33" type="stmt"/>
        <line num="99" count="0" type="stmt"/>
        <line num="102" count="33" type="stmt"/>
        <line num="103" count="0" type="stmt"/>
        <line num="106" count="33" type="stmt"/>
        <line num="107" count="0" type="stmt"/>
        <line num="110" count="33" type="stmt"/>
        <line num="116" count="22" type="stmt"/>
        <line num="132" count="33" type="cond" truecount="3" falsecount="10"/>
        <line num="134" count="11" type="stmt"/>
        <line num="135" count="11" type="stmt"/>
        <line num="139" count="11" type="stmt"/>
        <line num="142" count="0" type="stmt"/>
        <line num="143" count="0" type="stmt"/>
        <line num="146" count="0" type="stmt"/>
        <line num="149" count="0" type="stmt"/>
        <line num="150" count="0" type="stmt"/>
        <line num="151" count="0" type="stmt"/>
        <line num="155" count="0" type="stmt"/>
        <line num="156" count="0" type="stmt"/>
        <line num="157" count="0" type="stmt"/>
        <line num="161" count="0" type="stmt"/>
        <line num="162" count="0" type="stmt"/>
        <line num="169" count="0" type="stmt"/>
        <line num="172" count="11" type="stmt"/>
        <line num="173" count="11" type="stmt"/>
        <line num="182" count="11" type="stmt"/>
        <line num="186" count="0" type="stmt"/>
        <line num="187" count="0" type="stmt"/>
        <line num="194" count="0" type="stmt"/>
        <line num="198" count="0" type="stmt"/>
        <line num="199" count="0" type="stmt"/>
        <line num="205" count="0" type="stmt"/>
        <line num="208" count="0" type="stmt"/>
        <line num="209" count="0" type="stmt"/>
        <line num="216" count="0" type="stmt"/>
        <line num="220" count="0" type="stmt"/>
        <line num="221" count="0" type="stmt"/>
        <line num="228" count="0" type="stmt"/>
        <line num="232" count="11" type="stmt"/>
        <line num="233" count="11" type="stmt"/>
        <line num="238" count="11" type="stmt"/>
        <line num="242" count="0" type="stmt"/>
        <line num="243" count="0" type="stmt"/>
        <line num="248" count="0" type="stmt"/>
        <line num="251" count="0" type="stmt"/>
        <line num="252" count="0" type="stmt"/>
        <line num="257" count="0" type="stmt"/>
        <line num="260" count="33" type="stmt"/>
      </file>
    </package>
    <package name="src.components.main.answerPage">
      <metrics statements="13" coveredstatements="12" conditionals="11" coveredconditionals="8" methods="6" coveredmethods="4"/>
      <file name="index.js" path="D:\MS CS\CS 5610 Web Development\Final Project\web-dev-final-project-aditya-sudhanva\client\src\components\main\answerPage\index.js">
        <metrics statements="13" coveredstatements="12" conditionals="11" coveredconditionals="8" methods="6" coveredmethods="4"/>
        <line num="12" count="11" type="stmt"/>
        <line num="13" count="28" type="stmt"/>
        <line num="14" count="28" type="stmt"/>
        <line num="15" count="28" type="stmt"/>
        <line num="16" count="11" type="stmt"/>
        <line num="17" count="11" type="stmt"/>
        <line num="18" count="11" type="cond" truecount="1" falsecount="1"/>
        <line num="19" count="11" type="cond" truecount="1" falsecount="1"/>
        <line num="20" count="11" type="stmt"/>
        <line num="23" count="11" type="stmt"/>
        <line num="25" count="28" type="stmt"/>
        <line num="45" count="34" type="cond" truecount="1" falsecount="1"/>
        <line num="64" count="0" type="stmt"/>
      </file>
    </package>
    <package name="src.components.main.answerPage.answer">
      <metrics statements="67" coveredstatements="38" conditionals="48" coveredconditionals="22" methods="21" coveredmethods="9"/>
      <file name="index.js" path="D:\MS CS\CS 5610 Web Development\Final Project\web-dev-final-project-aditya-sudhanva\client\src\components\main\answerPage\answer\index.js">
        <metrics statements="67" coveredstatements="38" conditionals="48" coveredconditionals="22" methods="21" coveredmethods="9"/>
        <line num="26" count="11" type="stmt"/>
        <line num="36" count="60" type="stmt"/>
        <line num="37" count="60" type="stmt"/>
        <line num="38" count="60" type="stmt"/>
        <line num="39" count="60" type="stmt"/>
        <line num="40" count="60" type="stmt"/>
        <line num="41" count="60" type="stmt"/>
        <line num="42" count="60" type="stmt"/>
        <line num="44" count="60" type="stmt"/>
        <line num="45" count="60" type="cond" truecount="1" falsecount="1"/>
        <line num="46" count="60" type="stmt"/>
        <line num="49" count="60" type="stmt"/>
        <line num="50" count="22" type="stmt"/>
        <line num="51" count="22" type="stmt"/>
        <line num="52" count="22" type="stmt"/>
        <line num="53" count="22" type="cond" truecount="1" falsecount="1"/>
        <line num="54" count="22" type="stmt"/>
        <line num="56" count="22" type="cond" truecount="1" falsecount="1"/>
        <line num="57" count="0" type="stmt"/>
        <line num="59" count="22" type="stmt"/>
        <line num="61" count="22" type="cond" truecount="1" falsecount="1"/>
        <line num="62" count="0" type="stmt"/>
        <line num="64" count="22" type="stmt"/>
        <line num="67" count="22" type="stmt"/>
        <line num="70" count="60" type="stmt"/>
        <line num="71" count="0" type="cond" truecount="0" falsecount="2"/>
        <line num="72" count="0" type="stmt"/>
        <line num="79" count="0" type="stmt"/>
        <line num="80" count="0" type="stmt"/>
        <line num="81" count="0" type="stmt"/>
        <line num="84" count="60" type="stmt"/>
        <line num="85" count="2" type="cond" truecount="2" falsecount="2"/>
        <line num="86" count="0" type="stmt"/>
        <line num="87" count="0" type="stmt"/>
        <line num="88" count="0" type="stmt"/>
        <line num="89" count="2" type="cond" truecount="3" falsecount="1"/>
        <line num="90" count="0" type="stmt"/>
        <line num="91" count="0" type="stmt"/>
        <line num="92" count="0" type="stmt"/>
        <line num="93" count="0" type="stmt"/>
        <line num="94" count="2" type="cond" truecount="3" falsecount="1"/>
        <line num="95" count="2" type="stmt"/>
        <line num="96" count="2" type="stmt"/>
        <line num="97" count="2" type="stmt"/>
        <line num="100" count="60" type="stmt"/>
        <line num="101" count="2" type="cond" truecount="3" falsecount="1"/>
        <line num="102" count="2" type="stmt"/>
        <line num="103" count="2" type="stmt"/>
        <line num="104" count="2" type="stmt"/>
        <line num="105" count="0" type="cond" truecount="0" falsecount="4"/>
        <line num="106" count="0" type="stmt"/>
        <line num="107" count="0" type="stmt"/>
        <line num="108" count="0" type="stmt"/>
        <line num="109" count="0" type="stmt"/>
        <line num="110" count="0" type="cond" truecount="0" falsecount="4"/>
        <line num="111" count="0" type="stmt"/>
        <line num="112" count="0" type="stmt"/>
        <line num="113" count="0" type="stmt"/>
        <line num="116" count="60" type="stmt"/>
        <line num="132" count="2" type="stmt"/>
        <line num="149" count="2" type="stmt"/>
        <line num="165" count="0" type="stmt"/>
        <line num="184" count="0" type="stmt"/>
        <line num="201" count="0" type="stmt"/>
        <line num="210" count="0" type="stmt"/>
        <line num="221" count="0" type="stmt"/>
        <line num="229" count="0" type="stmt"/>
      </file>
    </package>
    <package name="src.components.main.answerPage.comments">
      <metrics statements="50" coveredstatements="41" conditionals="38" coveredconditionals="27" methods="16" coveredmethods="12"/>
      <file name="index.js" path="D:\MS CS\CS 5610 Web Development\Final Project\web-dev-final-project-aditya-sudhanva\client\src\components\main\answerPage\comments\index.js">
        <metrics statements="50" coveredstatements="41" conditionals="38" coveredconditionals="27" methods="16" coveredmethods="12"/>
        <line num="14" count="11" type="stmt"/>
        <line num="15" count="81" type="stmt"/>
        <line num="16" count="81" type="stmt"/>
        <line num="17" count="81" type="stmt"/>
        <line num="18" count="81" type="cond" truecount="1" falsecount="1"/>
        <line num="21" count="81" type="stmt"/>
        <line num="25" count="81" type="stmt"/>
        <line num="26" count="33" type="stmt"/>
        <line num="27" count="33" type="stmt"/>
        <line num="29" count="33" type="stmt"/>
        <line num="32" count="81" type="stmt"/>
        <line num="33" count="33" type="stmt"/>
        <line num="35" count="33" type="cond" truecount="2" falsecount="0"/>
        <line num="36" count="1" type="stmt"/>
        <line num="38" count="32" type="stmt"/>
        <line num="40" count="33" type="cond" truecount="1" falsecount="1"/>
        <line num="41" count="0" type="stmt"/>
        <line num="43" count="33" type="stmt"/>
        <line num="47" count="81" type="stmt"/>
        <line num="48" count="3" type="cond" truecount="2" falsecount="2"/>
        <line num="49" count="0" type="stmt"/>
        <line num="50" count="0" type="stmt"/>
        <line num="51" count="0" type="stmt"/>
        <line num="52" count="3" type="cond" truecount="4" falsecount="0"/>
        <line num="53" count="1" type="stmt"/>
        <line num="54" count="1" type="stmt"/>
        <line num="55" count="1" type="stmt"/>
        <line num="56" count="1" type="stmt"/>
        <line num="57" count="2" type="cond" truecount="3" falsecount="1"/>
        <line num="58" count="2" type="stmt"/>
        <line num="59" count="2" type="stmt"/>
        <line num="60" count="2" type="stmt"/>
        <line num="63" count="81" type="stmt"/>
        <line num="64" count="3" type="cond" truecount="4" falsecount="0"/>
        <line num="65" count="2" type="stmt"/>
        <line num="66" count="2" type="stmt"/>
        <line num="67" count="2" type="stmt"/>
        <line num="68" count="1" type="cond" truecount="3" falsecount="1"/>
        <line num="69" count="1" type="stmt"/>
        <line num="70" count="1" type="stmt"/>
        <line num="71" count="1" type="stmt"/>
        <line num="72" count="1" type="stmt"/>
        <line num="73" count="0" type="cond" truecount="0" falsecount="4"/>
        <line num="74" count="0" type="stmt"/>
        <line num="75" count="0" type="stmt"/>
        <line num="76" count="0" type="stmt"/>
        <line num="80" count="81" type="stmt"/>
        <line num="88" count="3" type="stmt"/>
        <line num="103" count="3" type="stmt"/>
        <line num="109" count="0" type="stmt"/>
      </file>
    </package>
    <package name="src.components.main.answerPage.header">
      <metrics statements="5" coveredstatements="5" conditionals="12" coveredconditionals="11" methods="2" coveredmethods="2"/>
      <file name="index.js" path="D:\MS CS\CS 5610 Web Development\Final Project\web-dev-final-project-aditya-sudhanva\client\src\components\main\answerPage\header\index.js">
        <metrics statements="5" coveredstatements="5" conditionals="12" coveredconditionals="11" methods="2" coveredmethods="2"/>
        <line num="12" count="11" type="stmt"/>
        <line num="13" count="88" type="stmt"/>
        <line num="21" count="22" type="stmt"/>
        <line num="25" count="22" type="cond" truecount="4" falsecount="0"/>
        <line num="27" count="22" type="stmt"/>
      </file>
    </package>
    <package name="src.components.main.answerPage.questionBody">
      <metrics statements="72" coveredstatements="47" conditionals="50" coveredconditionals="32" methods="22" coveredmethods="12"/>
      <file name="index.js" path="D:\MS CS\CS 5610 Web Development\Final Project\web-dev-final-project-aditya-sudhanva\client\src\components\main\answerPage\questionBody\index.js">
        <metrics statements="72" coveredstatements="47" conditionals="50" coveredconditionals="32" methods="22" coveredmethods="12"/>
        <line num="22" count="11" type="stmt"/>
        <line num="23" count="40" type="stmt"/>
        <line num="24" count="40" type="stmt"/>
        <line num="25" count="40" type="stmt"/>
        <line num="26" count="40" type="stmt"/>
        <line num="27" count="40" type="stmt"/>
        <line num="28" count="40" type="stmt"/>
        <line num="29" count="40" type="stmt"/>
        <line num="30" count="11" type="stmt"/>
        <line num="31" count="11" type="stmt"/>
        <line num="32" count="11" type="cond" truecount="1" falsecount="1"/>
        <line num="33" count="11" type="stmt"/>
        <line num="35" count="11" type="cond" truecount="1" falsecount="1"/>
        <line num="36" count="0" type="stmt"/>
        <line num="38" count="11" type="stmt"/>
        <line num="40" count="11" type="cond" truecount="1" falsecount="1"/>
        <line num="41" count="0" type="stmt"/>
        <line num="43" count="11" type="stmt"/>
        <line num="45" count="11" type="cond" truecount="1" falsecount="1"/>
        <line num="46" count="0" type="stmt"/>
        <line num="48" count="11" type="stmt"/>
        <line num="52" count="40" type="stmt"/>
        <line num="53" count="11" type="stmt"/>
        <line num="56" count="40" type="stmt"/>
        <line num="57" count="0" type="cond" truecount="0" falsecount="2"/>
        <line num="58" count="0" type="stmt"/>
        <line num="65" count="0" type="stmt"/>
        <line num="66" count="0" type="stmt"/>
        <line num="67" count="0" type="stmt"/>
        <line num="68" count="0" type="stmt"/>
        <line num="71" count="40" type="stmt"/>
        <line num="72" count="3" type="cond" truecount="2" falsecount="2"/>
        <line num="73" count="0" type="stmt"/>
        <line num="74" count="0" type="stmt"/>
        <line num="75" count="0" type="stmt"/>
        <line num="76" count="3" type="cond" truecount="4" falsecount="0"/>
        <line num="77" count="1" type="stmt"/>
        <line num="78" count="1" type="stmt"/>
        <line num="79" count="1" type="stmt"/>
        <line num="80" count="1" type="stmt"/>
        <line num="81" count="2" type="cond" truecount="3" falsecount="1"/>
        <line num="82" count="2" type="stmt"/>
        <line num="83" count="2" type="stmt"/>
        <line num="84" count="2" type="stmt"/>
        <line num="87" count="40" type="stmt"/>
        <line num="88" count="3" type="cond" truecount="4" falsecount="0"/>
        <line num="89" count="2" type="stmt"/>
        <line num="90" count="2" type="stmt"/>
        <line num="91" count="2" type="stmt"/>
        <line num="92" count="1" type="cond" truecount="3" falsecount="1"/>
        <line num="93" count="1" type="stmt"/>
        <line num="94" count="1" type="stmt"/>
        <line num="95" count="1" type="stmt"/>
        <line num="96" count="1" type="stmt"/>
        <line num="97" count="0" type="cond" truecount="0" falsecount="4"/>
        <line num="98" count="0" type="stmt"/>
        <line num="99" count="0" type="stmt"/>
        <line num="100" count="0" type="stmt"/>
        <line num="104" count="40" type="stmt"/>
        <line num="105" count="0" type="cond" truecount="0" falsecount="2"/>
        <line num="106" count="0" type="stmt"/>
        <line num="107" count="0" type="stmt"/>
        <line num="109" count="0" type="stmt"/>
        <line num="110" count="0" type="stmt"/>
        <line num="113" count="40" type="stmt"/>
        <line num="122" count="0" type="stmt"/>
        <line num="144" count="3" type="stmt"/>
        <line num="164" count="3" type="stmt"/>
        <line num="184" count="57" type="stmt"/>
        <line num="189" count="0" type="stmt"/>
        <line num="202" count="0" type="stmt"/>
        <line num="209" count="0" type="stmt"/>
      </file>
    </package>
    <package name="src.components.main.questionPage">
      <metrics statements="29" coveredstatements="20" conditionals="29" coveredconditionals="16" methods="7" coveredmethods="4"/>
      <file name="index.js" path="D:\MS CS\CS 5610 Web Development\Final Project\web-dev-final-project-aditya-sudhanva\client\src\components\main\questionPage\index.js">
        <metrics statements="29" coveredstatements="20" conditionals="29" coveredconditionals="16" methods="7" coveredmethods="4"/>
        <line num="15" count="11" type="stmt"/>
        <line num="28" count="44" type="stmt"/>
        <line num="29" count="44" type="stmt"/>
        <line num="30" count="44" type="stmt"/>
        <line num="32" count="44" type="stmt"/>
        <line num="33" count="22" type="stmt"/>
        <line num="35" count="22" type="cond" truecount="5" falsecount="0"/>
        <line num="36" count="11" type="cond" truecount="1" falsecount="1"/>
        <line num="37" count="0" type="stmt"/>
        <line num="39" count="11" type="stmt"/>
        <line num="42" count="11" type="cond" truecount="1" falsecount="1"/>
        <line num="43" count="11" type="cond" truecount="1" falsecount="1"/>
        <line num="44" count="0" type="stmt"/>
        <line num="46" count="11" type="stmt"/>
        <line num="48" count="0" type="cond" truecount="0" falsecount="2"/>
        <line num="49" count="0" type="stmt"/>
        <line num="50" count="0" type="cond" truecount="0" falsecount="2"/>
        <line num="51" count="0" type="stmt"/>
        <line num="54" count="22" type="cond" truecount="1" falsecount="1"/>
        <line num="55" count="22" type="stmt"/>
        <line num="56" count="22" type="stmt"/>
        <line num="58" count="22" type="stmt"/>
        <line num="68" count="44" type="stmt"/>
        <line num="69" count="0" type="stmt"/>
        <line num="70" count="0" type="stmt"/>
        <line num="73" count="44" type="stmt"/>
        <line num="74" count="0" type="stmt"/>
        <line num="81" count="44" type="stmt"/>
        <line num="95" count="220" type="stmt"/>
      </file>
    </package>
    <package name="src.components.main.questionPage.header">
      <metrics statements="5" coveredstatements="4" conditionals="4" coveredconditionals="3" methods="3" coveredmethods="2"/>
      <file name="index.js" path="D:\MS CS\CS 5610 Web Development\Final Project\web-dev-final-project-aditya-sudhanva\client\src\components\main\questionPage\header\index.js">
        <metrics statements="5" coveredstatements="4" conditionals="4" coveredconditionals="3" methods="3" coveredmethods="2"/>
        <line num="6" count="11" type="stmt"/>
        <line num="14" count="44" type="stmt"/>
        <line num="15" count="44" type="stmt"/>
        <line num="24" count="0" type="stmt"/>
        <line num="42" count="132" type="stmt"/>
      </file>
    </package>
    <package name="src.components.main.questionPage.header.orderButton">
      <metrics statements="4" coveredstatements="2" conditionals="2" coveredconditionals="2" methods="2" coveredmethods="1"/>
      <file name="index.js" path="D:\MS CS\CS 5610 Web Development\Final Project\web-dev-final-project-aditya-sudhanva\client\src\components\main\questionPage\header\orderButton\index.js">
        <metrics statements="4" coveredstatements="2" conditionals="2" coveredconditionals="2" methods="2" coveredmethods="1"/>
        <line num="4" count="11" type="stmt"/>
        <line num="10" count="132" type="stmt"/>
        <line num="17" count="0" type="stmt"/>
        <line num="18" count="0" type="stmt"/>
      </file>
    </package>
    <package name="src.components.main.questionPage.question">
      <metrics statements="9" coveredstatements="6" conditionals="8" coveredconditionals="5" methods="6" coveredmethods="4"/>
      <file name="QuestionStats.js" path="D:\MS CS\CS 5610 Web Development\Final Project\web-dev-final-project-aditya-sudhanva\client\src\components\main\questionPage\question\QuestionStats.js">
        <metrics statements="1" coveredstatements="1" conditionals="0" coveredconditionals="0" methods="1" coveredmethods="1"/>
        <line num="6" count="660" type="stmt"/>
      </file>
      <file name="index.js" path="D:\MS CS\CS 5610 Web Development\Final Project\web-dev-final-project-aditya-sudhanva\client\src\components\main\questionPage\question\index.js">
        <metrics statements="8" coveredstatements="5" conditionals="8" coveredconditionals="5" methods="5" coveredmethods="3"/>
        <line num="12" count="11" type="stmt"/>
        <line num="15" count="220" type="cond" truecount="1" falsecount="1"/>
        <line num="17" count="220" type="stmt"/>
        <line num="66" count="11" type="stmt"/>
        <line num="84" count="649" type="stmt"/>
        <line num="89" count="0" type="stmt"/>
        <line num="90" count="0" type="stmt"/>
        <line num="99" count="0" type="stmt"/>
      </file>
    </package>
    <package name="src.components.main.sideBarNav">
      <metrics statements="10" coveredstatements="4" conditionals="17" coveredconditionals="10" methods="8" coveredmethods="2"/>
      <file name="index.js" path="D:\MS CS\CS 5610 Web Development\Final Project\web-dev-final-project-aditya-sudhanva\client\src\components\main\sideBarNav\index.js">
        <metrics statements="10" coveredstatements="4" conditionals="17" coveredconditionals="10" methods="8" coveredmethods="2"/>
        <line num="11" count="11" type="stmt"/>
        <line num="23" count="53" type="stmt"/>
        <line num="31" count="53" type="stmt"/>
        <line num="50" count="0" type="stmt"/>
        <line num="72" count="11" type="stmt"/>
        <line num="94" count="0" type="stmt"/>
        <line num="116" count="0" type="stmt"/>
        <line num="138" count="0" type="stmt"/>
        <line num="160" count="0" type="stmt"/>
        <line num="186" count="0" type="stmt"/>
      </file>
    </package>
    <package name="src.services">
      <metrics statements="199" coveredstatements="96" conditionals="36" coveredconditionals="3" methods="44" coveredmethods="18"/>
      <file name="answerService.js" path="D:\MS CS\CS 5610 Web Development\Final Project\web-dev-final-project-aditya-sudhanva\client\src\services\answerService.js">
        <metrics statements="30" coveredstatements="17" conditionals="0" coveredconditionals="0" methods="8" coveredmethods="3"/>
        <line num="3" count="11" type="stmt"/>
        <line num="5" count="11" type="stmt"/>
        <line num="6" count="0" type="stmt"/>
        <line num="7" count="0" type="stmt"/>
        <line num="8" count="0" type="stmt"/>
        <line num="11" count="11" type="stmt"/>
        <line num="12" count="0" type="stmt"/>
        <line num="16" count="0" type="stmt"/>
        <line num="19" count="11" type="stmt"/>
        <line num="20" count="0" type="stmt"/>
        <line num="21" count="0" type="stmt"/>
        <line num="22" count="0" type="stmt"/>
        <line num="26" count="11" type="stmt"/>
        <line num="27" count="0" type="stmt"/>
        <line num="28" count="0" type="stmt"/>
        <line num="31" count="11" type="stmt"/>
        <line num="32" count="22" type="stmt"/>
        <line num="33" count="22" type="stmt"/>
        <line num="36" count="11" type="stmt"/>
        <line num="37" count="2" type="stmt"/>
        <line num="38" count="2" type="stmt"/>
        <line num="39" count="2" type="stmt"/>
        <line num="42" count="11" type="stmt"/>
        <line num="43" count="2" type="stmt"/>
        <line num="44" count="2" type="stmt"/>
        <line num="45" count="2" type="stmt"/>
        <line num="48" count="11" type="stmt"/>
        <line num="49" count="0" type="stmt"/>
        <line num="50" count="0" type="stmt"/>
        <line num="51" count="0" type="stmt"/>
      </file>
      <file name="commentService.js" path="D:\MS CS\CS 5610 Web Development\Final Project\web-dev-final-project-aditya-sudhanva\client\src\services\commentService.js">
        <metrics statements="13" coveredstatements="13" conditionals="0" coveredconditionals="0" methods="3" coveredmethods="3"/>
        <line num="3" count="11" type="stmt"/>
        <line num="5" count="11" type="stmt"/>
        <line num="6" count="2" type="stmt"/>
        <line num="7" count="2" type="stmt"/>
        <line num="8" count="2" type="stmt"/>
        <line num="11" count="11" type="stmt"/>
        <line num="12" count="2" type="stmt"/>
        <line num="13" count="2" type="stmt"/>
        <line num="14" count="2" type="stmt"/>
        <line num="17" count="11" type="stmt"/>
        <line num="18" count="2" type="stmt"/>
        <line num="19" count="2" type="stmt"/>
        <line num="20" count="2" type="stmt"/>
      </file>
      <file name="config.js" path="D:\MS CS\CS 5610 Web Development\Final Project\web-dev-final-project-aditya-sudhanva\client\src\services\config.js">
        <metrics statements="9" coveredstatements="9" conditionals="0" coveredconditionals="0" methods="2" coveredmethods="2"/>
        <line num="3" count="11" type="stmt"/>
        <line num="5" count="11" type="stmt"/>
        <line num="6" count="351" type="stmt"/>
        <line num="9" count="11" type="stmt"/>
        <line num="10" count="11" type="stmt"/>
        <line num="11" count="11" type="stmt"/>
        <line num="14" count="11" type="stmt"/>
        <line num="15" count="11" type="stmt"/>
        <line num="16" count="11" type="stmt"/>
      </file>
      <file name="questionService.js" path="D:\MS CS\CS 5610 Web Development\Final Project\web-dev-final-project-aditya-sudhanva\client\src\services\questionService.js">
        <metrics statements="52" coveredstatements="33" conditionals="6" coveredconditionals="0" methods="15" coveredmethods="7"/>
        <line num="3" count="11" type="stmt"/>
        <line num="5" count="11" type="stmt"/>
        <line num="10" count="11" type="stmt"/>
        <line num="14" count="11" type="stmt"/>
        <line num="17" count="11" type="stmt"/>
        <line num="18" count="11" type="stmt"/>
        <line num="20" count="11" type="stmt"/>
        <line num="23" count="11" type="stmt"/>
        <line num="24" count="0" type="stmt"/>
        <line num="26" count="0" type="stmt"/>
        <line num="29" count="11" type="stmt"/>
        <line num="34" count="11" type="stmt"/>
        <line num="37" count="11" type="stmt"/>
        <line num="40" count="11" type="stmt"/>
        <line num="41" count="0" type="stmt"/>
        <line num="42" count="0" type="stmt"/>
        <line num="45" count="11" type="stmt"/>
        <line num="46" count="0" type="stmt"/>
        <line num="47" count="0" type="stmt"/>
        <line num="50" count="11" type="stmt"/>
        <line num="51" count="0" type="stmt"/>
        <line num="55" count="0" type="stmt"/>
        <line num="58" count="11" type="stmt"/>
        <line num="59" count="0" type="stmt"/>
        <line num="60" count="0" type="stmt"/>
        <line num="61" count="0" type="stmt"/>
        <line num="64" count="11" type="stmt"/>
        <line num="65" count="2" type="stmt"/>
        <line num="66" count="2" type="stmt"/>
        <line num="67" count="2" type="stmt"/>
        <line num="70" count="11" type="stmt"/>
        <line num="71" count="2" type="stmt"/>
        <line num="72" count="2" type="stmt"/>
        <line num="73" count="2" type="stmt"/>
        <line num="76" count="11" type="stmt"/>
        <line num="77" count="2" type="stmt"/>
        <line num="78" count="2" type="stmt"/>
        <line num="79" count="2" type="stmt"/>
        <line num="82" count="11" type="stmt"/>
        <line num="83" count="11" type="stmt"/>
        <line num="84" count="11" type="stmt"/>
        <line num="87" count="11" type="stmt"/>
        <line num="88" count="0" type="stmt"/>
        <line num="89" count="0" type="stmt"/>
        <line num="90" count="0" type="stmt"/>
        <line num="93" count="11" type="stmt"/>
        <line num="94" count="0" type="stmt"/>
        <line num="95" count="0" type="stmt"/>
        <line num="96" count="0" type="stmt"/>
        <line num="98" count="11" type="stmt"/>
        <line num="99" count="0" type="stmt"/>
        <line num="100" count="0" type="stmt"/>
      </file>
      <file name="userService.js" path="D:\MS CS\CS 5610 Web Development\Final Project\web-dev-final-project-aditya-sudhanva\client\src\services\userService.js">
        <metrics statements="95" coveredstatements="24" conditionals="30" coveredconditionals="3" methods="16" coveredmethods="3"/>
        <line num="3" count="11" type="stmt"/>
        <line num="4" count="11" type="stmt"/>
        <line num="7" count="11" type="stmt"/>
        <line num="8" count="11" type="stmt"/>
        <line num="9" count="11" type="stmt"/>
        <line num="13" count="11" type="cond" truecount="3" falsecount="1"/>
        <line num="14" count="0" type="cond" truecount="0" falsecount="2"/>
        <line num="15" count="0" type="stmt"/>
        <line num="18" count="11" type="stmt"/>
        <line num="20" count="0" type="stmt"/>
        <line num="24" count="11" type="stmt"/>
        <line num="25" count="0" type="stmt"/>
        <line num="26" count="0" type="stmt"/>
        <line num="27" count="0" type="stmt"/>
        <line num="29" count="0" type="stmt"/>
        <line num="30" count="0" type="cond" truecount="0" falsecount="2"/>
        <line num="31" count="0" type="stmt"/>
        <line num="32" count="0" type="stmt"/>
        <line num="36" count="0" type="stmt"/>
        <line num="38" count="0" type="stmt"/>
        <line num="44" count="0" type="stmt"/>
        <line num="48" count="0" type="cond" truecount="0" falsecount="4"/>
        <line num="49" count="0" type="cond" truecount="0" falsecount="2"/>
        <line num="52" count="0" type="stmt"/>
        <line num="56" count="0" type="stmt"/>
        <line num="58" count="0" type="stmt"/>
        <line num="59" count="0" type="stmt"/>
        <line num="63" count="11" type="stmt"/>
        <line num="64" count="0" type="stmt"/>
        <line num="65" count="0" type="stmt"/>
        <line num="67" count="0" type="stmt"/>
        <line num="68" count="0" type="stmt"/>
        <line num="70" count="0" type="stmt"/>
        <line num="71" count="0" type="stmt"/>
        <line num="72" count="0" type="stmt"/>
        <line num="74" count="0" type="cond" truecount="0" falsecount="4"/>
        <line num="75" count="0" type="stmt"/>
        <line num="76" count="0" type="stmt"/>
        <line num="77" count="0" type="stmt"/>
        <line num="79" count="0" type="stmt"/>
        <line num="80" count="0" type="stmt"/>
        <line num="81" count="0" type="stmt"/>
        <line num="82" count="0" type="stmt"/>
        <line num="83" count="0" type="stmt"/>
        <line num="84" count="0" type="stmt"/>
        <line num="85" count="0" type="stmt"/>
        <line num="86" count="0" type="stmt"/>
        <line num="87" count="0" type="stmt"/>
        <line num="88" count="0" type="stmt"/>
        <line num="89" count="0" type="stmt"/>
        <line num="91" count="0" type="stmt"/>
        <line num="92" count="0" type="stmt"/>
        <line num="94" count="0" type="stmt"/>
        <line num="95" count="0" type="stmt"/>
        <line num="99" count="11" type="stmt"/>
        <line num="100" count="11" type="stmt"/>
        <line num="101" count="11" type="stmt"/>
        <line num="102" count="11" type="stmt"/>
        <line num="104" count="0" type="cond" truecount="0" falsecount="2"/>
        <line num="105" count="0" type="cond" truecount="0" falsecount="2"/>
        <line num="106" count="0" type="stmt"/>
        <line num="107" count="0" type="cond" truecount="0" falsecount="2"/>
        <line num="108" count="0" type="stmt"/>
        <line num="110" count="0" type="stmt"/>
        <line num="113" count="0" type="stmt"/>
        <line num="116" count="0" type="stmt"/>
        <line num="119" count="11" type="stmt"/>
        <line num="120" count="11" type="stmt"/>
        <line num="124" count="11" type="stmt"/>
        <line num="125" count="0" type="stmt"/>
        <line num="126" count="0" type="stmt"/>
        <line num="127" count="0" type="cond" truecount="0" falsecount="2"/>
        <line num="128" count="0" type="stmt"/>
        <line num="129" count="0" type="cond" truecount="0" falsecount="2"/>
        <line num="130" count="0" type="stmt"/>
        <line num="132" count="0" type="stmt"/>
        <line num="135" count="0" type="stmt"/>
        <line num="136" count="0" type="stmt"/>
        <line num="140" count="11" type="stmt"/>
        <line num="142" count="0" type="stmt"/>
        <line num="147" count="11" type="stmt"/>
        <line num="148" count="0" type="stmt"/>
        <line num="149" count="0" type="stmt"/>
        <line num="152" count="11" type="stmt"/>
        <line num="153" count="0" type="stmt"/>
        <line num="156" count="0" type="stmt"/>
        <line num="159" count="11" type="stmt"/>
        <line num="160" count="77" type="stmt"/>
        <line num="161" count="77" type="stmt"/>
        <line num="164" count="11" type="stmt"/>
        <line num="165" count="0" type="stmt"/>
        <line num="168" count="0" type="stmt"/>
        <line num="171" count="11" type="cond" truecount="0" falsecount="2"/>
        <line num="172" count="0" type="stmt"/>
        <line num="175" count="0" type="stmt"/>
      </file>
    </package>
    <package name="src.tool">
      <metrics statements="34" coveredstatements="20" conditionals="19" coveredconditionals="8" methods="4" coveredmethods="3"/>
      <file name="index.js" path="D:\MS CS\CS 5610 Web Development\Final Project\web-dev-final-project-aditya-sudhanva\client\src\tool\index.js">
        <metrics statements="34" coveredstatements="20" conditionals="19" coveredconditionals="8" methods="4" coveredmethods="3"/>
        <line num="1" count="11" type="stmt"/>
        <line num="16" count="11" type="stmt"/>
        <line num="17" count="282" type="stmt"/>
        <line num="18" count="282" type="stmt"/>
        <line num="20" count="282" type="cond" truecount="1" falsecount="1"/>
        <line num="21" count="0" type="stmt"/>
        <line num="22" count="282" type="cond" truecount="1" falsecount="1"/>
        <line num="23" count="0" type="stmt"/>
        <line num="24" count="282" type="cond" truecount="1" falsecount="1"/>
        <line num="25" count="0" type="stmt"/>
        <line num="26" count="0" type="stmt"/>
        <line num="27" count="282" type="cond" truecount="2" falsecount="0"/>
        <line num="28" count="227" type="stmt"/>
        <line num="36" count="55" type="stmt"/>
        <line num="48" count="11" type="stmt"/>
        <line num="49" count="282" type="stmt"/>
        <line num="50" count="282" type="cond" truecount="2" falsecount="0"/>
        <line num="51" count="77" type="stmt"/>
        <line num="53" count="282" type="stmt"/>
        <line num="56" count="11" type="stmt"/>
        <line num="57" count="0" type="stmt"/>
        <line num="58" count="0" type="stmt"/>
        <line num="61" count="0" type="stmt"/>
        <line num="64" count="0" type="cond" truecount="0" falsecount="2"/>
        <line num="65" count="0" type="stmt"/>
        <line num="70" count="0" type="stmt"/>
        <line num="71" count="0" type="cond" truecount="0" falsecount="2"/>
        <line num="77" count="0" type="stmt"/>
        <line num="78" count="0" type="stmt"/>
        <line num="82" count="0" type="stmt"/>
        <line num="85" count="11" type="cond" truecount="1" falsecount="0"/>
        <line num="86" count="100" type="stmt"/>
        <line num="88" count="100" type="stmt"/>
        <line num="93" count="100" type="stmt"/>
      </file>
    </package>
  </project>
</coverage>
