{"D:\\MS CS\\CS 5610 Web Development\\Final Project\\web-dev-final-project-aditya-sudhanva\\client\\src\\App.js": {"path":"D:\\MS CS\\CS 5610 Web Development\\Final Project\\web-dev-final-project-aditya-sudhanva\\client\\src\\App.js","statementMap":{"0":{"start":{"line":18,"column":34},"end":{"line":18,"column":49}},"1":{"start":{"line":19,"column":40},"end":{"line":19,"column":54}},"2":{"start":{"line":20,"column":30},"end":{"line":20,"column":42}},"3":{"start":{"line":21,"column":36},"end":{"line":21,"column":61}},"4":{"start":{"line":23,"column":26},"end":{"line":26,"column":3}},"5":{"start":{"line":24,"column":4},"end":{"line":24,"column":22}},"6":{"start":{"line":25,"column":4},"end":{"line":25,"column":24}},"7":{"start":{"line":28,"column":21},"end":{"line":35,"column":3}},"8":{"start":{"line":29,"column":17},"end":{"line":29,"column":39}},"9":{"start":{"line":30,"column":4},"end":{"line":32,"column":5}},"10":{"start":{"line":31,"column":6},"end":{"line":31,"column":13}},"11":{"start":{"line":33,"column":4},"end":{"line":33,"column":25}},"12":{"start":{"line":34,"column":4},"end":{"line":34,"column":22}},"13":{"start":{"line":37,"column":22},"end":{"line":49,"column":3}},"14":{"start":{"line":38,"column":4},"end":{"line":48,"column":5}},"15":{"start":{"line":39,"column":6},"end":{"line":45,"column":9}},"16":{"start":{"line":40,"column":8},"end":{"line":44,"column":9}},"17":{"start":{"line":41,"column":10},"end":{"line":41,"column":23}},"18":{"start":{"line":43,"column":10},"end":{"line":43,"column":75}},"19":{"start":{"line":47,"column":6},"end":{"line":47,"column":27}},"20":{"start":{"line":51,"column":23},"end":{"line":56,"column":3}},"21":{"start":{"line":52,"column":4},"end":{"line":52,"column":23}},"22":{"start":{"line":53,"column":4},"end":{"line":53,"column":25}},"23":{"start":{"line":54,"column":4},"end":{"line":54,"column":23}},"24":{"start":{"line":55,"column":4},"end":{"line":55,"column":75}},"25":{"start":{"line":58,"column":29},"end":{"line":72,"column":3}},"26":{"start":{"line":59,"column":4},"end":{"line":71,"column":5}},"27":{"start":{"line":60,"column":6},"end":{"line":68,"column":9}},"28":{"start":{"line":61,"column":8},"end":{"line":67,"column":9}},"29":{"start":{"line":62,"column":10},"end":{"line":62,"column":86}},"30":{"start":{"line":64,"column":10},"end":{"line":66,"column":12}},"31":{"start":{"line":70,"column":6},"end":{"line":70,"column":27}},"32":{"start":{"line":74,"column":2},"end":{"line":90,"column":9}},"33":{"start":{"line":75,"column":31},"end":{"line":87,"column":5}},"34":{"start":{"line":76,"column":6},"end":{"line":86,"column":7}},"35":{"start":{"line":77,"column":27},"end":{"line":77,"column":47}},"36":{"start":{"line":79,"column":8},"end":{"line":83,"column":9}},"37":{"start":{"line":80,"column":10},"end":{"line":80,"column":23}},"38":{"start":{"line":81,"column":15},"end":{"line":83,"column":9}},"39":{"start":{"line":82,"column":10},"end":{"line":82,"column":73}},"40":{"start":{"line":85,"column":8},"end":{"line":85,"column":29}},"41":{"start":{"line":89,"column":4},"end":{"line":89,"column":25}},"42":{"start":{"line":92,"column":41},"end":{"line":105,"column":3}},"43":{"start":{"line":93,"column":29},"end":{"line":93,"column":44}},"44":{"start":{"line":95,"column":4},"end":{"line":104,"column":25}},"45":{"start":{"line":96,"column":6},"end":{"line":103,"column":7}},"46":{"start":{"line":97,"column":8},"end":{"line":97,"column":29}},"47":{"start":{"line":98,"column":8},"end":{"line":98,"column":41}},"48":{"start":{"line":100,"column":8},"end":{"line":100,"column":64}},"49":{"start":{"line":102,"column":8},"end":{"line":102,"column":41}},"50":{"start":{"line":107,"column":2},"end":{"line":107,"column":35}},"51":{"start":{"line":108,"column":2},"end":{"line":141,"column":4}}},"fnMap":{"0":{"name":"App","decl":{"start":{"line":17,"column":9},"end":{"line":17,"column":12}},"loc":{"start":{"line":17,"column":15},"end":{"line":142,"column":1}},"line":17},"1":{"name":"(anonymous_1)","decl":{"start":{"line":23,"column":26},"end":{"line":23,"column":27}},"loc":{"start":{"line":23,"column":68},"end":{"line":26,"column":3}},"line":23},"2":{"name":"(anonymous_2)","decl":{"start":{"line":28,"column":21},"end":{"line":28,"column":22}},"loc":{"start":{"line":28,"column":33},"end":{"line":35,"column":3}},"line":28},"3":{"name":"(anonymous_3)","decl":{"start":{"line":37,"column":22},"end":{"line":37,"column":23}},"loc":{"start":{"line":37,"column":39},"end":{"line":49,"column":3}},"line":37},"4":{"name":"(anonymous_4)","decl":{"start":{"line":39,"column":50},"end":{"line":39,"column":51}},"loc":{"start":{"line":39,"column":62},"end":{"line":45,"column":7}},"line":39},"5":{"name":"(anonymous_5)","decl":{"start":{"line":51,"column":23},"end":{"line":51,"column":24}},"loc":{"start":{"line":51,"column":35},"end":{"line":56,"column":3}},"line":51},"6":{"name":"(anonymous_6)","decl":{"start":{"line":58,"column":29},"end":{"line":58,"column":30}},"loc":{"start":{"line":58,"column":49},"end":{"line":72,"column":3}},"line":58},"7":{"name":"(anonymous_7)","decl":{"start":{"line":60,"column":34},"end":{"line":60,"column":35}},"loc":{"start":{"line":60,"column":46},"end":{"line":68,"column":7}},"line":60},"8":{"name":"(anonymous_8)","decl":{"start":{"line":74,"column":12},"end":{"line":74,"column":13}},"loc":{"start":{"line":74,"column":18},"end":{"line":90,"column":3}},"line":74},"9":{"name":"(anonymous_9)","decl":{"start":{"line":75,"column":31},"end":{"line":75,"column":32}},"loc":{"start":{"line":75,"column":43},"end":{"line":87,"column":5}},"line":75},"10":{"name":"(anonymous_10)","decl":{"start":{"line":92,"column":41},"end":{"line":92,"column":42}},"loc":{"start":{"line":92,"column":47},"end":{"line":105,"column":3}},"line":92},"11":{"name":"(anonymous_11)","decl":{"start":{"line":95,"column":15},"end":{"line":95,"column":16}},"loc":{"start":{"line":95,"column":27},"end":{"line":104,"column":5}},"line":95}},"branchMap":{"0":{"loc":{"start":{"line":23,"column":27},"end":{"line":23,"column":38}},"type":"default-arg","locations":[{"start":{"line":23,"column":36},"end":{"line":23,"column":38}}],"line":23},"1":{"loc":{"start":{"line":23,"column":40},"end":{"line":23,"column":63}},"type":"default-arg","locations":[{"start":{"line":23,"column":48},"end":{"line":23,"column":63}}],"line":23},"2":{"loc":{"start":{"line":30,"column":4},"end":{"line":32,"column":5}},"type":"if","locations":[{"start":{"line":30,"column":4},"end":{"line":32,"column":5}},{"start":{"line":30,"column":4},"end":{"line":32,"column":5}}],"line":30},"3":{"loc":{"start":{"line":40,"column":8},"end":{"line":44,"column":9}},"type":"if","locations":[{"start":{"line":40,"column":8},"end":{"line":44,"column":9}},{"start":{"line":40,"column":8},"end":{"line":44,"column":9}}],"line":40},"4":{"loc":{"start":{"line":61,"column":8},"end":{"line":67,"column":9}},"type":"if","locations":[{"start":{"line":61,"column":8},"end":{"line":67,"column":9}},{"start":{"line":61,"column":8},"end":{"line":67,"column":9}}],"line":61},"5":{"loc":{"start":{"line":79,"column":8},"end":{"line":83,"column":9}},"type":"if","locations":[{"start":{"line":79,"column":8},"end":{"line":83,"column":9}},{"start":{"line":79,"column":8},"end":{"line":83,"column":9}}],"line":79},"6":{"loc":{"start":{"line":81,"column":15},"end":{"line":83,"column":9}},"type":"if","locations":[{"start":{"line":81,"column":15},"end":{"line":83,"column":9}},{"start":{"line":81,"column":15},"end":{"line":83,"column":9}}],"line":81},"7":{"loc":{"start":{"line":111,"column":9},"end":{"line":126,"column":9}},"type":"cond-expr","locations":[{"start":{"line":112,"column":10},"end":{"line":120,"column":13}},{"start":{"line":122,"column":10},"end":{"line":125,"column":12}}],"line":111}},"s":{"0":33,"1":22,"2":22,"3":22,"4":22,"5":11,"6":11,"7":22,"8":11,"9":11,"10":0,"11":11,"12":11,"13":22,"14":11,"15":11,"16":11,"17":11,"18":0,"19":0,"20":22,"21":0,"22":0,"23":0,"24":0,"25":22,"26":0,"27":0,"28":0,"29":0,"30":0,"31":0,"32":22,"33":11,"34":11,"35":11,"36":0,"37":0,"38":0,"39":0,"40":11,"41":11,"42":22,"43":22,"44":22,"45":0,"46":0,"47":0,"48":0,"49":0,"50":22,"51":22},"f":{"0":33,"1":11,"2":11,"3":11,"4":11,"5":0,"6":0,"7":0,"8":11,"9":11,"10":22,"11":0},"b":{"0":[11],"1":[11],"2":[0,11],"3":[11,0],"4":[0,0],"5":[0,0],"6":[0,0],"7":[11,11]},"_coverageSchema":"1a1c01bbd47fc00a2c39e90264f33305004495a9","hash":"d41ad3e9b42ee44c139c5ec4f84d218ce0c1a4ff"}
,"D:\\MS CS\\CS 5610 Web Development\\Final Project\\web-dev-final-project-aditya-sudhanva\\client\\src\\index.js": {"path":"D:\\MS CS\\CS 5610 Web Development\\Final Project\\web-dev-final-project-aditya-sudhanva\\client\\src\\index.js","statementMap":{"0":{"start":{"line":6,"column":13},"end":{"line":6,"column":65}},"1":{"start":{"line":7,"column":0},"end":{"line":7,"column":21}}},"fnMap":{},"branchMap":{},"s":{"0":11,"1":11},"f":{},"b":{},"_coverageSchema":"1a1c01bbd47fc00a2c39e90264f33305004495a9","hash":"950242264858055dc00f67fcf9a078544236e062"}
,"D:\\MS CS\\CS 5610 Web Development\\Final Project\\web-dev-final-project-aditya-sudhanva\\client\\src\\components\\header\\index.js": {"path":"D:\\MS CS\\CS 5610 Web Development\\Final Project\\web-dev-final-project-aditya-sudhanva\\client\\src\\components\\header\\index.js","statementMap":{"0":{"start":{"line":22,"column":15},"end":{"line":36,"column":3}},"1":{"start":{"line":22,"column":45},"end":{"line":36,"column":1}},"2":{"start":{"line":38,"column":26},"end":{"line":46,"column":3}},"3":{"start":{"line":38,"column":56},"end":{"line":46,"column":1}},"4":{"start":{"line":48,"column":24},"end":{"line":59,"column":3}},"5":{"start":{"line":48,"column":58},"end":{"line":59,"column":1}},"6":{"start":{"line":70,"column":54},"end":{"line":70,"column":74}},"7":{"start":{"line":72,"column":34},"end":{"line":72,"column":54}},"8":{"start":{"line":73,"column":36},"end":{"line":73,"column":58}},"9":{"start":{"line":75,"column":36},"end":{"line":75,"column":57}},"10":{"start":{"line":77,"column":27},"end":{"line":77,"column":54}},"11":{"start":{"line":79,"column":32},"end":{"line":85,"column":3}},"12":{"start":{"line":80,"column":4},"end":{"line":84,"column":5}},"13":{"start":{"line":81,"column":6},"end":{"line":81,"column":25}},"14":{"start":{"line":83,"column":6},"end":{"line":83,"column":24}},"15":{"start":{"line":87,"column":32},"end":{"line":91,"column":3}},"16":{"start":{"line":88,"column":4},"end":{"line":88,"column":32}},"17":{"start":{"line":89,"column":4},"end":{"line":89,"column":23}},"18":{"start":{"line":94,"column":35},"end":{"line":98,"column":3}},"19":{"start":{"line":95,"column":4},"end":{"line":95,"column":22}},"20":{"start":{"line":96,"column":4},"end":{"line":96,"column":28}},"21":{"start":{"line":97,"column":4},"end":{"line":97,"column":20}},"22":{"start":{"line":100,"column":31},"end":{"line":103,"column":3}},"23":{"start":{"line":101,"column":4},"end":{"line":101,"column":47}},"24":{"start":{"line":102,"column":4},"end":{"line":102,"column":22}},"25":{"start":{"line":105,"column":17},"end":{"line":105,"column":46}},"26":{"start":{"line":107,"column":4},"end":{"line":112,"column":14}},"27":{"start":{"line":115,"column":23},"end":{"line":115,"column":59}},"28":{"start":{"line":117,"column":4},"end":{"line":144,"column":11}},"29":{"start":{"line":146,"column":2},"end":{"line":248,"column":4}},"30":{"start":{"line":170,"column":18},"end":{"line":170,"column":47}},"31":{"start":{"line":173,"column":18},"end":{"line":176,"column":19}},"32":{"start":{"line":174,"column":20},"end":{"line":174,"column":39}},"33":{"start":{"line":175,"column":20},"end":{"line":175,"column":70}}},"fnMap":{"0":{"name":"(anonymous_0)","decl":{"start":{"line":22,"column":29},"end":{"line":22,"column":30}},"loc":{"start":{"line":22,"column":45},"end":{"line":36,"column":1}},"line":22},"1":{"name":"(anonymous_1)","decl":{"start":{"line":38,"column":40},"end":{"line":38,"column":41}},"loc":{"start":{"line":38,"column":56},"end":{"line":46,"column":1}},"line":38},"2":{"name":"(anonymous_2)","decl":{"start":{"line":48,"column":42},"end":{"line":48,"column":43}},"loc":{"start":{"line":48,"column":58},"end":{"line":59,"column":1}},"line":48},"3":{"name":"Header","decl":{"start":{"line":61,"column":24},"end":{"line":61,"column":30}},"loc":{"start":{"line":69,"column":3},"end":{"line":249,"column":1}},"line":69},"4":{"name":"(anonymous_4)","decl":{"start":{"line":79,"column":32},"end":{"line":79,"column":33}},"loc":{"start":{"line":79,"column":38},"end":{"line":85,"column":3}},"line":79},"5":{"name":"(anonymous_5)","decl":{"start":{"line":87,"column":32},"end":{"line":87,"column":33}},"loc":{"start":{"line":87,"column":38},"end":{"line":91,"column":3}},"line":87},"6":{"name":"(anonymous_6)","decl":{"start":{"line":94,"column":35},"end":{"line":94,"column":36}},"loc":{"start":{"line":94,"column":41},"end":{"line":98,"column":3}},"line":94},"7":{"name":"(anonymous_7)","decl":{"start":{"line":100,"column":31},"end":{"line":100,"column":32}},"loc":{"start":{"line":100,"column":42},"end":{"line":103,"column":3}},"line":100},"8":{"name":"(anonymous_8)","decl":{"start":{"line":169,"column":26},"end":{"line":169,"column":27}},"loc":{"start":{"line":169,"column":33},"end":{"line":171,"column":17}},"line":169},"9":{"name":"(anonymous_9)","decl":{"start":{"line":172,"column":27},"end":{"line":172,"column":28}},"loc":{"start":{"line":172,"column":34},"end":{"line":177,"column":17}},"line":172}},"branchMap":{"0":{"loc":{"start":{"line":80,"column":4},"end":{"line":84,"column":5}},"type":"if","locations":[{"start":{"line":80,"column":4},"end":{"line":84,"column":5}},{"start":{"line":80,"column":4},"end":{"line":84,"column":5}}],"line":80},"1":{"loc":{"start":{"line":159,"column":11},"end":{"line":182,"column":11}},"type":"cond-expr","locations":[{"start":{"line":160,"column":12},"end":{"line":179,"column":21}},{"start":{"line":181,"column":12},"end":{"line":181,"column":17}}],"line":159},"2":{"loc":{"start":{"line":159,"column":11},"end":{"line":159,"column":47}},"type":"binary-expr","locations":[{"start":{"line":159,"column":11},"end":{"line":159,"column":25}},{"start":{"line":159,"column":29},"end":{"line":159,"column":47}}],"line":159},"3":{"loc":{"start":{"line":173,"column":18},"end":{"line":176,"column":19}},"type":"if","locations":[{"start":{"line":173,"column":18},"end":{"line":176,"column":19}},{"start":{"line":173,"column":18},"end":{"line":176,"column":19}}],"line":173},"4":{"loc":{"start":{"line":185,"column":13},"end":{"line":228,"column":13}},"type":"cond-expr","locations":[{"start":{"line":186,"column":14},"end":{"line":203,"column":17}},{"start":{"line":205,"column":14},"end":{"line":227,"column":17}}],"line":185},"5":{"loc":{"start":{"line":197,"column":19},"end":{"line":201,"column":19}},"type":"cond-expr","locations":[{"start":{"line":198,"column":20},"end":{"line":198,"column":48}},{"start":{"line":200,"column":20},"end":{"line":200,"column":46}}],"line":197}},"s":{"0":11,"1":33,"2":11,"3":33,"4":11,"5":33,"6":55,"7":55,"8":55,"9":55,"10":55,"11":55,"12":0,"13":0,"14":0,"15":55,"16":0,"17":0,"18":55,"19":0,"20":0,"21":0,"22":55,"23":0,"24":0,"25":55,"26":55,"27":55,"28":55,"29":55,"30":0,"31":0,"32":0,"33":0},"f":{"0":33,"1":33,"2":33,"3":55,"4":0,"5":0,"6":0,"7":0,"8":0,"9":0},"b":{"0":[0,0],"1":[33,22],"2":[55,44],"3":[0,0],"4":[55,0],"5":[55,0]},"_coverageSchema":"1a1c01bbd47fc00a2c39e90264f33305004495a9","hash":"bf5f37d9296f679d6e2aa87acff1a3a290d2abfe"}
,"D:\\MS CS\\CS 5610 Web Development\\Final Project\\web-dev-final-project-aditya-sudhanva\\client\\src\\components\\header\\dropdown\\index.js": {"path":"D:\\MS CS\\CS 5610 Web Development\\Final Project\\web-dev-final-project-aditya-sudhanva\\client\\src\\components\\header\\dropdown\\index.js","statementMap":{"0":{"start":{"line":4,"column":18},"end":{"line":4,"column":30}},"1":{"start":{"line":5,"column":2},"end":{"line":16,"column":16}},"2":{"start":{"line":6,"column":31},"end":{"line":10,"column":5}},"3":{"start":{"line":7,"column":6},"end":{"line":9,"column":7}},"4":{"start":{"line":8,"column":8},"end":{"line":8,"column":27}},"5":{"start":{"line":12,"column":4},"end":{"line":12,"column":63}},"6":{"start":{"line":13,"column":4},"end":{"line":15,"column":6}},"7":{"start":{"line":14,"column":6},"end":{"line":14,"column":68}},"8":{"start":{"line":18,"column":2},"end":{"line":44,"column":4}}},"fnMap":{"0":{"name":"DropdownMenu","decl":{"start":{"line":3,"column":24},"end":{"line":3,"column":36}},"loc":{"start":{"line":3,"column":108},"end":{"line":45,"column":1}},"line":3},"1":{"name":"(anonymous_1)","decl":{"start":{"line":5,"column":12},"end":{"line":5,"column":13}},"loc":{"start":{"line":5,"column":18},"end":{"line":16,"column":3}},"line":5},"2":{"name":"(anonymous_2)","decl":{"start":{"line":6,"column":31},"end":{"line":6,"column":32}},"loc":{"start":{"line":6,"column":42},"end":{"line":10,"column":5}},"line":6},"3":{"name":"(anonymous_3)","decl":{"start":{"line":13,"column":11},"end":{"line":13,"column":12}},"loc":{"start":{"line":13,"column":17},"end":{"line":15,"column":5}},"line":13}},"branchMap":{"0":{"loc":{"start":{"line":7,"column":6},"end":{"line":9,"column":7}},"type":"if","locations":[{"start":{"line":7,"column":6},"end":{"line":9,"column":7}},{"start":{"line":7,"column":6},"end":{"line":9,"column":7}}],"line":7},"1":{"loc":{"start":{"line":7,"column":10},"end":{"line":7,"column":102}},"type":"binary-expr","locations":[{"start":{"line":7,"column":10},"end":{"line":7,"column":25}},{"start":{"line":7,"column":29},"end":{"line":7,"column":68}},{"start":{"line":7,"column":72},"end":{"line":7,"column":102}}],"line":7},"2":{"loc":{"start":{"line":20,"column":7},"end":{"line":42,"column":7}},"type":"binary-expr","locations":[{"start":{"line":20,"column":7},"end":{"line":20,"column":19}},{"start":{"line":21,"column":8},"end":{"line":41,"column":14}}],"line":20}},"s":{"0":55,"1":55,"2":11,"3":38,"4":0,"5":11,"6":11,"7":0,"8":55},"f":{"0":55,"1":11,"2":38,"3":0},"b":{"0":[0,38],"1":[38,0,0],"2":[55,0]},"_coverageSchema":"1a1c01bbd47fc00a2c39e90264f33305004495a9","hash":"4c0acf5f7df5cdcf7d2a70dff9636f51c2feeb9c"}
,"D:\\MS CS\\CS 5610 Web Development\\Final Project\\web-dev-final-project-aditya-sudhanva\\client\\src\\components\\loginPage\\LoginPage.js": {"path":"D:\\MS CS\\CS 5610 Web Development\\Final Project\\web-dev-final-project-aditya-sudhanva\\client\\src\\components\\loginPage\\LoginPage.js","statementMap":{"0":{"start":{"line":7,"column":26},"end":{"line":7,"column":44}},"1":{"start":{"line":8,"column":24},"end":{"line":13,"column":3}},"2":{"start":{"line":9,"column":4},"end":{"line":12,"column":5}},"3":{"start":{"line":10,"column":6},"end":{"line":10,"column":20}},"4":{"start":{"line":11,"column":6},"end":{"line":11,"column":13}},"5":{"start":{"line":15,"column":4},"end":{"line":15,"column":66}},"6":{"start":{"line":16,"column":2},"end":{"line":52,"column":4}},"7":{"start":{"line":30,"column":31},"end":{"line":30,"column":54}},"8":{"start":{"line":43,"column":31},"end":{"line":43,"column":54}}},"fnMap":{"0":{"name":"LoginPage","decl":{"start":{"line":6,"column":24},"end":{"line":6,"column":33}},"loc":{"start":{"line":6,"column":71},"end":{"line":53,"column":1}},"line":6},"1":{"name":"(anonymous_1)","decl":{"start":{"line":8,"column":24},"end":{"line":8,"column":25}},"loc":{"start":{"line":8,"column":34},"end":{"line":13,"column":3}},"line":8},"2":{"name":"(anonymous_2)","decl":{"start":{"line":30,"column":25},"end":{"line":30,"column":26}},"loc":{"start":{"line":30,"column":31},"end":{"line":30,"column":54}},"line":30},"3":{"name":"(anonymous_3)","decl":{"start":{"line":43,"column":25},"end":{"line":43,"column":26}},"loc":{"start":{"line":43,"column":31},"end":{"line":43,"column":54}},"line":43}},"branchMap":{"0":{"loc":{"start":{"line":9,"column":4},"end":{"line":12,"column":5}},"type":"if","locations":[{"start":{"line":9,"column":4},"end":{"line":12,"column":5}},{"start":{"line":9,"column":4},"end":{"line":12,"column":5}}],"line":9},"1":{"loc":{"start":{"line":15,"column":20},"end":{"line":15,"column":65}},"type":"cond-expr","locations":[{"start":{"line":15,"column":40},"end":{"line":15,"column":60}},{"start":{"line":15,"column":63},"end":{"line":15,"column":65}}],"line":15}},"s":{"0":11,"1":11,"2":0,"3":0,"4":0,"5":11,"6":11,"7":0,"8":0},"f":{"0":11,"1":0,"2":0,"3":0},"b":{"0":[0,0],"1":[0,11]},"_coverageSchema":"1a1c01bbd47fc00a2c39e90264f33305004495a9","hash":"4b7d2ee92ac2824e793ff3cbe1766f7622b6b6ce"}
,"D:\\MS CS\\CS 5610 Web Development\\Final Project\\web-dev-final-project-aditya-sudhanva\\client\\src\\components\\loginPage\\SignIn.js": {"path":"D:\\MS CS\\CS 5610 Web Development\\Final Project\\web-dev-final-project-aditya-sudhanva\\client\\src\\components\\loginPage\\SignIn.js","statementMap":{"0":{"start":{"line":3,"column":28},"end":{"line":6,"column":4}},"1":{"start":{"line":7,"column":23},"end":{"line":13,"column":3}},"2":{"start":{"line":8,"column":18},"end":{"line":8,"column":34}},"3":{"start":{"line":9,"column":4},"end":{"line":12,"column":7}},"4":{"start":{"line":15,"column":25},"end":{"line":18,"column":3}},"5":{"start":{"line":16,"column":4},"end":{"line":16,"column":25}},"6":{"start":{"line":17,"column":4},"end":{"line":17,"column":23}},"7":{"start":{"line":20,"column":2},"end":{"line":45,"column":4}}},"fnMap":{"0":{"name":"SignInForm","decl":{"start":{"line":2,"column":9},"end":{"line":2,"column":19}},"loc":{"start":{"line":2,"column":37},"end":{"line":46,"column":1}},"line":2},"1":{"name":"(anonymous_1)","decl":{"start":{"line":7,"column":23},"end":{"line":7,"column":24}},"loc":{"start":{"line":7,"column":32},"end":{"line":13,"column":3}},"line":7},"2":{"name":"(anonymous_2)","decl":{"start":{"line":15,"column":25},"end":{"line":15,"column":26}},"loc":{"start":{"line":15,"column":34},"end":{"line":18,"column":3}},"line":15}},"branchMap":{},"s":{"0":363,"1":363,"2":352,"3":352,"4":363,"5":11,"6":11,"7":363},"f":{"0":363,"1":352,"2":11},"b":{},"_coverageSchema":"1a1c01bbd47fc00a2c39e90264f33305004495a9","hash":"049b50bb3125f546bf65e52a6e4decf910ee3938"}
,"D:\\MS CS\\CS 5610 Web Development\\Final Project\\web-dev-final-project-aditya-sudhanva\\client\\src\\components\\loginPage\\SignUp.js": {"path":"D:\\MS CS\\CS 5610 Web Development\\Final Project\\web-dev-final-project-aditya-sudhanva\\client\\src\\components\\loginPage\\SignUp.js","statementMap":{"0":{"start":{"line":8,"column":28},"end":{"line":17,"column":4}},"1":{"start":{"line":19,"column":23},"end":{"line":19,"column":75}},"2":{"start":{"line":21,"column":23},"end":{"line":33,"column":9}},"3":{"start":{"line":22,"column":43},"end":{"line":22,"column":53}},"4":{"start":{"line":23,"column":4},"end":{"line":32,"column":14}},"5":{"start":{"line":23,"column":29},"end":{"line":32,"column":11}},"6":{"start":{"line":29,"column":58},"end":{"line":29,"column":72}},"7":{"start":{"line":35,"column":23},"end":{"line":38,"column":3}},"8":{"start":{"line":36,"column":23},"end":{"line":36,"column":73}},"9":{"start":{"line":37,"column":4},"end":{"line":37,"column":34}},"10":{"start":{"line":40,"column":25},"end":{"line":84,"column":3}},"11":{"start":{"line":41,"column":4},"end":{"line":41,"column":25}},"12":{"start":{"line":52,"column":8},"end":{"line":52,"column":13}},"13":{"start":{"line":54,"column":4},"end":{"line":57,"column":5}},"14":{"start":{"line":55,"column":6},"end":{"line":55,"column":71}},"15":{"start":{"line":56,"column":6},"end":{"line":56,"column":13}},"16":{"start":{"line":59,"column":4},"end":{"line":71,"column":5}},"17":{"start":{"line":60,"column":6},"end":{"line":68,"column":9}},"18":{"start":{"line":70,"column":6},"end":{"line":70,"column":90}},"19":{"start":{"line":74,"column":4},"end":{"line":83,"column":7}},"20":{"start":{"line":85,"column":29},"end":{"line":105,"column":3}},"21":{"start":{"line":94,"column":8},"end":{"line":94,"column":13}},"22":{"start":{"line":95,"column":41},"end":{"line":95,"column":68}},"23":{"start":{"line":96,"column":4},"end":{"line":104,"column":6}},"24":{"start":{"line":106,"column":2},"end":{"line":303,"column":4}},"25":{"start":{"line":222,"column":20},"end":{"line":229,"column":27}}},"fnMap":{"0":{"name":"SignUpForm","decl":{"start":{"line":7,"column":9},"end":{"line":7,"column":19}},"loc":{"start":{"line":7,"column":44},"end":{"line":304,"column":1}},"line":7},"1":{"name":"(anonymous_1)","decl":{"start":{"line":21,"column":23},"end":{"line":21,"column":24}},"loc":{"start":{"line":21,"column":32},"end":{"line":33,"column":9}},"line":21},"2":{"name":"(anonymous_2)","decl":{"start":{"line":23,"column":13},"end":{"line":23,"column":14}},"loc":{"start":{"line":23,"column":29},"end":{"line":32,"column":11}},"line":23},"3":{"name":"(anonymous_3)","decl":{"start":{"line":29,"column":48},"end":{"line":29,"column":49}},"loc":{"start":{"line":29,"column":58},"end":{"line":29,"column":72}},"line":29},"4":{"name":"(anonymous_4)","decl":{"start":{"line":35,"column":23},"end":{"line":35,"column":24}},"loc":{"start":{"line":35,"column":34},"end":{"line":38,"column":3}},"line":35},"5":{"name":"(anonymous_5)","decl":{"start":{"line":40,"column":25},"end":{"line":40,"column":26}},"loc":{"start":{"line":40,"column":40},"end":{"line":84,"column":3}},"line":40},"6":{"name":"(anonymous_6)","decl":{"start":{"line":85,"column":29},"end":{"line":85,"column":30}},"loc":{"start":{"line":85,"column":35},"end":{"line":105,"column":3}},"line":85},"7":{"name":"(anonymous_7)","decl":{"start":{"line":221,"column":36},"end":{"line":221,"column":37}},"loc":{"start":{"line":222,"column":20},"end":{"line":229,"column":27}},"line":222}},"branchMap":{"0":{"loc":{"start":{"line":26,"column":8},"end":{"line":30,"column":19}},"type":"cond-expr","locations":[{"start":{"line":27,"column":12},"end":{"line":29,"column":73}},{"start":{"line":30,"column":14},"end":{"line":30,"column":19}}],"line":26},"1":{"loc":{"start":{"line":27,"column":12},"end":{"line":29,"column":73}},"type":"cond-expr","locations":[{"start":{"line":28,"column":14},"end":{"line":28,"column":52}},{"start":{"line":29,"column":14},"end":{"line":29,"column":73}}],"line":27},"2":{"loc":{"start":{"line":31,"column":19},"end":{"line":31,"column":74}},"type":"cond-expr","locations":[{"start":{"line":31,"column":37},"end":{"line":31,"column":56}},{"start":{"line":31,"column":59},"end":{"line":31,"column":74}}],"line":31},"3":{"loc":{"start":{"line":54,"column":4},"end":{"line":57,"column":5}},"type":"if","locations":[{"start":{"line":54,"column":4},"end":{"line":57,"column":5}},{"start":{"line":54,"column":4},"end":{"line":57,"column":5}}],"line":54},"4":{"loc":{"start":{"line":97,"column":6},"end":{"line":103,"column":34}},"type":"binary-expr","locations":[{"start":{"line":97,"column":6},"end":{"line":97,"column":22}},{"start":{"line":98,"column":6},"end":{"line":98,"column":21}},{"start":{"line":99,"column":6},"end":{"line":99,"column":18}},{"start":{"line":100,"column":6},"end":{"line":100,"column":21}},{"start":{"line":101,"column":6},"end":{"line":101,"column":28}},{"start":{"line":102,"column":6},"end":{"line":102,"column":21}},{"start":{"line":103,"column":6},"end":{"line":103,"column":34}}],"line":97},"5":{"loc":{"start":{"line":156,"column":25},"end":{"line":156,"column":68}},"type":"binary-expr","locations":[{"start":{"line":156,"column":25},"end":{"line":156,"column":38}},{"start":{"line":156,"column":42},"end":{"line":156,"column":68}}],"line":156},"6":{"loc":{"start":{"line":158,"column":20},"end":{"line":160,"column":26}},"type":"cond-expr","locations":[{"start":{"line":159,"column":24},"end":{"line":159,"column":60}},{"start":{"line":160,"column":24},"end":{"line":160,"column":26}}],"line":158},"7":{"loc":{"start":{"line":158,"column":20},"end":{"line":158,"column":63}},"type":"binary-expr","locations":[{"start":{"line":158,"column":20},"end":{"line":158,"column":33}},{"start":{"line":158,"column":37},"end":{"line":158,"column":63}}],"line":158},"8":{"loc":{"start":{"line":263,"column":19},"end":{"line":272,"column":19}},"type":"binary-expr","locations":[{"start":{"line":263,"column":19},"end":{"line":263,"column":30}},{"start":{"line":264,"column":20},"end":{"line":271,"column":26}}],"line":263}},"s":{"0":11,"1":11,"2":11,"3":0,"4":0,"5":0,"6":0,"7":11,"8":0,"9":0,"10":11,"11":0,"12":0,"13":0,"14":0,"15":0,"16":0,"17":0,"18":0,"19":0,"20":11,"21":11,"22":11,"23":11,"24":11,"25":55},"f":{"0":11,"1":0,"2":0,"3":0,"4":0,"5":0,"6":11,"7":55},"b":{"0":[0,0],"1":[0,0],"2":[0,0],"3":[0,0],"4":[11,0,0,0,0,0,0],"5":[11,0],"6":[0,11],"7":[11,0],"8":[11,0]},"_coverageSchema":"1a1c01bbd47fc00a2c39e90264f33305004495a9","hash":"fd3292e10507b13612bdf339dbcca4ffd591ed14"}
,"D:\\MS CS\\CS 5610 Web Development\\Final Project\\web-dev-final-project-aditya-sudhanva\\client\\src\\components\\main\\index.js": {"path":"D:\\MS CS\\CS 5610 Web Development\\Final Project\\web-dev-final-project-aditya-sudhanva\\client\\src\\components\\main\\index.js","statementMap":{"0":{"start":{"line":7,"column":19},"end":{"line":7,"column":53}},"1":{"start":{"line":7,"column":30},"end":{"line":7,"column":52}},"2":{"start":{"line":8,"column":21},"end":{"line":8,"column":57}},"3":{"start":{"line":8,"column":32},"end":{"line":8,"column":56}},"4":{"start":{"line":9,"column":16},"end":{"line":9,"column":47}},"5":{"start":{"line":9,"column":27},"end":{"line":9,"column":46}},"6":{"start":{"line":10,"column":19},"end":{"line":10,"column":53}},"7":{"start":{"line":10,"column":30},"end":{"line":10,"column":52}},"8":{"start":{"line":11,"column":20},"end":{"line":11,"column":55}},"9":{"start":{"line":11,"column":31},"end":{"line":11,"column":54}},"10":{"start":{"line":12,"column":18},"end":{"line":12,"column":51}},"11":{"start":{"line":12,"column":29},"end":{"line":12,"column":50}},"12":{"start":{"line":13,"column":20},"end":{"line":13,"column":55}},"13":{"start":{"line":13,"column":31},"end":{"line":13,"column":54}},"14":{"start":{"line":14,"column":18},"end":{"line":14,"column":51}},"15":{"start":{"line":14,"column":29},"end":{"line":14,"column":50}},"16":{"start":{"line":15,"column":20},"end":{"line":15,"column":55}},"17":{"start":{"line":15,"column":31},"end":{"line":15,"column":54}},"18":{"start":{"line":16,"column":15},"end":{"line":16,"column":46}},"19":{"start":{"line":16,"column":26},"end":{"line":16,"column":45}},"20":{"start":{"line":17,"column":23},"end":{"line":17,"column":58}},"21":{"start":{"line":17,"column":34},"end":{"line":17,"column":57}},"22":{"start":{"line":19,"column":31},"end":{"line":24,"column":1}},"23":{"start":{"line":20,"column":2},"end":{"line":23,"column":8}},"24":{"start":{"line":26,"column":13},"end":{"line":301,"column":1}},"25":{"start":{"line":33,"column":26},"end":{"line":33,"column":46}},"26":{"start":{"line":34,"column":44},"end":{"line":34,"column":62}},"27":{"start":{"line":35,"column":24},"end":{"line":35,"column":36}},"28":{"start":{"line":36,"column":34},"end":{"line":36,"column":46}},"29":{"start":{"line":37,"column":40},"end":{"line":37,"column":54}},"30":{"start":{"line":38,"column":17},"end":{"line":38,"column":19}},"31":{"start":{"line":39,"column":16},"end":{"line":39,"column":20}},"32":{"start":{"line":41,"column":26},"end":{"line":44,"column":3}},"33":{"start":{"line":42,"column":4},"end":{"line":42,"column":22}},"34":{"start":{"line":43,"column":4},"end":{"line":43,"column":20}},"35":{"start":{"line":45,"column":27},"end":{"line":49,"column":3}},"36":{"start":{"line":46,"column":4},"end":{"line":46,"column":22}},"37":{"start":{"line":47,"column":4},"end":{"line":47,"column":20}},"38":{"start":{"line":48,"column":4},"end":{"line":48,"column":71}},"39":{"start":{"line":51,"column":25},"end":{"line":54,"column":3}},"40":{"start":{"line":52,"column":4},"end":{"line":52,"column":22}},"41":{"start":{"line":53,"column":4},"end":{"line":53,"column":24}},"42":{"start":{"line":56,"column":21},"end":{"line":58,"column":3}},"43":{"start":{"line":57,"column":4},"end":{"line":57,"column":19}},"44":{"start":{"line":60,"column":24},"end":{"line":64,"column":3}},"45":{"start":{"line":61,"column":4},"end":{"line":61,"column":16}},"46":{"start":{"line":62,"column":4},"end":{"line":62,"column":22}},"47":{"start":{"line":63,"column":4},"end":{"line":63,"column":69}},"48":{"start":{"line":65,"column":23},"end":{"line":68,"column":3}},"49":{"start":{"line":66,"column":4},"end":{"line":66,"column":16}},"50":{"start":{"line":67,"column":4},"end":{"line":67,"column":22}},"51":{"start":{"line":69,"column":26},"end":{"line":73,"column":3}},"52":{"start":{"line":70,"column":4},"end":{"line":70,"column":51}},"53":{"start":{"line":71,"column":4},"end":{"line":71,"column":32}},"54":{"start":{"line":72,"column":4},"end":{"line":72,"column":21}},"55":{"start":{"line":75,"column":25},"end":{"line":78,"column":3}},"56":{"start":{"line":76,"column":4},"end":{"line":76,"column":45}},"57":{"start":{"line":77,"column":4},"end":{"line":77,"column":24}},"58":{"start":{"line":80,"column":26},"end":{"line":83,"column":3}},"59":{"start":{"line":81,"column":4},"end":{"line":81,"column":43}},"60":{"start":{"line":82,"column":4},"end":{"line":82,"column":21}},"61":{"start":{"line":85,"column":19},"end":{"line":88,"column":3}},"62":{"start":{"line":86,"column":4},"end":{"line":86,"column":46}},"63":{"start":{"line":87,"column":4},"end":{"line":87,"column":20}},"64":{"start":{"line":90,"column":28},"end":{"line":92,"column":3}},"65":{"start":{"line":91,"column":4},"end":{"line":91,"column":27}},"66":{"start":{"line":94,"column":26},"end":{"line":96,"column":3}},"67":{"start":{"line":95,"column":4},"end":{"line":95,"column":25}},"68":{"start":{"line":98,"column":24},"end":{"line":100,"column":3}},"69":{"start":{"line":99,"column":4},"end":{"line":99,"column":23}},"70":{"start":{"line":102,"column":28},"end":{"line":104,"column":3}},"71":{"start":{"line":103,"column":4},"end":{"line":103,"column":23}},"72":{"start":{"line":106,"column":24},"end":{"line":108,"column":3}},"73":{"start":{"line":107,"column":4},"end":{"line":107,"column":23}},"74":{"start":{"line":110,"column":26},"end":{"line":130,"column":3}},"75":{"start":{"line":116,"column":4},"end":{"line":129,"column":6}},"76":{"start":{"line":132,"column":2},"end":{"line":258,"column":3}},"77":{"start":{"line":134,"column":6},"end":{"line":134,"column":21}},"78":{"start":{"line":135,"column":6},"end":{"line":138,"column":9}},"79":{"start":{"line":139,"column":6},"end":{"line":139,"column":12}},"80":{"start":{"line":142,"column":6},"end":{"line":142,"column":21}},"81":{"start":{"line":143,"column":6},"end":{"line":145,"column":8}},"82":{"start":{"line":146,"column":6},"end":{"line":146,"column":12}},"83":{"start":{"line":149,"column":6},"end":{"line":149,"column":20}},"84":{"start":{"line":150,"column":6},"end":{"line":150,"column":60}},"85":{"start":{"line":151,"column":6},"end":{"line":151,"column":12}},"86":{"start":{"line":155,"column":6},"end":{"line":155,"column":20}},"87":{"start":{"line":156,"column":6},"end":{"line":156,"column":57}},"88":{"start":{"line":157,"column":6},"end":{"line":157,"column":12}},"89":{"start":{"line":161,"column":6},"end":{"line":161,"column":20}},"90":{"start":{"line":162,"column":6},"end":{"line":168,"column":8}},"91":{"start":{"line":169,"column":6},"end":{"line":169,"column":12}},"92":{"start":{"line":172,"column":6},"end":{"line":172,"column":20}},"93":{"start":{"line":173,"column":6},"end":{"line":181,"column":8}},"94":{"start":{"line":182,"column":6},"end":{"line":182,"column":12}},"95":{"start":{"line":186,"column":6},"end":{"line":186,"column":22}},"96":{"start":{"line":187,"column":6},"end":{"line":193,"column":8}},"97":{"start":{"line":194,"column":6},"end":{"line":194,"column":12}},"98":{"start":{"line":198,"column":6},"end":{"line":198,"column":20}},"99":{"start":{"line":199,"column":6},"end":{"line":204,"column":8}},"100":{"start":{"line":205,"column":6},"end":{"line":205,"column":12}},"101":{"start":{"line":208,"column":6},"end":{"line":208,"column":20}},"102":{"start":{"line":209,"column":6},"end":{"line":215,"column":8}},"103":{"start":{"line":216,"column":6},"end":{"line":216,"column":12}},"104":{"start":{"line":220,"column":6},"end":{"line":220,"column":21}},"105":{"start":{"line":221,"column":6},"end":{"line":227,"column":8}},"106":{"start":{"line":228,"column":6},"end":{"line":228,"column":12}},"107":{"start":{"line":232,"column":6},"end":{"line":232,"column":21}},"108":{"start":{"line":233,"column":6},"end":{"line":237,"column":9}},"109":{"start":{"line":238,"column":6},"end":{"line":238,"column":12}},"110":{"start":{"line":242,"column":6},"end":{"line":242,"column":21}},"111":{"start":{"line":243,"column":6},"end":{"line":247,"column":9}},"112":{"start":{"line":248,"column":6},"end":{"line":248,"column":12}},"113":{"start":{"line":251,"column":6},"end":{"line":251,"column":21}},"114":{"start":{"line":252,"column":6},"end":{"line":256,"column":9}},"115":{"start":{"line":257,"column":6},"end":{"line":257,"column":12}},"116":{"start":{"line":260,"column":2},"end":{"line":300,"column":4}}},"fnMap":{"0":{"name":"(anonymous_0)","decl":{"start":{"line":7,"column":24},"end":{"line":7,"column":25}},"loc":{"start":{"line":7,"column":30},"end":{"line":7,"column":52}},"line":7},"1":{"name":"(anonymous_1)","decl":{"start":{"line":8,"column":26},"end":{"line":8,"column":27}},"loc":{"start":{"line":8,"column":32},"end":{"line":8,"column":56}},"line":8},"2":{"name":"(anonymous_2)","decl":{"start":{"line":9,"column":21},"end":{"line":9,"column":22}},"loc":{"start":{"line":9,"column":27},"end":{"line":9,"column":46}},"line":9},"3":{"name":"(anonymous_3)","decl":{"start":{"line":10,"column":24},"end":{"line":10,"column":25}},"loc":{"start":{"line":10,"column":30},"end":{"line":10,"column":52}},"line":10},"4":{"name":"(anonymous_4)","decl":{"start":{"line":11,"column":25},"end":{"line":11,"column":26}},"loc":{"start":{"line":11,"column":31},"end":{"line":11,"column":54}},"line":11},"5":{"name":"(anonymous_5)","decl":{"start":{"line":12,"column":23},"end":{"line":12,"column":24}},"loc":{"start":{"line":12,"column":29},"end":{"line":12,"column":50}},"line":12},"6":{"name":"(anonymous_6)","decl":{"start":{"line":13,"column":25},"end":{"line":13,"column":26}},"loc":{"start":{"line":13,"column":31},"end":{"line":13,"column":54}},"line":13},"7":{"name":"(anonymous_7)","decl":{"start":{"line":14,"column":23},"end":{"line":14,"column":24}},"loc":{"start":{"line":14,"column":29},"end":{"line":14,"column":50}},"line":14},"8":{"name":"(anonymous_8)","decl":{"start":{"line":15,"column":25},"end":{"line":15,"column":26}},"loc":{"start":{"line":15,"column":31},"end":{"line":15,"column":54}},"line":15},"9":{"name":"(anonymous_9)","decl":{"start":{"line":16,"column":20},"end":{"line":16,"column":21}},"loc":{"start":{"line":16,"column":26},"end":{"line":16,"column":45}},"line":16},"10":{"name":"(anonymous_10)","decl":{"start":{"line":17,"column":28},"end":{"line":17,"column":29}},"loc":{"start":{"line":17,"column":34},"end":{"line":17,"column":57}},"line":17},"11":{"name":"(anonymous_11)","decl":{"start":{"line":19,"column":31},"end":{"line":19,"column":32}},"loc":{"start":{"line":20,"column":2},"end":{"line":23,"column":8}},"line":20},"12":{"name":"(anonymous_12)","decl":{"start":{"line":26,"column":13},"end":{"line":26,"column":14}},"loc":{"start":{"line":32,"column":6},"end":{"line":301,"column":1}},"line":32},"13":{"name":"(anonymous_13)","decl":{"start":{"line":41,"column":26},"end":{"line":41,"column":27}},"loc":{"start":{"line":41,"column":32},"end":{"line":44,"column":3}},"line":41},"14":{"name":"(anonymous_14)","decl":{"start":{"line":45,"column":27},"end":{"line":45,"column":28}},"loc":{"start":{"line":45,"column":33},"end":{"line":49,"column":3}},"line":45},"15":{"name":"(anonymous_15)","decl":{"start":{"line":51,"column":25},"end":{"line":51,"column":26}},"loc":{"start":{"line":51,"column":35},"end":{"line":54,"column":3}},"line":51},"16":{"name":"(anonymous_16)","decl":{"start":{"line":56,"column":21},"end":{"line":56,"column":22}},"loc":{"start":{"line":56,"column":27},"end":{"line":58,"column":3}},"line":56},"17":{"name":"(anonymous_17)","decl":{"start":{"line":60,"column":24},"end":{"line":60,"column":25}},"loc":{"start":{"line":60,"column":33},"end":{"line":64,"column":3}},"line":60},"18":{"name":"(anonymous_18)","decl":{"start":{"line":65,"column":23},"end":{"line":65,"column":24}},"loc":{"start":{"line":65,"column":32},"end":{"line":68,"column":3}},"line":65},"19":{"name":"(anonymous_19)","decl":{"start":{"line":69,"column":26},"end":{"line":69,"column":27}},"loc":{"start":{"line":69,"column":47},"end":{"line":73,"column":3}},"line":69},"20":{"name":"(anonymous_20)","decl":{"start":{"line":75,"column":25},"end":{"line":75,"column":26}},"loc":{"start":{"line":75,"column":31},"end":{"line":78,"column":3}},"line":75},"21":{"name":"(anonymous_21)","decl":{"start":{"line":80,"column":26},"end":{"line":80,"column":27}},"loc":{"start":{"line":80,"column":32},"end":{"line":83,"column":3}},"line":80},"22":{"name":"(anonymous_22)","decl":{"start":{"line":85,"column":19},"end":{"line":85,"column":20}},"loc":{"start":{"line":85,"column":30},"end":{"line":88,"column":3}},"line":85},"23":{"name":"(anonymous_23)","decl":{"start":{"line":90,"column":28},"end":{"line":90,"column":29}},"loc":{"start":{"line":90,"column":34},"end":{"line":92,"column":3}},"line":90},"24":{"name":"(anonymous_24)","decl":{"start":{"line":94,"column":26},"end":{"line":94,"column":27}},"loc":{"start":{"line":94,"column":32},"end":{"line":96,"column":3}},"line":94},"25":{"name":"(anonymous_25)","decl":{"start":{"line":98,"column":24},"end":{"line":98,"column":25}},"loc":{"start":{"line":98,"column":30},"end":{"line":100,"column":3}},"line":98},"26":{"name":"(anonymous_26)","decl":{"start":{"line":102,"column":28},"end":{"line":102,"column":29}},"loc":{"start":{"line":102,"column":34},"end":{"line":104,"column":3}},"line":102},"27":{"name":"(anonymous_27)","decl":{"start":{"line":106,"column":24},"end":{"line":106,"column":25}},"loc":{"start":{"line":106,"column":30},"end":{"line":108,"column":3}},"line":106},"28":{"name":"(anonymous_28)","decl":{"start":{"line":110,"column":26},"end":{"line":110,"column":27}},"loc":{"start":{"line":115,"column":8},"end":{"line":130,"column":3}},"line":115}},"branchMap":{"0":{"loc":{"start":{"line":27,"column":2},"end":{"line":27,"column":13}},"type":"default-arg","locations":[{"start":{"line":27,"column":11},"end":{"line":27,"column":13}}],"line":27},"1":{"loc":{"start":{"line":69,"column":27},"end":{"line":69,"column":42}},"type":"default-arg","locations":[{"start":{"line":69,"column":40},"end":{"line":69,"column":42}}],"line":69},"2":{"loc":{"start":{"line":111,"column":4},"end":{"line":111,"column":23}},"type":"default-arg","locations":[{"start":{"line":111,"column":18},"end":{"line":111,"column":23}}],"line":111},"3":{"loc":{"start":{"line":112,"column":4},"end":{"line":112,"column":22}},"type":"default-arg","locations":[{"start":{"line":112,"column":17},"end":{"line":112,"column":22}}],"line":112},"4":{"loc":{"start":{"line":113,"column":4},"end":{"line":113,"column":20}},"type":"default-arg","locations":[{"start":{"line":113,"column":12},"end":{"line":113,"column":20}}],"line":113},"5":{"loc":{"start":{"line":114,"column":4},"end":{"line":114,"column":15}},"type":"default-arg","locations":[{"start":{"line":114,"column":13},"end":{"line":114,"column":15}}],"line":114},"6":{"loc":{"start":{"line":132,"column":2},"end":{"line":258,"column":3}},"type":"switch","locations":[{"start":{"line":133,"column":4},"end":{"line":140,"column":5}},{"start":{"line":141,"column":4},"end":{"line":147,"column":5}},{"start":{"line":148,"column":4},"end":{"line":152,"column":5}},{"start":{"line":154,"column":4},"end":{"line":158,"column":5}},{"start":{"line":160,"column":4},"end":{"line":170,"column":5}},{"start":{"line":171,"column":4},"end":{"line":183,"column":5}},{"start":{"line":185,"column":4},"end":{"line":195,"column":5}},{"start":{"line":197,"column":4},"end":{"line":206,"column":5}},{"start":{"line":207,"column":4},"end":{"line":217,"column":5}},{"start":{"line":219,"column":4},"end":{"line":229,"column":5}},{"start":{"line":231,"column":4},"end":{"line":239,"column":5}},{"start":{"line":241,"column":4},"end":{"line":249,"column":5}},{"start":{"line":250,"column":4},"end":{"line":257,"column":12}}],"line":132}},"s":{"0":11,"1":11,"2":11,"3":11,"4":11,"5":0,"6":11,"7":11,"8":11,"9":0,"10":11,"11":0,"12":11,"13":0,"14":11,"15":0,"16":11,"17":0,"18":11,"19":11,"20":11,"21":0,"22":11,"23":22,"24":11,"25":33,"26":33,"27":33,"28":33,"29":33,"30":33,"31":33,"32":33,"33":11,"34":11,"35":33,"36":0,"37":0,"38":0,"39":33,"40":0,"41":0,"42":33,"43":0,"44":33,"45":0,"46":0,"47":0,"48":33,"49":11,"50":11,"51":33,"52":0,"53":0,"54":0,"55":33,"56":0,"57":0,"58":33,"59":0,"60":0,"61":33,"62":0,"63":0,"64":33,"65":0,"66":33,"67":0,"68":33,"69":0,"70":33,"71":0,"72":33,"73":0,"74":33,"75":22,"76":33,"77":11,"78":11,"79":11,"80":0,"81":0,"82":0,"83":0,"84":0,"85":0,"86":0,"87":0,"88":0,"89":0,"90":0,"91":0,"92":11,"93":11,"94":11,"95":0,"96":0,"97":0,"98":0,"99":0,"100":0,"101":0,"102":0,"103":0,"104":0,"105":0,"106":0,"107":11,"108":11,"109":11,"110":0,"111":0,"112":0,"113":0,"114":0,"115":0,"116":33},"f":{"0":11,"1":11,"2":0,"3":11,"4":0,"5":0,"6":0,"7":0,"8":0,"9":11,"10":0,"11":22,"12":33,"13":11,"14":0,"15":0,"16":0,"17":0,"18":11,"19":0,"20":0,"21":0,"22":0,"23":0,"24":0,"25":0,"26":0,"27":0,"28":22},"b":{"0":[0],"1":[0],"2":[22],"3":[11],"4":[0],"5":[0],"6":[11,0,0,0,0,11,0,0,0,0,11,0,0]},"_coverageSchema":"1a1c01bbd47fc00a2c39e90264f33305004495a9","hash":"758cd565e657e072c88f96534e8408b42c31e7cb"}
,"D:\\MS CS\\CS 5610 Web Development\\Final Project\\web-dev-final-project-aditya-sudhanva\\client\\src\\components\\main\\answerPage\\index.js": {"path":"D:\\MS CS\\CS 5610 Web Development\\Final Project\\web-dev-final-project-aditya-sudhanva\\client\\src\\components\\main\\answerPage\\index.js","statementMap":{"0":{"start":{"line":12,"column":19},"end":{"line":71,"column":1}},"1":{"start":{"line":13,"column":36},"end":{"line":13,"column":48}},"2":{"start":{"line":14,"column":30},"end":{"line":14,"column":41}},"3":{"start":{"line":15,"column":4},"end":{"line":24,"column":11}},"4":{"start":{"line":16,"column":26},"end":{"line":22,"column":9}},"5":{"start":{"line":17,"column":22},"end":{"line":17,"column":48}},"6":{"start":{"line":18,"column":12},"end":{"line":18,"column":35}},"7":{"start":{"line":19,"column":12},"end":{"line":21,"column":13}},"8":{"start":{"line":20,"column":16},"end":{"line":20,"column":36}},"9":{"start":{"line":23,"column":8},"end":{"line":23,"column":49}},"10":{"start":{"line":23,"column":33},"end":{"line":23,"column":47}},"11":{"start":{"line":25,"column":4},"end":{"line":70,"column":6}},"12":{"start":{"line":45,"column":20},"end":{"line":55,"column":32}},"13":{"start":{"line":64,"column":20},"end":{"line":64,"column":38}}},"fnMap":{"0":{"name":"(anonymous_0)","decl":{"start":{"line":12,"column":19},"end":{"line":12,"column":20}},"loc":{"start":{"line":12,"column":97},"end":{"line":71,"column":1}},"line":12},"1":{"name":"(anonymous_1)","decl":{"start":{"line":15,"column":14},"end":{"line":15,"column":15}},"loc":{"start":{"line":15,"column":20},"end":{"line":24,"column":5}},"line":15},"2":{"name":"(anonymous_2)","decl":{"start":{"line":16,"column":26},"end":{"line":16,"column":27}},"loc":{"start":{"line":16,"column":38},"end":{"line":22,"column":9}},"line":16},"3":{"name":"(anonymous_3)","decl":{"start":{"line":23,"column":26},"end":{"line":23,"column":27}},"loc":{"start":{"line":23,"column":33},"end":{"line":23,"column":47}},"line":23},"4":{"name":"(anonymous_4)","decl":{"start":{"line":44,"column":37},"end":{"line":44,"column":38}},"loc":{"start":{"line":45,"column":20},"end":{"line":55,"column":32}},"line":45},"5":{"name":"(anonymous_5)","decl":{"start":{"line":63,"column":25},"end":{"line":63,"column":26}},"loc":{"start":{"line":63,"column":31},"end":{"line":65,"column":17}},"line":63}},"branchMap":{"0":{"loc":{"start":{"line":18,"column":24},"end":{"line":18,"column":33}},"type":"binary-expr","locations":[{"start":{"line":18,"column":24},"end":{"line":18,"column":27}},{"start":{"line":18,"column":31},"end":{"line":18,"column":33}}],"line":18},"1":{"loc":{"start":{"line":19,"column":12},"end":{"line":21,"column":13}},"type":"if","locations":[{"start":{"line":19,"column":12},"end":{"line":21,"column":13}},{"start":{"line":19,"column":12},"end":{"line":21,"column":13}}],"line":19},"2":{"loc":{"start":{"line":39,"column":24},"end":{"line":39,"column":81}},"type":"binary-expr","locations":[{"start":{"line":39,"column":24},"end":{"line":39,"column":32}},{"start":{"line":39,"column":36},"end":{"line":39,"column":81}}],"line":39},"3":{"loc":{"start":{"line":42,"column":13},"end":{"line":56,"column":18}},"type":"binary-expr","locations":[{"start":{"line":42,"column":13},"end":{"line":42,"column":21}},{"start":{"line":43,"column":16},"end":{"line":43,"column":32}},{"start":{"line":44,"column":16},"end":{"line":56,"column":18}}],"line":42},"4":{"loc":{"start":{"line":45,"column":20},"end":{"line":55,"column":32}},"type":"cond-expr","locations":[{"start":{"line":45,"column":34},"end":{"line":55,"column":22}},{"start":{"line":55,"column":27},"end":{"line":55,"column":31}}],"line":45}},"s":{"0":11,"1":28,"2":28,"3":28,"4":11,"5":11,"6":11,"7":11,"8":11,"9":11,"10":0,"11":28,"12":34,"13":0},"f":{"0":28,"1":11,"2":11,"3":0,"4":34,"5":0},"b":{"0":[11,0],"1":[11,0],"2":[28,28],"3":[28,28,17],"4":[34,0]},"_coverageSchema":"1a1c01bbd47fc00a2c39e90264f33305004495a9","hash":"b8bb06d68187fec574db428dc483ba3556050fa9"}
,"D:\\MS CS\\CS 5610 Web Development\\Final Project\\web-dev-final-project-aditya-sudhanva\\client\\src\\components\\main\\answerPage\\answer\\index.js": {"path":"D:\\MS CS\\CS 5610 Web Development\\Final Project\\web-dev-final-project-aditya-sudhanva\\client\\src\\components\\main\\answerPage\\answer\\index.js","statementMap":{"0":{"start":{"line":26,"column":15},"end":{"line":241,"column":1}},"1":{"start":{"line":36,"column":30},"end":{"line":36,"column":45}},"2":{"start":{"line":37,"column":34},"end":{"line":37,"column":49}},"3":{"start":{"line":38,"column":28},"end":{"line":38,"column":47}},"4":{"start":{"line":39,"column":44},"end":{"line":39,"column":58}},"5":{"start":{"line":40,"column":38},"end":{"line":40,"column":50}},"6":{"start":{"line":41,"column":40},"end":{"line":41,"column":58}},"7":{"start":{"line":42,"column":40},"end":{"line":42,"column":55}},"8":{"start":{"line":44,"column":15},"end":{"line":44,"column":17}},"9":{"start":{"line":45,"column":2},"end":{"line":47,"column":3}},"10":{"start":{"line":46,"column":4},"end":{"line":46,"column":52}},"11":{"start":{"line":49,"column":2},"end":{"line":68,"column":22}},"12":{"start":{"line":50,"column":22},"end":{"line":66,"column":5}},"13":{"start":{"line":51,"column":16},"end":{"line":51,"column":37}},"14":{"start":{"line":52,"column":24},"end":{"line":52,"column":46}},"15":{"start":{"line":53,"column":6},"end":{"line":55,"column":7}},"16":{"start":{"line":54,"column":8},"end":{"line":54,"column":28}},"17":{"start":{"line":56,"column":6},"end":{"line":60,"column":7}},"18":{"start":{"line":57,"column":8},"end":{"line":57,"column":24}},"19":{"start":{"line":59,"column":8},"end":{"line":59,"column":25}},"20":{"start":{"line":61,"column":6},"end":{"line":65,"column":7}},"21":{"start":{"line":62,"column":8},"end":{"line":62,"column":26}},"22":{"start":{"line":64,"column":8},"end":{"line":64,"column":27}},"23":{"start":{"line":67,"column":4},"end":{"line":67,"column":45}},"24":{"start":{"line":67,"column":29},"end":{"line":67,"column":43}},"25":{"start":{"line":70,"column":29},"end":{"line":83,"column":3}},"26":{"start":{"line":71,"column":4},"end":{"line":82,"column":5}},"27":{"start":{"line":72,"column":14},"end":{"line":78,"column":7}},"28":{"start":{"line":79,"column":6},"end":{"line":79,"column":30}},"29":{"start":{"line":80,"column":6},"end":{"line":80,"column":24}},"30":{"start":{"line":81,"column":6},"end":{"line":81,"column":29}},"31":{"start":{"line":84,"column":28},"end":{"line":99,"column":3}},"32":{"start":{"line":85,"column":4},"end":{"line":98,"column":5}},"33":{"start":{"line":86,"column":6},"end":{"line":86,"column":23}},"34":{"start":{"line":87,"column":6},"end":{"line":87,"column":37}},"35":{"start":{"line":87,"column":26},"end":{"line":87,"column":35}},"36":{"start":{"line":88,"column":6},"end":{"line":88,"column":39}},"37":{"start":{"line":89,"column":11},"end":{"line":98,"column":5}},"38":{"start":{"line":90,"column":6},"end":{"line":90,"column":22}},"39":{"start":{"line":91,"column":6},"end":{"line":91,"column":37}},"40":{"start":{"line":91,"column":26},"end":{"line":91,"column":35}},"41":{"start":{"line":92,"column":6},"end":{"line":92,"column":39}},"42":{"start":{"line":93,"column":6},"end":{"line":93,"column":25}},"43":{"start":{"line":94,"column":11},"end":{"line":98,"column":5}},"44":{"start":{"line":95,"column":6},"end":{"line":95,"column":22}},"45":{"start":{"line":96,"column":6},"end":{"line":96,"column":37}},"46":{"start":{"line":96,"column":26},"end":{"line":96,"column":35}},"47":{"start":{"line":97,"column":6},"end":{"line":97,"column":37}},"48":{"start":{"line":100,"column":30},"end":{"line":115,"column":3}},"49":{"start":{"line":101,"column":4},"end":{"line":114,"column":5}},"50":{"start":{"line":102,"column":6},"end":{"line":102,"column":24}},"51":{"start":{"line":103,"column":6},"end":{"line":103,"column":37}},"52":{"start":{"line":103,"column":26},"end":{"line":103,"column":35}},"53":{"start":{"line":104,"column":6},"end":{"line":104,"column":40}},"54":{"start":{"line":105,"column":11},"end":{"line":114,"column":5}},"55":{"start":{"line":106,"column":6},"end":{"line":106,"column":24}},"56":{"start":{"line":107,"column":6},"end":{"line":107,"column":37}},"57":{"start":{"line":107,"column":26},"end":{"line":107,"column":35}},"58":{"start":{"line":108,"column":6},"end":{"line":108,"column":41}},"59":{"start":{"line":109,"column":6},"end":{"line":109,"column":23}},"60":{"start":{"line":110,"column":11},"end":{"line":114,"column":5}},"61":{"start":{"line":111,"column":6},"end":{"line":111,"column":25}},"62":{"start":{"line":112,"column":6},"end":{"line":112,"column":37}},"63":{"start":{"line":112,"column":26},"end":{"line":112,"column":35}},"64":{"start":{"line":113,"column":6},"end":{"line":113,"column":36}},"65":{"start":{"line":116,"column":2},"end":{"line":240,"column":4}},"66":{"start":{"line":132,"column":29},"end":{"line":132,"column":48}},"67":{"start":{"line":149,"column":29},"end":{"line":149,"column":50}},"68":{"start":{"line":165,"column":66},"end":{"line":165,"column":87}},"69":{"start":{"line":184,"column":40},"end":{"line":184,"column":68}},"70":{"start":{"line":201,"column":18},"end":{"line":201,"column":84}},"71":{"start":{"line":210,"column":60},"end":{"line":210,"column":83}},"72":{"start":{"line":221,"column":37},"end":{"line":221,"column":66}},"73":{"start":{"line":229,"column":35},"end":{"line":229,"column":55}}},"fnMap":{"0":{"name":"(anonymous_0)","decl":{"start":{"line":26,"column":15},"end":{"line":26,"column":16}},"loc":{"start":{"line":35,"column":6},"end":{"line":241,"column":1}},"line":35},"1":{"name":"(anonymous_1)","decl":{"start":{"line":49,"column":12},"end":{"line":49,"column":13}},"loc":{"start":{"line":49,"column":18},"end":{"line":68,"column":3}},"line":49},"2":{"name":"(anonymous_2)","decl":{"start":{"line":50,"column":22},"end":{"line":50,"column":23}},"loc":{"start":{"line":50,"column":34},"end":{"line":66,"column":5}},"line":50},"3":{"name":"(anonymous_3)","decl":{"start":{"line":67,"column":22},"end":{"line":67,"column":23}},"loc":{"start":{"line":67,"column":29},"end":{"line":67,"column":43}},"line":67},"4":{"name":"(anonymous_4)","decl":{"start":{"line":70,"column":29},"end":{"line":70,"column":30}},"loc":{"start":{"line":70,"column":41},"end":{"line":83,"column":3}},"line":70},"5":{"name":"(anonymous_5)","decl":{"start":{"line":84,"column":28},"end":{"line":84,"column":29}},"loc":{"start":{"line":84,"column":40},"end":{"line":99,"column":3}},"line":84},"6":{"name":"(anonymous_6)","decl":{"start":{"line":87,"column":15},"end":{"line":87,"column":16}},"loc":{"start":{"line":87,"column":26},"end":{"line":87,"column":35}},"line":87},"7":{"name":"(anonymous_7)","decl":{"start":{"line":91,"column":15},"end":{"line":91,"column":16}},"loc":{"start":{"line":91,"column":26},"end":{"line":91,"column":35}},"line":91},"8":{"name":"(anonymous_8)","decl":{"start":{"line":96,"column":15},"end":{"line":96,"column":16}},"loc":{"start":{"line":96,"column":26},"end":{"line":96,"column":35}},"line":96},"9":{"name":"(anonymous_9)","decl":{"start":{"line":100,"column":30},"end":{"line":100,"column":31}},"loc":{"start":{"line":100,"column":42},"end":{"line":115,"column":3}},"line":100},"10":{"name":"(anonymous_10)","decl":{"start":{"line":103,"column":15},"end":{"line":103,"column":16}},"loc":{"start":{"line":103,"column":26},"end":{"line":103,"column":35}},"line":103},"11":{"name":"(anonymous_11)","decl":{"start":{"line":107,"column":15},"end":{"line":107,"column":16}},"loc":{"start":{"line":107,"column":26},"end":{"line":107,"column":35}},"line":107},"12":{"name":"(anonymous_12)","decl":{"start":{"line":112,"column":15},"end":{"line":112,"column":16}},"loc":{"start":{"line":112,"column":26},"end":{"line":112,"column":35}},"line":112},"13":{"name":"(anonymous_13)","decl":{"start":{"line":132,"column":23},"end":{"line":132,"column":24}},"loc":{"start":{"line":132,"column":29},"end":{"line":132,"column":48}},"line":132},"14":{"name":"(anonymous_14)","decl":{"start":{"line":149,"column":23},"end":{"line":149,"column":24}},"loc":{"start":{"line":149,"column":29},"end":{"line":149,"column":50}},"line":149},"15":{"name":"(anonymous_15)","decl":{"start":{"line":165,"column":60},"end":{"line":165,"column":61}},"loc":{"start":{"line":165,"column":66},"end":{"line":165,"column":87}},"line":165},"16":{"name":"(anonymous_16)","decl":{"start":{"line":184,"column":34},"end":{"line":184,"column":35}},"loc":{"start":{"line":184,"column":40},"end":{"line":184,"column":68}},"line":184},"17":{"name":"(anonymous_17)","decl":{"start":{"line":199,"column":32},"end":{"line":199,"column":33}},"loc":{"start":{"line":201,"column":18},"end":{"line":201,"column":84}},"line":201},"18":{"name":"(anonymous_18)","decl":{"start":{"line":210,"column":54},"end":{"line":210,"column":55}},"loc":{"start":{"line":210,"column":60},"end":{"line":210,"column":83}},"line":210},"19":{"name":"(anonymous_19)","decl":{"start":{"line":221,"column":30},"end":{"line":221,"column":31}},"loc":{"start":{"line":221,"column":37},"end":{"line":221,"column":66}},"line":221},"20":{"name":"(anonymous_20)","decl":{"start":{"line":229,"column":29},"end":{"line":229,"column":30}},"loc":{"start":{"line":229,"column":35},"end":{"line":229,"column":55}},"line":229}},"branchMap":{"0":{"loc":{"start":{"line":45,"column":2},"end":{"line":47,"column":3}},"type":"if","locations":[{"start":{"line":45,"column":2},"end":{"line":47,"column":3}},{"start":{"line":45,"column":2},"end":{"line":47,"column":3}}],"line":45},"1":{"loc":{"start":{"line":53,"column":6},"end":{"line":55,"column":7}},"type":"if","locations":[{"start":{"line":53,"column":6},"end":{"line":55,"column":7}},{"start":{"line":53,"column":6},"end":{"line":55,"column":7}}],"line":53},"2":{"loc":{"start":{"line":56,"column":6},"end":{"line":60,"column":7}},"type":"if","locations":[{"start":{"line":56,"column":6},"end":{"line":60,"column":7}},{"start":{"line":56,"column":6},"end":{"line":60,"column":7}}],"line":56},"3":{"loc":{"start":{"line":61,"column":6},"end":{"line":65,"column":7}},"type":"if","locations":[{"start":{"line":61,"column":6},"end":{"line":65,"column":7}},{"start":{"line":61,"column":6},"end":{"line":65,"column":7}}],"line":61},"4":{"loc":{"start":{"line":71,"column":4},"end":{"line":82,"column":5}},"type":"if","locations":[{"start":{"line":71,"column":4},"end":{"line":82,"column":5}},{"start":{"line":71,"column":4},"end":{"line":82,"column":5}}],"line":71},"5":{"loc":{"start":{"line":85,"column":4},"end":{"line":98,"column":5}},"type":"if","locations":[{"start":{"line":85,"column":4},"end":{"line":98,"column":5}},{"start":{"line":85,"column":4},"end":{"line":98,"column":5}}],"line":85},"6":{"loc":{"start":{"line":85,"column":8},"end":{"line":85,"column":27}},"type":"binary-expr","locations":[{"start":{"line":85,"column":8},"end":{"line":85,"column":14}},{"start":{"line":85,"column":18},"end":{"line":85,"column":27}}],"line":85},"7":{"loc":{"start":{"line":89,"column":11},"end":{"line":98,"column":5}},"type":"if","locations":[{"start":{"line":89,"column":11},"end":{"line":98,"column":5}},{"start":{"line":89,"column":11},"end":{"line":98,"column":5}}],"line":89},"8":{"loc":{"start":{"line":89,"column":15},"end":{"line":89,"column":34}},"type":"binary-expr","locations":[{"start":{"line":89,"column":15},"end":{"line":89,"column":22}},{"start":{"line":89,"column":26},"end":{"line":89,"column":34}}],"line":89},"9":{"loc":{"start":{"line":94,"column":11},"end":{"line":98,"column":5}},"type":"if","locations":[{"start":{"line":94,"column":11},"end":{"line":98,"column":5}},{"start":{"line":94,"column":11},"end":{"line":98,"column":5}}],"line":94},"10":{"loc":{"start":{"line":94,"column":15},"end":{"line":94,"column":35}},"type":"binary-expr","locations":[{"start":{"line":94,"column":15},"end":{"line":94,"column":22}},{"start":{"line":94,"column":26},"end":{"line":94,"column":35}}],"line":94},"11":{"loc":{"start":{"line":101,"column":4},"end":{"line":114,"column":5}},"type":"if","locations":[{"start":{"line":101,"column":4},"end":{"line":114,"column":5}},{"start":{"line":101,"column":4},"end":{"line":114,"column":5}}],"line":101},"12":{"loc":{"start":{"line":101,"column":8},"end":{"line":101,"column":28}},"type":"binary-expr","locations":[{"start":{"line":101,"column":8},"end":{"line":101,"column":17}},{"start":{"line":101,"column":21},"end":{"line":101,"column":28}}],"line":101},"13":{"loc":{"start":{"line":105,"column":11},"end":{"line":114,"column":5}},"type":"if","locations":[{"start":{"line":105,"column":11},"end":{"line":114,"column":5}},{"start":{"line":105,"column":11},"end":{"line":114,"column":5}}],"line":105},"14":{"loc":{"start":{"line":105,"column":15},"end":{"line":105,"column":34}},"type":"binary-expr","locations":[{"start":{"line":105,"column":15},"end":{"line":105,"column":24}},{"start":{"line":105,"column":28},"end":{"line":105,"column":34}}],"line":105},"15":{"loc":{"start":{"line":110,"column":11},"end":{"line":114,"column":5}},"type":"if","locations":[{"start":{"line":110,"column":11},"end":{"line":114,"column":5}},{"start":{"line":110,"column":11},"end":{"line":114,"column":5}}],"line":110},"16":{"loc":{"start":{"line":110,"column":15},"end":{"line":110,"column":34}},"type":"binary-expr","locations":[{"start":{"line":110,"column":15},"end":{"line":110,"column":23}},{"start":{"line":110,"column":27},"end":{"line":110,"column":34}}],"line":110},"17":{"loc":{"start":{"line":130,"column":21},"end":{"line":130,"column":53}},"type":"cond-expr","locations":[{"start":{"line":130,"column":30},"end":{"line":130,"column":41}},{"start":{"line":130,"column":44},"end":{"line":130,"column":53}}],"line":130},"18":{"loc":{"start":{"line":148,"column":21},"end":{"line":148,"column":55}},"type":"cond-expr","locations":[{"start":{"line":148,"column":32},"end":{"line":148,"column":43}},{"start":{"line":148,"column":46},"end":{"line":148,"column":55}}],"line":148},"19":{"loc":{"start":{"line":167,"column":21},"end":{"line":167,"column":57}},"type":"cond-expr","locations":[{"start":{"line":167,"column":29},"end":{"line":167,"column":52}},{"start":{"line":167,"column":55},"end":{"line":167,"column":57}}],"line":167},"20":{"loc":{"start":{"line":187,"column":13},"end":{"line":188,"column":69}},"type":"cond-expr","locations":[{"start":{"line":187,"column":28},"end":{"line":187,"column":77}},{"start":{"line":188,"column":17},"end":{"line":188,"column":68}}],"line":187},"21":{"loc":{"start":{"line":193,"column":7},"end":{"line":238,"column":16}},"type":"cond-expr","locations":[{"start":{"line":194,"column":8},"end":{"line":237,"column":11}},{"start":{"line":238,"column":11},"end":{"line":238,"column":15}}],"line":193},"22":{"loc":{"start":{"line":198,"column":15},"end":{"line":202,"column":18}},"type":"binary-expr","locations":[{"start":{"line":198,"column":15},"end":{"line":198,"column":41}},{"start":{"line":199,"column":16},"end":{"line":202,"column":18}}],"line":198},"23":{"loc":{"start":{"line":208,"column":15},"end":{"line":234,"column":15}},"type":"cond-expr","locations":[{"start":{"line":209,"column":16},"end":{"line":213,"column":19}},{"start":{"line":215,"column":16},"end":{"line":233,"column":19}}],"line":208}},"s":{"0":11,"1":60,"2":60,"3":60,"4":60,"5":60,"6":60,"7":60,"8":60,"9":60,"10":60,"11":60,"12":22,"13":22,"14":22,"15":22,"16":22,"17":22,"18":0,"19":22,"20":22,"21":0,"22":22,"23":22,"24":0,"25":60,"26":0,"27":0,"28":0,"29":0,"30":0,"31":60,"32":2,"33":0,"34":0,"35":0,"36":0,"37":2,"38":0,"39":0,"40":0,"41":0,"42":0,"43":2,"44":2,"45":2,"46":2,"47":2,"48":60,"49":2,"50":2,"51":2,"52":2,"53":2,"54":0,"55":0,"56":0,"57":0,"58":0,"59":0,"60":0,"61":0,"62":0,"63":0,"64":0,"65":60,"66":2,"67":2,"68":0,"69":0,"70":0,"71":0,"72":0,"73":0},"f":{"0":60,"1":22,"2":22,"3":0,"4":0,"5":2,"6":0,"7":0,"8":2,"9":2,"10":2,"11":0,"12":0,"13":2,"14":2,"15":0,"16":0,"17":0,"18":0,"19":0,"20":0},"b":{"0":[60,0],"1":[22,0],"2":[0,22],"3":[0,22],"4":[0,0],"5":[0,2],"6":[2,0],"7":[0,2],"8":[2,2],"9":[2,0],"10":[2,2],"11":[2,0],"12":[2,2],"13":[0,0],"14":[0,0],"15":[0,0],"16":[0,0],"17":[2,58],"18":[2,58],"19":[60,0],"20":[0,60],"21":[0,60],"22":[0,0],"23":[0,0]},"_coverageSchema":"1a1c01bbd47fc00a2c39e90264f33305004495a9","hash":"a61242cd83589031b404a92777ef235bbcca6256"}
,"D:\\MS CS\\CS 5610 Web Development\\Final Project\\web-dev-final-project-aditya-sudhanva\\client\\src\\components\\main\\answerPage\\comments\\index.js": {"path":"D:\\MS CS\\CS 5610 Web Development\\Final Project\\web-dev-final-project-aditya-sudhanva\\client\\src\\components\\main\\answerPage\\comments\\index.js","statementMap":{"0":{"start":{"line":14,"column":16},"end":{"line":123,"column":1}},"1":{"start":{"line":15,"column":30},"end":{"line":15,"column":45}},"2":{"start":{"line":16,"column":34},"end":{"line":16,"column":49}},"3":{"start":{"line":17,"column":28},"end":{"line":17,"column":51}},"4":{"start":{"line":18,"column":19},"end":{"line":20,"column":4}},"5":{"start":{"line":21,"column":23},"end":{"line":23,"column":4}},"6":{"start":{"line":25,"column":2},"end":{"line":30,"column":9}},"7":{"start":{"line":26,"column":22},"end":{"line":28,"column":5}},"8":{"start":{"line":27,"column":6},"end":{"line":27,"column":35}},"9":{"start":{"line":29,"column":4},"end":{"line":29,"column":45}},"10":{"start":{"line":29,"column":29},"end":{"line":29,"column":43}},"11":{"start":{"line":32,"column":31},"end":{"line":45,"column":3}},"12":{"start":{"line":33,"column":22},"end":{"line":33,"column":44}},"13":{"start":{"line":35,"column":4},"end":{"line":39,"column":5}},"14":{"start":{"line":36,"column":6},"end":{"line":36,"column":22}},"15":{"start":{"line":38,"column":6},"end":{"line":38,"column":23}},"16":{"start":{"line":40,"column":4},"end":{"line":44,"column":5}},"17":{"start":{"line":41,"column":6},"end":{"line":41,"column":24}},"18":{"start":{"line":43,"column":6},"end":{"line":43,"column":25}},"19":{"start":{"line":47,"column":28},"end":{"line":62,"column":3}},"20":{"start":{"line":48,"column":4},"end":{"line":61,"column":5}},"21":{"start":{"line":49,"column":6},"end":{"line":49,"column":23}},"22":{"start":{"line":50,"column":6},"end":{"line":50,"column":37}},"23":{"start":{"line":50,"column":26},"end":{"line":50,"column":35}},"24":{"start":{"line":51,"column":6},"end":{"line":51,"column":49}},"25":{"start":{"line":52,"column":11},"end":{"line":61,"column":5}},"26":{"start":{"line":53,"column":6},"end":{"line":53,"column":22}},"27":{"start":{"line":54,"column":6},"end":{"line":54,"column":37}},"28":{"start":{"line":54,"column":26},"end":{"line":54,"column":35}},"29":{"start":{"line":55,"column":6},"end":{"line":55,"column":49}},"30":{"start":{"line":56,"column":6},"end":{"line":56,"column":25}},"31":{"start":{"line":57,"column":11},"end":{"line":61,"column":5}},"32":{"start":{"line":58,"column":6},"end":{"line":58,"column":22}},"33":{"start":{"line":59,"column":6},"end":{"line":59,"column":37}},"34":{"start":{"line":59,"column":26},"end":{"line":59,"column":35}},"35":{"start":{"line":60,"column":6},"end":{"line":60,"column":47}},"36":{"start":{"line":63,"column":30},"end":{"line":78,"column":3}},"37":{"start":{"line":64,"column":4},"end":{"line":77,"column":5}},"38":{"start":{"line":65,"column":6},"end":{"line":65,"column":24}},"39":{"start":{"line":66,"column":6},"end":{"line":66,"column":37}},"40":{"start":{"line":66,"column":26},"end":{"line":66,"column":35}},"41":{"start":{"line":67,"column":6},"end":{"line":67,"column":50}},"42":{"start":{"line":68,"column":11},"end":{"line":77,"column":5}},"43":{"start":{"line":69,"column":6},"end":{"line":69,"column":24}},"44":{"start":{"line":70,"column":6},"end":{"line":70,"column":37}},"45":{"start":{"line":70,"column":26},"end":{"line":70,"column":35}},"46":{"start":{"line":71,"column":6},"end":{"line":71,"column":51}},"47":{"start":{"line":72,"column":6},"end":{"line":72,"column":23}},"48":{"start":{"line":73,"column":11},"end":{"line":77,"column":5}},"49":{"start":{"line":74,"column":6},"end":{"line":74,"column":25}},"50":{"start":{"line":75,"column":6},"end":{"line":75,"column":37}},"51":{"start":{"line":75,"column":26},"end":{"line":75,"column":35}},"52":{"start":{"line":76,"column":6},"end":{"line":76,"column":46}},"53":{"start":{"line":80,"column":2},"end":{"line":122,"column":4}},"54":{"start":{"line":88,"column":29},"end":{"line":88,"column":48}},"55":{"start":{"line":103,"column":29},"end":{"line":103,"column":50}},"56":{"start":{"line":109,"column":70},"end":{"line":109,"column":104}}},"fnMap":{"0":{"name":"(anonymous_0)","decl":{"start":{"line":14,"column":16},"end":{"line":14,"column":17}},"loc":{"start":{"line":14,"column":48},"end":{"line":123,"column":1}},"line":14},"1":{"name":"(anonymous_1)","decl":{"start":{"line":25,"column":12},"end":{"line":25,"column":13}},"loc":{"start":{"line":25,"column":18},"end":{"line":30,"column":3}},"line":25},"2":{"name":"(anonymous_2)","decl":{"start":{"line":26,"column":22},"end":{"line":26,"column":23}},"loc":{"start":{"line":26,"column":34},"end":{"line":28,"column":5}},"line":26},"3":{"name":"(anonymous_3)","decl":{"start":{"line":29,"column":22},"end":{"line":29,"column":23}},"loc":{"start":{"line":29,"column":29},"end":{"line":29,"column":43}},"line":29},"4":{"name":"(anonymous_4)","decl":{"start":{"line":32,"column":31},"end":{"line":32,"column":32}},"loc":{"start":{"line":32,"column":43},"end":{"line":45,"column":3}},"line":32},"5":{"name":"(anonymous_5)","decl":{"start":{"line":47,"column":28},"end":{"line":47,"column":29}},"loc":{"start":{"line":47,"column":40},"end":{"line":62,"column":3}},"line":47},"6":{"name":"(anonymous_6)","decl":{"start":{"line":50,"column":15},"end":{"line":50,"column":16}},"loc":{"start":{"line":50,"column":26},"end":{"line":50,"column":35}},"line":50},"7":{"name":"(anonymous_7)","decl":{"start":{"line":54,"column":15},"end":{"line":54,"column":16}},"loc":{"start":{"line":54,"column":26},"end":{"line":54,"column":35}},"line":54},"8":{"name":"(anonymous_8)","decl":{"start":{"line":59,"column":15},"end":{"line":59,"column":16}},"loc":{"start":{"line":59,"column":26},"end":{"line":59,"column":35}},"line":59},"9":{"name":"(anonymous_9)","decl":{"start":{"line":63,"column":30},"end":{"line":63,"column":31}},"loc":{"start":{"line":63,"column":42},"end":{"line":78,"column":3}},"line":63},"10":{"name":"(anonymous_10)","decl":{"start":{"line":66,"column":15},"end":{"line":66,"column":16}},"loc":{"start":{"line":66,"column":26},"end":{"line":66,"column":35}},"line":66},"11":{"name":"(anonymous_11)","decl":{"start":{"line":70,"column":15},"end":{"line":70,"column":16}},"loc":{"start":{"line":70,"column":26},"end":{"line":70,"column":35}},"line":70},"12":{"name":"(anonymous_12)","decl":{"start":{"line":75,"column":15},"end":{"line":75,"column":16}},"loc":{"start":{"line":75,"column":26},"end":{"line":75,"column":35}},"line":75},"13":{"name":"(anonymous_13)","decl":{"start":{"line":88,"column":23},"end":{"line":88,"column":24}},"loc":{"start":{"line":88,"column":29},"end":{"line":88,"column":48}},"line":88},"14":{"name":"(anonymous_14)","decl":{"start":{"line":103,"column":23},"end":{"line":103,"column":24}},"loc":{"start":{"line":103,"column":29},"end":{"line":103,"column":50}},"line":103},"15":{"name":"(anonymous_15)","decl":{"start":{"line":109,"column":64},"end":{"line":109,"column":65}},"loc":{"start":{"line":109,"column":70},"end":{"line":109,"column":104}},"line":109}},"branchMap":{"0":{"loc":{"start":{"line":18,"column":22},"end":{"line":18,"column":57}},"type":"binary-expr","locations":[{"start":{"line":18,"column":22},"end":{"line":18,"column":51}},{"start":{"line":18,"column":55},"end":{"line":18,"column":57}}],"line":18},"1":{"loc":{"start":{"line":19,"column":4},"end":{"line":19,"column":38}},"type":"binary-expr","locations":[{"start":{"line":19,"column":4},"end":{"line":19,"column":32}},{"start":{"line":19,"column":36},"end":{"line":19,"column":38}}],"line":19},"2":{"loc":{"start":{"line":35,"column":4},"end":{"line":39,"column":5}},"type":"if","locations":[{"start":{"line":35,"column":4},"end":{"line":39,"column":5}},{"start":{"line":35,"column":4},"end":{"line":39,"column":5}}],"line":35},"3":{"loc":{"start":{"line":40,"column":4},"end":{"line":44,"column":5}},"type":"if","locations":[{"start":{"line":40,"column":4},"end":{"line":44,"column":5}},{"start":{"line":40,"column":4},"end":{"line":44,"column":5}}],"line":40},"4":{"loc":{"start":{"line":48,"column":4},"end":{"line":61,"column":5}},"type":"if","locations":[{"start":{"line":48,"column":4},"end":{"line":61,"column":5}},{"start":{"line":48,"column":4},"end":{"line":61,"column":5}}],"line":48},"5":{"loc":{"start":{"line":48,"column":8},"end":{"line":48,"column":27}},"type":"binary-expr","locations":[{"start":{"line":48,"column":8},"end":{"line":48,"column":14}},{"start":{"line":48,"column":18},"end":{"line":48,"column":27}}],"line":48},"6":{"loc":{"start":{"line":52,"column":11},"end":{"line":61,"column":5}},"type":"if","locations":[{"start":{"line":52,"column":11},"end":{"line":61,"column":5}},{"start":{"line":52,"column":11},"end":{"line":61,"column":5}}],"line":52},"7":{"loc":{"start":{"line":52,"column":15},"end":{"line":52,"column":34}},"type":"binary-expr","locations":[{"start":{"line":52,"column":15},"end":{"line":52,"column":22}},{"start":{"line":52,"column":26},"end":{"line":52,"column":34}}],"line":52},"8":{"loc":{"start":{"line":57,"column":11},"end":{"line":61,"column":5}},"type":"if","locations":[{"start":{"line":57,"column":11},"end":{"line":61,"column":5}},{"start":{"line":57,"column":11},"end":{"line":61,"column":5}}],"line":57},"9":{"loc":{"start":{"line":57,"column":15},"end":{"line":57,"column":35}},"type":"binary-expr","locations":[{"start":{"line":57,"column":15},"end":{"line":57,"column":22}},{"start":{"line":57,"column":26},"end":{"line":57,"column":35}}],"line":57},"10":{"loc":{"start":{"line":64,"column":4},"end":{"line":77,"column":5}},"type":"if","locations":[{"start":{"line":64,"column":4},"end":{"line":77,"column":5}},{"start":{"line":64,"column":4},"end":{"line":77,"column":5}}],"line":64},"11":{"loc":{"start":{"line":64,"column":8},"end":{"line":64,"column":28}},"type":"binary-expr","locations":[{"start":{"line":64,"column":8},"end":{"line":64,"column":17}},{"start":{"line":64,"column":21},"end":{"line":64,"column":28}}],"line":64},"12":{"loc":{"start":{"line":68,"column":11},"end":{"line":77,"column":5}},"type":"if","locations":[{"start":{"line":68,"column":11},"end":{"line":77,"column":5}},{"start":{"line":68,"column":11},"end":{"line":77,"column":5}}],"line":68},"13":{"loc":{"start":{"line":68,"column":15},"end":{"line":68,"column":34}},"type":"binary-expr","locations":[{"start":{"line":68,"column":15},"end":{"line":68,"column":24}},{"start":{"line":68,"column":28},"end":{"line":68,"column":34}}],"line":68},"14":{"loc":{"start":{"line":73,"column":11},"end":{"line":77,"column":5}},"type":"if","locations":[{"start":{"line":73,"column":11},"end":{"line":77,"column":5}},{"start":{"line":73,"column":11},"end":{"line":77,"column":5}}],"line":73},"15":{"loc":{"start":{"line":73,"column":15},"end":{"line":73,"column":34}},"type":"binary-expr","locations":[{"start":{"line":73,"column":15},"end":{"line":73,"column":23}},{"start":{"line":73,"column":27},"end":{"line":73,"column":34}}],"line":73},"16":{"loc":{"start":{"line":87,"column":21},"end":{"line":87,"column":53}},"type":"cond-expr","locations":[{"start":{"line":87,"column":30},"end":{"line":87,"column":41}},{"start":{"line":87,"column":44},"end":{"line":87,"column":53}}],"line":87},"17":{"loc":{"start":{"line":102,"column":21},"end":{"line":102,"column":55}},"type":"cond-expr","locations":[{"start":{"line":102,"column":32},"end":{"line":102,"column":43}},{"start":{"line":102,"column":46},"end":{"line":102,"column":55}}],"line":102},"18":{"loc":{"start":{"line":110,"column":13},"end":{"line":116,"column":13}},"type":"binary-expr","locations":[{"start":{"line":110,"column":13},"end":{"line":110,"column":50}},{"start":{"line":111,"column":14},"end":{"line":115,"column":16}}],"line":110}},"s":{"0":11,"1":81,"2":81,"3":81,"4":81,"5":81,"6":81,"7":33,"8":33,"9":33,"10":0,"11":81,"12":33,"13":33,"14":1,"15":32,"16":33,"17":0,"18":33,"19":81,"20":3,"21":0,"22":0,"23":0,"24":0,"25":3,"26":1,"27":1,"28":1,"29":1,"30":1,"31":2,"32":2,"33":2,"34":2,"35":2,"36":81,"37":3,"38":2,"39":2,"40":2,"41":2,"42":1,"43":1,"44":1,"45":1,"46":1,"47":1,"48":0,"49":0,"50":0,"51":0,"52":0,"53":81,"54":3,"55":3,"56":0},"f":{"0":81,"1":33,"2":33,"3":0,"4":33,"5":3,"6":0,"7":1,"8":2,"9":3,"10":2,"11":1,"12":0,"13":3,"14":3,"15":0},"b":{"0":[81,0],"1":[81,0],"2":[1,32],"3":[0,33],"4":[0,3],"5":[3,0],"6":[1,2],"7":[3,3],"8":[2,0],"9":[2,2],"10":[2,1],"11":[3,3],"12":[1,0],"13":[1,1],"14":[0,0],"15":[0,0],"16":[9,72],"17":[7,74],"18":[81,81]},"_coverageSchema":"1a1c01bbd47fc00a2c39e90264f33305004495a9","hash":"71d4acbf3b33c634dd16be3283f6abc561ccff5f"}
[...]
n":8},"end":{"line":15,"column":21}},"8":{"start":{"line":18,"column":4},"end":{"line":18,"column":16}},"9":{"start":{"line":20,"column":4},"end":{"line":20,"column":46}},"10":{"start":{"line":24,"column":21},"end":{"line":61,"column":1}},"11":{"start":{"line":25,"column":2},"end":{"line":60,"column":3}},"12":{"start":{"line":26,"column":19},"end":{"line":26,"column":23}},"13":{"start":{"line":27,"column":18},"end":{"line":27,"column":22}},"14":{"start":{"line":29,"column":18},"end":{"line":29,"column":32}},"15":{"start":{"line":30,"column":4},"end":{"line":33,"column":5}},"16":{"start":{"line":31,"column":6},"end":{"line":31,"column":60}},"17":{"start":{"line":32,"column":6},"end":{"line":32,"column":57}},"18":{"start":{"line":36,"column":50},"end":{"line":36,"column":58}},"19":{"start":{"line":38,"column":31},"end":{"line":42,"column":5}},"20":{"start":{"line":44,"column":21},"end":{"line":46,"column":6}},"21":{"start":{"line":48,"column":4},"end":{"line":54,"column":5}},"22":{"start":{"line":49,"column":6},"end":{"line":53,"column":7}},"23":{"start":{"line":52,"column":8},"end":{"line":52,"column":21}},"24":{"start":{"line":56,"column":4},"end":{"line":56,"column":16}},"25":{"start":{"line":58,"column":4},"end":{"line":58,"column":53}},"26":{"start":{"line":59,"column":4},"end":{"line":59,"column":16}},"27":{"start":{"line":63,"column":28},"end":{"line":97,"column":1}},"28":{"start":{"line":64,"column":2},"end":{"line":96,"column":5}},"29":{"start":{"line":65,"column":19},"end":{"line":65,"column":35}},"30":{"start":{"line":67,"column":4},"end":{"line":93,"column":6}},"31":{"start":{"line":68,"column":18},"end":{"line":68,"column":29}},"32":{"start":{"line":70,"column":6},"end":{"line":90,"column":8}},"33":{"start":{"line":71,"column":20},"end":{"line":71,"column":29}},"34":{"start":{"line":72,"column":21},"end":{"line":72,"column":31}},"35":{"start":{"line":74,"column":8},"end":{"line":78,"column":9}},"36":{"start":{"line":75,"column":24},"end":{"line":75,"column":70}},"37":{"start":{"line":76,"column":10},"end":{"line":76,"column":25}},"38":{"start":{"line":77,"column":10},"end":{"line":77,"column":26}},"39":{"start":{"line":79,"column":23},"end":{"line":79,"column":55}},"40":{"start":{"line":80,"column":8},"end":{"line":80,"column":32}},"41":{"start":{"line":81,"column":8},"end":{"line":81,"column":34}},"42":{"start":{"line":82,"column":20},"end":{"line":82,"column":43}},"43":{"start":{"line":83,"column":8},"end":{"line":83,"column":34}},"44":{"start":{"line":84,"column":8},"end":{"line":84,"column":56}},"45":{"start":{"line":85,"column":24},"end":{"line":85,"column":46}},"46":{"start":{"line":86,"column":24},"end":{"line":86,"column":48}},"47":{"start":{"line":87,"column":8},"end":{"line":87,"column":60}},"48":{"start":{"line":88,"column":35},"end":{"line":88,"column":65}},"49":{"start":{"line":89,"column":8},"end":{"line":89,"column":36}},"50":{"start":{"line":91,"column":6},"end":{"line":91,"column":45}},"51":{"start":{"line":91,"column":31},"end":{"line":91,"column":44}},"52":{"start":{"line":92,"column":6},"end":{"line":92,"column":36}},"53":{"start":{"line":94,"column":4},"end":{"line":94,"column":46}},"54":{"start":{"line":94,"column":32},"end":{"line":94,"column":45}},"55":{"start":{"line":95,"column":4},"end":{"line":95,"column":36}},"56":{"start":{"line":99,"column":21},"end":{"line":122,"column":1}},"57":{"start":{"line":100,"column":2},"end":{"line":121,"column":3}},"58":{"start":{"line":101,"column":21},"end":{"line":101,"column":66}},"59":{"start":{"line":102,"column":47},"end":{"line":102,"column":60}},"60":{"start":{"line":104,"column":4},"end":{"line":117,"column":5}},"61":{"start":{"line":105,"column":6},"end":{"line":114,"column":7}},"62":{"start":{"line":106,"column":28},"end":{"line":106,"column":48}},"63":{"start":{"line":107,"column":8},"end":{"line":111,"column":9}},"64":{"start":{"line":108,"column":10},"end":{"line":108,"column":32}},"65":{"start":{"line":110,"column":10},"end":{"line":110,"column":44}},"66":{"start":{"line":113,"column":8},"end":{"line":113,"column":35}},"67":{"start":{"line":116,"column":6},"end":{"line":116,"column":38}},"68":{"start":{"line":119,"column":4},"end":{"line":119,"column":59}},"69":{"start":{"line":120,"column":4},"end":{"line":120,"column":16}},"70":{"start":{"line":124,"column":21},"end":{"line":138,"column":1}},"71":{"start":{"line":125,"column":2},"end":{"line":137,"column":3}},"72":{"start":{"line":126,"column":21},"end":{"line":126,"column":67}},"73":{"start":{"line":127,"column":4},"end":{"line":133,"column":5}},"74":{"start":{"line":128,"column":6},"end":{"line":128,"column":18}},"75":{"start":{"line":129,"column":11},"end":{"line":133,"column":5}},"76":{"start":{"line":130,"column":6},"end":{"line":130,"column":19}},"77":{"start":{"line":132,"column":6},"end":{"line":132,"column":55}},"78":{"start":{"line":135,"column":4},"end":{"line":135,"column":60}},"79":{"start":{"line":136,"column":4},"end":{"line":136,"column":16}},"80":{"start":{"line":140,"column":19},"end":{"line":143,"column":1}},"81":{"start":{"line":142,"column":14},"end":{"line":142,"column":54}},"82":{"start":{"line":147,"column":20},"end":{"line":150,"column":1}},"83":{"start":{"line":148,"column":14},"end":{"line":148,"column":62}},"84":{"start":{"line":149,"column":2},"end":{"line":149,"column":18}},"85":{"start":{"line":152,"column":25},"end":{"line":157,"column":1}},"86":{"start":{"line":153,"column":14},"end":{"line":155,"column":3}},"87":{"start":{"line":156,"column":2},"end":{"line":156,"column":18}},"88":{"start":{"line":159,"column":23},"end":{"line":162,"column":1}},"89":{"start":{"line":160,"column":14},"end":{"line":160,"column":65}},"90":{"start":{"line":161,"column":2},"end":{"line":161,"column":21}},"91":{"start":{"line":164,"column":28},"end":{"line":169,"column":1}},"92":{"start":{"line":165,"column":14},"end":{"line":167,"column":3}},"93":{"start":{"line":168,"column":2},"end":{"line":168,"column":18}},"94":{"start":{"line":171,"column":21},"end":{"line":176,"column":1}},"95":{"start":{"line":172,"column":14},"end":{"line":174,"column":3}},"96":{"start":{"line":175,"column":2},"end":{"line":175,"column":18}}},"fnMap":{"0":{"name":"(anonymous_0)","decl":{"start":{"line":7,"column":18},"end":{"line":7,"column":19}},"loc":{"start":{"line":7,"column":45},"end":{"line":22,"column":1}},"line":7},"1":{"name":"(anonymous_1)","decl":{"start":{"line":24,"column":21},"end":{"line":24,"column":22}},"loc":{"start":{"line":24,"column":41},"end":{"line":61,"column":1}},"line":24},"2":{"name":"(anonymous_2)","decl":{"start":{"line":63,"column":28},"end":{"line":63,"column":29}},"loc":{"start":{"line":63,"column":64},"end":{"line":97,"column":1}},"line":63},"3":{"name":"(anonymous_3)","decl":{"start":{"line":64,"column":21},"end":{"line":64,"column":22}},"loc":{"start":{"line":64,"column":42},"end":{"line":96,"column":3}},"line":64},"4":{"name":"(anonymous_4)","decl":{"start":{"line":67,"column":20},"end":{"line":67,"column":21}},"loc":{"start":{"line":67,"column":31},"end":{"line":93,"column":5}},"line":67},"5":{"name":"(anonymous_5)","decl":{"start":{"line":70,"column":19},"end":{"line":70,"column":20}},"loc":{"start":{"line":70,"column":25},"end":{"line":90,"column":7}},"line":70},"6":{"name":"(anonymous_6)","decl":{"start":{"line":91,"column":20},"end":{"line":91,"column":21}},"loc":{"start":{"line":91,"column":31},"end":{"line":91,"column":44}},"line":91},"7":{"name":"(anonymous_7)","decl":{"start":{"line":94,"column":21},"end":{"line":94,"column":22}},"loc":{"start":{"line":94,"column":32},"end":{"line":94,"column":45}},"line":94},"8":{"name":"(anonymous_8)","decl":{"start":{"line":99,"column":21},"end":{"line":99,"column":22}},"loc":{"start":{"line":99,"column":33},"end":{"line":122,"column":1}},"line":99},"9":{"name":"(anonymous_9)","decl":{"start":{"line":124,"column":21},"end":{"line":124,"column":22}},"loc":{"start":{"line":124,"column":33},"end":{"line":138,"column":1}},"line":124},"10":{"name":"(anonymous_10)","decl":{"start":{"line":140,"column":19},"end":{"line":140,"column":20}},"loc":{"start":{"line":140,"column":31},"end":{"line":143,"column":1}},"line":140},"11":{"name":"(anonymous_11)","decl":{"start":{"line":147,"column":20},"end":{"line":147,"column":21}},"loc":{"start":{"line":147,"column":32},"end":{"line":150,"column":1}},"line":147},"12":{"name":"(anonymous_12)","decl":{"start":{"line":152,"column":25},"end":{"line":152,"column":26}},"loc":{"start":{"line":152,"column":41},"end":{"line":157,"column":1}},"line":152},"13":{"name":"(anonymous_13)","decl":{"start":{"line":159,"column":23},"end":{"line":159,"column":24}},"loc":{"start":{"line":159,"column":35},"end":{"line":162,"column":1}},"line":159},"14":{"name":"(anonymous_14)","decl":{"start":{"line":164,"column":28},"end":{"line":164,"column":29}},"loc":{"start":{"line":164,"column":45},"end":{"line":169,"column":1}},"line":164},"15":{"name":"(anonymous_15)","decl":{"start":{"line":171,"column":21},"end":{"line":171,"column":22}},"loc":{"start":{"line":171,"column":55},"end":{"line":176,"column":1}},"line":171}},"branchMap":{"0":{"loc":{"start":{"line":13,"column":4},"end":{"line":17,"column":5}},"type":"if","locations":[{"start":{"line":13,"column":4},"end":{"line":17,"column":5}},{"start":{"line":13,"column":4},"end":{"line":17,"column":5}}],"line":13},"1":{"loc":{"start":{"line":13,"column":8},"end":{"line":13,"column":59}},"type":"binary-expr","locations":[{"start":{"line":13,"column":8},"end":{"line":13,"column":34}},{"start":{"line":13,"column":38},"end":{"line":13,"column":59}}],"line":13},"2":{"loc":{"start":{"line":14,"column":6},"end":{"line":16,"column":7}},"type":"if","locations":[{"start":{"line":14,"column":6},"end":{"line":16,"column":7}},{"start":{"line":14,"column":6},"end":{"line":16,"column":7}}],"line":14},"3":{"loc":{"start":{"line":30,"column":4},"end":{"line":33,"column":5}},"type":"if","locations":[{"start":{"line":30,"column":4},"end":{"line":33,"column":5}},{"start":{"line":30,"column":4},"end":{"line":33,"column":5}}],"line":30},"4":{"loc":{"start":{"line":48,"column":4},"end":{"line":54,"column":5}},"type":"if","locations":[{"start":{"line":48,"column":4},"end":{"line":54,"column":5}},{"start":{"line":48,"column":4},"end":{"line":54,"column":5}}],"line":48},"5":{"loc":{"start":{"line":48,"column":8},"end":{"line":48,"column":59}},"type":"binary-expr","locations":[{"start":{"line":48,"column":8},"end":{"line":48,"column":34}},{"start":{"line":48,"column":38},"end":{"line":48,"column":59}}],"line":48},"6":{"loc":{"start":{"line":49,"column":6},"end":{"line":53,"column":7}},"type":"if","locations":[{"start":{"line":49,"column":6},"end":{"line":53,"column":7}},{"start":{"line":49,"column":6},"end":{"line":53,"column":7}}],"line":49},"7":{"loc":{"start":{"line":74,"column":8},"end":{"line":78,"column":9}},"type":"if","locations":[{"start":{"line":74,"column":8},"end":{"line":78,"column":9}},{"start":{"line":74,"column":8},"end":{"line":78,"column":9}}],"line":74},"8":{"loc":{"start":{"line":74,"column":12},"end":{"line":74,"column":50}},"type":"binary-expr","locations":[{"start":{"line":74,"column":12},"end":{"line":74,"column":28}},{"start":{"line":74,"column":32},"end":{"line":74,"column":50}}],"line":74},"9":{"loc":{"start":{"line":104,"column":4},"end":{"line":117,"column":5}},"type":"if","locations":[{"start":{"line":104,"column":4},"end":{"line":117,"column":5}},{"start":{"line":104,"column":4},"end":{"line":117,"column":5}}],"line":104},"10":{"loc":{"start":{"line":105,"column":6},"end":{"line":114,"column":7}},"type":"if","locations":[{"start":{"line":105,"column":6},"end":{"line":114,"column":7}},{"start":{"line":105,"column":6},"end":{"line":114,"column":7}}],"line":105},"11":{"loc":{"start":{"line":107,"column":8},"end":{"line":111,"column":9}},"type":"if","locations":[{"start":{"line":107,"column":8},"end":{"line":111,"column":9}},{"start":{"line":107,"column":8},"end":{"line":111,"column":9}}],"line":107},"12":{"loc":{"start":{"line":127,"column":4},"end":{"line":133,"column":5}},"type":"if","locations":[{"start":{"line":127,"column":4},"end":{"line":133,"column":5}},{"start":{"line":127,"column":4},"end":{"line":133,"column":5}}],"line":127},"13":{"loc":{"start":{"line":129,"column":11},"end":{"line":133,"column":5}},"type":"if","locations":[{"start":{"line":129,"column":11},"end":{"line":133,"column":5}},{"start":{"line":129,"column":11},"end":{"line":133,"column":5}}],"line":129},"14":{"loc":{"start":{"line":171,"column":28},"end":{"line":171,"column":39}},"type":"default-arg","locations":[{"start":{"line":171,"column":35},"end":{"line":171,"column":39}}],"line":171},"15":{"loc":{"start":{"line":171,"column":41},"end":{"line":171,"column":50}},"type":"default-arg","locations":[{"start":{"line":171,"column":46},"end":{"line":171,"column":50}}],"line":171}},"s":{"0":11,"1":11,"2":11,"3":11,"4":11,"5":11,"6":0,"7":0,"8":11,"9":0,"10":11,"11":0,"12":0,"13":0,"14":0,"15":0,"16":0,"17":0,"18":0,"19":0,"20":0,"21":0,"22":0,"23":0,"24":0,"25":0,"26":0,"27":11,"28":0,"29":0,"30":0,"31":0,"32":0,"33":0,"34":0,"35":0,"36":0,"37":0,"38":0,"39":0,"40":0,"41":0,"42":0,"43":0,"44":0,"45":0,"46":0,"47":0,"48":0,"49":0,"50":0,"51":0,"52":0,"53":0,"54":0,"55":0,"56":11,"57":11,"58":11,"59":11,"60":0,"61":0,"62":0,"63":0,"64":0,"65":0,"66":0,"67":0,"68":11,"69":11,"70":11,"71":0,"72":0,"73":0,"74":0,"75":0,"76":0,"77":0,"78":0,"79":0,"80":11,"81":0,"82":11,"83":0,"84":0,"85":11,"86":0,"87":0,"88":11,"89":77,"90":77,"91":11,"92":0,"93":0,"94":11,"95":0,"96":0},"f":{"0":11,"1":0,"2":0,"3":0,"4":0,"5":0,"6":0,"7":0,"8":11,"9":0,"10":0,"11":0,"12":0,"13":77,"14":0,"15":0},"b":{"0":[0,11],"1":[11,11],"2":[0,0],"3":[0,0],"4":[0,0],"5":[0,0],"6":[0,0],"7":[0,0],"8":[0,0],"9":[0,0],"10":[0,0],"11":[0,0],"12":[0,0],"13":[0,0],"14":[0],"15":[0]},"_coverageSchema":"1a1c01bbd47fc00a2c39e90264f33305004495a9","hash":"191656150960787b6a19c686eb373b6505bd425f"}
,"D:\\MS CS\\CS 5610 Web Development\\Final Project\\web-dev-final-project-aditya-sudhanva\\client\\src\\tool\\index.js": {"path":"D:\\MS CS\\CS 5610 Web Development\\Final Project\\web-dev-final-project-aditya-sudhanva\\client\\src\\tool\\index.js","statementMap":{"0":{"start":{"line":1,"column":15},"end":{"line":14,"column":1}},"1":{"start":{"line":16,"column":20},"end":{"line":46,"column":1}},"2":{"start":{"line":17,"column":16},"end":{"line":17,"column":26}},"3":{"start":{"line":18,"column":18},"end":{"line":18,"column":57}},"4":{"start":{"line":20,"column":4},"end":{"line":45,"column":5}},"5":{"start":{"line":21,"column":8},"end":{"line":21,"column":38}},"6":{"start":{"line":22,"column":11},"end":{"line":45,"column":5}},"7":{"start":{"line":23,"column":8},"end":{"line":23,"column":55}},"8":{"start":{"line":24,"column":11},"end":{"line":45,"column":5}},"9":{"start":{"line":25,"column":16},"end":{"line":25,"column":40}},"10":{"start":{"line":26,"column":8},"end":{"line":26,"column":32}},"11":{"start":{"line":27,"column":11},"end":{"line":45,"column":5}},"12":{"start":{"line":28,"column":8},"end":{"line":34,"column":10}},"13":{"start":{"line":36,"column":8},"end":{"line":44,"column":10}},"14":{"start":{"line":48,"column":22},"end":{"line":54,"column":1}},"15":{"start":{"line":49,"column":14},"end":{"line":49,"column":28}},"16":{"start":{"line":50,"column":4},"end":{"line":52,"column":5}},"17":{"start":{"line":51,"column":8},"end":{"line":51,"column":24}},"18":{"start":{"line":53,"column":4},"end":{"line":53,"column":15}},"19":{"start":{"line":56,"column":26},"end":{"line":83,"column":1}},"20":{"start":{"line":57,"column":29},"end":{"line":57,"column":55}},"21":{"start":{"line":58,"column":18},"end":{"line":58,"column":22}},"22":{"start":{"line":61,"column":20},"end":{"line":61,"column":56}},"23":{"start":{"line":64,"column":4},"end":{"line":66,"column":5}},"24":{"start":{"line":65,"column":8},"end":{"line":65,"column":23}},"25":{"start":{"line":70,"column":4},"end":{"line":80,"column":5}},"26":{"start":{"line":71,"column":8},"end":{"line":79,"column":9}},"27":{"start":{"line":77,"column":12},"end":{"line":77,"column":28}},"28":{"start":{"line":78,"column":12},"end":{"line":78,"column":18}},"29":{"start":{"line":82,"column":4},"end":{"line":82,"column":19}},"30":{"start":{"line":85,"column":24},"end":{"line":94,"column":1}},"31":{"start":{"line":86,"column":20},"end":{"line":86,"column":46}},"32":{"start":{"line":88,"column":25},"end":{"line":91,"column":5}},"33":{"start":{"line":93,"column":4},"end":{"line":93,"column":70}}},"fnMap":{"0":{"name":"(anonymous_0)","decl":{"start":{"line":16,"column":20},"end":{"line":16,"column":21}},"loc":{"start":{"line":16,"column":30},"end":{"line":46,"column":1}},"line":16},"1":{"name":"(anonymous_1)","decl":{"start":{"line":48,"column":22},"end":{"line":48,"column":23}},"loc":{"start":{"line":48,"column":32},"end":{"line":54,"column":1}},"line":48},"2":{"name":"(anonymous_2)","decl":{"start":{"line":56,"column":26},"end":{"line":56,"column":27}},"loc":{"start":{"line":56,"column":36},"end":{"line":83,"column":1}},"line":56},"3":{"name":"(anonymous_3)","decl":{"start":{"line":85,"column":24},"end":{"line":85,"column":25}},"loc":{"start":{"line":85,"column":39},"end":{"line":94,"column":1}},"line":85}},"branchMap":{"0":{"loc":{"start":{"line":20,"column":4},"end":{"line":45,"column":5}},"type":"if","locations":[{"start":{"line":20,"column":4},"end":{"line":45,"column":5}},{"start":{"line":20,"column":4},"end":{"line":45,"column":5}}],"line":20},"1":{"loc":{"start":{"line":22,"column":11},"end":{"line":45,"column":5}},"type":"if","locations":[{"start":{"line":22,"column":11},"end":{"line":45,"column":5}},{"start":{"line":22,"column":11},"end":{"line":45,"column":5}}],"line":22},"2":{"loc":{"start":{"line":24,"column":11},"end":{"line":45,"column":5}},"type":"if","locations":[{"start":{"line":24,"column":11},"end":{"line":45,"column":5}},{"start":{"line":24,"column":11},"end":{"line":45,"column":5}}],"line":24},"3":{"loc":{"start":{"line":27,"column":11},"end":{"line":45,"column":5}},"type":"if","locations":[{"start":{"line":27,"column":11},"end":{"line":45,"column":5}},{"start":{"line":27,"column":11},"end":{"line":45,"column":5}}],"line":27},"4":{"loc":{"start":{"line":50,"column":4},"end":{"line":52,"column":5}},"type":"if","locations":[{"start":{"line":50,"column":4},"end":{"line":52,"column":5}},{"start":{"line":50,"column":4},"end":{"line":52,"column":5}}],"line":50},"5":{"loc":{"start":{"line":64,"column":4},"end":{"line":66,"column":5}},"type":"if","locations":[{"start":{"line":64,"column":4},"end":{"line":66,"column":5}},{"start":{"line":64,"column":4},"end":{"line":66,"column":5}}],"line":64},"6":{"loc":{"start":{"line":71,"column":8},"end":{"line":79,"column":9}},"type":"if","locations":[{"start":{"line":71,"column":8},"end":{"line":79,"column":9}},{"start":{"line":71,"column":8},"end":{"line":79,"column":9}}],"line":71},"7":{"loc":{"start":{"line":72,"column":12},"end":{"line":75,"column":37}},"type":"binary-expr","locations":[{"start":{"line":72,"column":12},"end":{"line":72,"column":28}},{"start":{"line":73,"column":12},"end":{"line":73,"column":28}},{"start":{"line":74,"column":12},"end":{"line":74,"column":44}},{"start":{"line":75,"column":12},"end":{"line":75,"column":37}}],"line":72},"8":{"loc":{"start":{"line":85,"column":25},"end":{"line":85,"column":34}},"type":"default-arg","locations":[{"start":{"line":85,"column":32},"end":{"line":85,"column":34}}],"line":85}},"s":{"0":11,"1":11,"2":282,"3":282,"4":282,"5":0,"6":282,"7":0,"8":282,"9":0,"10":0,"11":282,"12":227,"13":55,"14":11,"15":282,"16":282,"17":77,"18":282,"19":11,"20":0,"21":0,"22":0,"23":0,"24":0,"25":0,"26":0,"27":0,"28":0,"29":0,"30":11,"31":100,"32":100,"33":100},"f":{"0":282,"1":282,"2":0,"3":100},"b":{"0":[0,282],"1":[0,282],"2":[0,282],"3":[227,55],"4":[77,205],"5":[0,0],"6":[0,0],"7":[0,0,0,0],"8":[11]},"_coverageSchema":"1a1c01bbd47fc00a2c39e90264f33305004495a9","hash":"9d796b7c3babc56ded61f48346cc4f84f81d612d"}
}
