{"total": {"lines":{"total":739,"covered":427,"skipped":0,"pct":57.78},"statements":{"total":781,"covered":445,"skipped":0,"pct":56.97},"functions":{"total":211,"covered":104,"skipped":0,"pct":49.28},"branches":{"total":353,"covered":173,"skipped":0,"pct":49},"branchesTrue":{"total":0,"covered":0,"skipped":0,"pct":100}}
,"D:\\MS CS\\CS 5610 Web Development\\Final Project\\web-dev-final-project-aditya-sudhanva\\client\\src\\App.js": {"lines":{"total":52,"covered":30,"skipped":0,"pct":57.69},"functions":{"total":12,"covered":8,"skipped":0,"pct":66.66},"statements":{"total":52,"covered":30,"skipped":0,"pct":57.69},"branches":{"total":14,"covered":6,"skipped":0,"pct":42.85}}
,"D:\\MS CS\\CS 5610 Web Development\\Final Project\\web-dev-final-project-aditya-sudhanva\\client\\src\\index.js": {"lines":{"total":2,"covered":2,"skipped":0,"pct":100},"functions":{"total":0,"covered":0,"skipped":0,"pct":100},"statements":{"total":2,"covered":2,"skipped":0,"pct":100},"branches":{"total":0,"covered":0,"skipped":0,"pct":100}}
,"D:\\MS CS\\CS 5610 Web Development\\Final Project\\web-dev-final-project-aditya-sudhanva\\client\\src\\components\\header\\index.js": {"lines":{"total":31,"covered":17,"skipped":0,"pct":54.83},"functions":{"total":10,"covered":4,"skipped":0,"pct":40},"statements":{"total":34,"covered":20,"skipped":0,"pct":58.82},"branches":{"total":12,"covered":6,"skipped":0,"pct":50}}
,"D:\\MS CS\\CS 5610 Web Development\\Final Project\\web-dev-final-project-aditya-sudhanva\\client\\src\\components\\header\\dropdown\\index.js": {"lines":{"total":9,"covered":7,"skipped":0,"pct":77.77},"functions":{"total":4,"covered":3,"skipped":0,"pct":75},"statements":{"total":9,"covered":7,"skipped":0,"pct":77.77},"branches":{"total":7,"covered":3,"skipped":0,"pct":42.85}}
,"D:\\MS CS\\CS 5610 Web Development\\Final Project\\web-dev-final-project-aditya-sudhanva\\client\\src\\components\\loginPage\\LoginPage.js": {"lines":{"total":9,"covered":4,"skipped":0,"pct":44.44},"functions":{"total":4,"covered":1,"skipped":0,"pct":25},"statements":{"total":9,"covered":4,"skipped":0,"pct":44.44},"branches":{"total":4,"covered":1,"skipped":0,"pct":25}}
,"D:\\MS CS\\CS 5610 Web Development\\Final Project\\web-dev-final-project-aditya-sudhanva\\client\\src\\components\\loginPage\\SignIn.js": {"lines":{"total":8,"covered":8,"skipped":0,"pct":100},"functions":{"total":3,"covered":3,"skipped":0,"pct":100},"statements":{"total":8,"covered":8,"skipped":0,"pct":100},"branches":{"total":0,"covered":0,"skipped":0,"pct":100}}
,"D:\\MS CS\\CS 5610 Web Development\\Final Project\\web-dev-final-project-aditya-sudhanva\\client\\src\\components\\loginPage\\SignUp.js": {"lines":{"total":25,"covered":11,"skipped":0,"pct":44},"functions":{"total":8,"covered":3,"skipped":0,"pct":37.5},"statements":{"total":26,"covered":11,"skipped":0,"pct":42.3},"branches":{"total":23,"covered":5,"skipped":0,"pct":21.73}}
,"D:\\MS CS\\CS 5610 Web Development\\Final Project\\web-dev-final-project-aditya-sudhanva\\client\\src\\components\\main\\index.js": {"lines":{"total":106,"covered":53,"skipped":0,"pct":50},"functions":{"total":29,"covered":9,"skipped":0,"pct":31.03},"statements":{"total":117,"covered":57,"skipped":0,"pct":48.71},"branches":{"total":19,"covered":5,"skipped":0,"pct":26.31}}
,"D:\\MS CS\\CS 5610 Web Development\\Final Project\\web-dev-final-project-aditya-sudhanva\\client\\src\\components\\main\\answerPage\\index.js": {"lines":{"total":13,"covered":12,"skipped":0,"pct":92.3},"functions":{"total":6,"covered":4,"skipped":0,"pct":66.66},"statements":{"total":14,"covered":12,"skipped":0,"pct":85.71},"branches":{"total":11,"covered":8,"skipped":0,"pct":72.72}}
,"D:\\MS CS\\CS 5610 Web Development\\Final Project\\web-dev-final-project-aditya-sudhanva\\client\\src\\components\\main\\answerPage\\answer\\index.js": {"lines":{"total":67,"covered":38,"skipped":0,"pct":56.71},"functions":{"total":21,"covered":9,"skipped":0,"pct":42.85},"statements":{"total":74,"covered":40,"skipped":0,"pct":54.05},"branches":{"total":48,"covered":22,"skipped":0,"pct":45.83}}
,"D:\\MS CS\\CS 5610 Web Development\\Final Project\\web-dev-final-project-aditya-sudhanva\\client\\src\\components\\main\\answerPage\\comments\\index.js": {"lines":{"total":50,"covered":41,"skipped":0,"pct":82},"functions":{"total":16,"covered":12,"skipped":0,"pct":75},"statements":{"total":57,"covered":45,"skipped":0,"pct":78.94},"branches":{"total":38,"covered":27,"skipped":0,"pct":71.05}}
,"D:\\MS CS\\CS 5610 Web Development\\Final Project\\web-dev-final-project-aditya-sudhanva\\client\\src\\components\\main\\answerPage\\header\\index.js": {"lines":{"total":5,"covered":5,"skipped":0,"pct":100},"functions":{"total":2,"covered":2,"skipped":0,"pct":100},"statements":{"total":6,"covered":6,"skipped":0,"pct":100},"branches":{"total":12,"covered":11,"skipped":0,"pct":91.66}}
,"D:\\MS CS\\CS 5610 Web Development\\Final Project\\web-dev-final-project-aditya-sudhanva\\client\\src\\components\\main\\answerPage\\questionBody\\index.js": {"lines":{"total":72,"covered":47,"skipped":0,"pct":65.27},"functions":{"total":22,"covered":12,"skipped":0,"pct":54.54},"statements":{"total":80,"covered":51,"skipped":0,"pct":63.75},"branches":{"total":50,"covered":32,"skipped":0,"pct":64}}
,"D:\\MS CS\\CS 5610 Web Development\\Final Project\\web-dev-final-project-aditya-sudhanva\\client\\src\\components\\main\\questionPage\\index.js": {"lines":{"total":29,"covered":20,"skipped":0,"pct":68.96},"functions":{"total":7,"covered":4,"skipped":0,"pct":57.14},"statements":{"total":30,"covered":20,"skipped":0,"pct":66.66},"branches":{"total":29,"covered":16,"skipped":0,"pct":55.17}}
,"D:\\MS CS\\CS 5610 Web Development\\Final Project\\web-dev-final-project-aditya-sudhanva\\client\\src\\components\\main\\questionPage\\header\\index.js": {"lines":{"total":5,"covered":4,"skipped":0,"pct":80},"functions":{"total":3,"covered":2,"skipped":0,"pct":66.66},"statements":{"total":5,"covered":4,"skipped":0,"pct":80},"branches":{"total":4,"covered":3,"skipped":0,"pct":75}}
,"D:\\MS CS\\CS 5610 Web Development\\Final Project\\web-dev-final-project-aditya-sudhanva\\client\\src\\components\\main\\questionPage\\header\\orderButton\\index.js": {"lines":{"total":4,"covered":2,"skipped":0,"pct":50},"functions":{"total":2,"covered":1,"skipped":0,"pct":50},"statements":{"total":4,"covered":2,"skipped":0,"pct":50},"branches":{"total":2,"covered":2,"skipped":0,"pct":100}}
,"D:\\MS CS\\CS 5610 Web Development\\Final Project\\web-dev-final-project-aditya-sudhanva\\client\\src\\components\\main\\questionPage\\question\\QuestionStats.js": {"lines":{"total":1,"covered":1,"skipped":0,"pct":100},"functions":{"total":1,"covered":1,"skipped":0,"pct":100},"statements":{"total":1,"covered":1,"skipped":0,"pct":100},"branches":{"total":0,"covered":0,"skipped":0,"pct":100}}
,"D:\\MS CS\\CS 5610 Web Development\\Final Project\\web-dev-final-project-aditya-sudhanva\\client\\src\\components\\main\\questionPage\\question\\index.js": {"lines":{"total":8,"covered":5,"skipped":0,"pct":62.5},"functions":{"total":5,"covered":3,"skipped":0,"pct":60},"statements":{"total":8,"covered":5,"skipped":0,"pct":62.5},"branches":{"total":8,"covered":5,"skipped":0,"pct":62.5}}
,"D:\\MS CS\\CS 5610 Web Development\\Final Project\\web-dev-final-project-aditya-sudhanva\\client\\src\\components\\main\\sideBarNav\\index.js": {"lines":{"total":10,"covered":4,"skipped":0,"pct":40},"functions":{"total":8,"covered":2,"skipped":0,"pct":25},"statements":{"total":10,"covered":4,"skipped":0,"pct":40},"branches":{"total":17,"covered":10,"skipped":0,"pct":58.82}}
,"D:\\MS CS\\CS 5610 Web Development\\Final Project\\web-dev-final-project-aditya-sudhanva\\client\\src\\services\\answerService.js": {"lines":{"total":30,"covered":17,"skipped":0,"pct":56.66},"functions":{"total":8,"covered":3,"skipped":0,"pct":37.5},"statements":{"total":30,"covered":17,"skipped":0,"pct":56.66},"branches":{"total":0,"covered":0,"skipped":0,"pct":100}}
,"D:\\MS CS\\CS 5610 Web Development\\Final Project\\web-dev-final-project-aditya-sudhanva\\client\\src\\services\\commentService.js": {"lines":{"total":13,"covered":13,"skipped":0,"pct":100},"functions":{"total":3,"covered":3,"skipped":0,"pct":100},"statements":{"total":13,"covered":13,"skipped":0,"pct":100},"branches":{"total":0,"covered":0,"skipped":0,"pct":100}}
,"D:\\MS CS\\CS 5610 Web Development\\Final Project\\web-dev-final-project-aditya-sudhanva\\client\\src\\services\\config.js": {"lines":{"total":9,"covered":9,"skipped":0,"pct":100},"functions":{"total":2,"covered":2,"skipped":0,"pct":100},"statements":{"total":9,"covered":9,"skipped":0,"pct":100},"branches":{"total":0,"covered":0,"skipped":0,"pct":100}}
,"D:\\MS CS\\CS 5610 Web Development\\Final Project\\web-dev-final-project-aditya-sudhanva\\client\\src\\services\\questionService.js": {"lines":{"total":52,"covered":33,"skipped":0,"pct":63.46},"functions":{"total":15,"covered":7,"skipped":0,"pct":46.66},"statements":{"total":52,"covered":33,"skipped":0,"pct":63.46},"branches":{"total":6,"covered":0,"skipped":0,"pct":0}}
,"D:\\MS CS\\CS 5610 Web Development\\Final Project\\web-dev-final-project-aditya-sudhanva\\client\\src\\services\\userService.js": {"lines":{"total":95,"covered":24,"skipped":0,"pct":25.26},"functions":{"total":16,"covered":3,"skipped":0,"pct":18.75},"statements":{"total":97,"covered":24,"skipped":0,"pct":24.74},"branches":{"total":30,"covered":3,"skipped":0,"pct":10}}
,"D:\\MS CS\\CS 5610 Web Development\\Final Project\\web-dev-final-project-aditya-sudhanva\\client\\src\\tool\\index.js": {"lines":{"total":34,"covered":20,"skipped":0,"pct":58.82},"functions":{"total":4,"covered":3,"skipped":0,"pct":75},"statements":{"total":34,"covered":20,"skipped":0,"pct":58.82},"branches":{"total":19,"covered":8,"skipped":0,"pct":42.1}}
}
