TN:
SF:..\client\src\App.js
FN:17,App
FN:23,(anonymous_1)
FN:28,(anonymous_2)
FN:37,(anonymous_3)
FN:39,(anonymous_4)
FN:51,(anonymous_5)
FN:58,(anonymous_6)
FN:60,(anonymous_7)
FN:74,(anonymous_8)
FN:75,(anonymous_9)
FN:92,(anonymous_10)
FN:95,(anonymous_11)
FNF:12
FNH:8
FNDA:33,App
FNDA:11,(anonymous_1)
FNDA:11,(anonymous_2)
FNDA:11,(anonymous_3)
FNDA:11,(anonymous_4)
FNDA:0,(anonymous_5)
FNDA:0,(anonymous_6)
FNDA:0,(anonymous_7)
FNDA:11,(anonymous_8)
FNDA:11,(anonymous_9)
FNDA:22,(anonymous_10)
FNDA:0,(anonymous_11)
DA:18,33
DA:19,22
DA:20,22
DA:21,22
DA:23,22
DA:24,11
DA:25,11
DA:28,22
DA:29,11
DA:30,11
DA:31,0
DA:33,11
DA:34,11
DA:37,22
DA:38,11
DA:39,11
DA:40,11
DA:41,11
DA:43,0
DA:47,0
DA:51,22
DA:52,0
DA:53,0
DA:54,0
DA:55,0
DA:58,22
DA:59,0
DA:60,0
DA:61,0
DA:62,0
DA:64,0
DA:70,0
DA:74,22
DA:75,11
DA:76,11
DA:77,11
DA:79,0
DA:80,0
DA:81,0
DA:82,0
DA:85,11
DA:89,11
DA:92,22
DA:93,22
DA:95,22
DA:96,0
DA:97,0
DA:98,0
DA:100,0
DA:102,0
DA:107,22
DA:108,22
LF:52
LH:30
BRDA:23,0,0,11
BRDA:23,1,0,11
BRDA:30,2,0,0
BRDA:30,2,1,11
BRDA:40,3,0,11
BRDA:40,3,1,0
BRDA:61,4,0,0
BRDA:61,4,1,0
BRDA:79,5,0,0
BRDA:79,5,1,0
BRDA:81,6,0,0
BRDA:81,6,1,0
BRDA:111,7,0,11
BRDA:111,7,1,11
BRF:14
BRH:6
end_of_record
TN:
SF:..\client\src\index.js
FNF:0
FNH:0
DA:6,11
DA:7,11
LF:2
LH:2
BRF:0
BRH:0
end_of_record
TN:
SF:..\client\src\components\header\index.js
FN:22,(anonymous_0)
FN:38,(anonymous_1)
FN:48,(anonymous_2)
FN:61,Header
FN:79,(anonymous_4)
FN:87,(anonymous_5)
FN:94,(anonymous_6)
FN:100,(anonymous_7)
FN:169,(anonymous_8)
FN:172,(anonymous_9)
FNF:10
FNH:4
FNDA:33,(anonymous_0)
FNDA:33,(anonymous_1)
FNDA:33,(anonymous_2)
FNDA:55,Header
FNDA:0,(anonymous_4)
FNDA:0,(anonymous_5)
FNDA:0,(anonymous_6)
FNDA:0,(anonymous_7)
FNDA:0,(anonymous_8)
FNDA:0,(anonymous_9)
DA:22,33
DA:38,33
DA:48,33
DA:70,55
DA:72,55
DA:73,55
DA:75,55
DA:77,55
DA:79,55
DA:80,0
DA:81,0
DA:83,0
DA:87,55
DA:88,0
DA:89,0
DA:94,55
DA:95,0
DA:96,0
DA:97,0
DA:100,55
DA:101,0
DA:102,0
DA:105,55
DA:107,55
DA:115,55
DA:117,55
DA:146,55
DA:170,0
DA:173,0
DA:174,0
DA:175,0
LF:31
LH:17
BRDA:80,0,0,0
BRDA:80,0,1,0
BRDA:159,1,0,33
BRDA:159,1,1,22
BRDA:159,2,0,55
BRDA:159,2,1,44
BRDA:173,3,0,0
BRDA:173,3,1,0
BRDA:185,4,0,55
BRDA:185,4,1,0
BRDA:197,5,0,55
BRDA:197,5,1,0
BRF:12
BRH:6
end_of_record
TN:
SF:..\client\src\components\header\dropdown\index.js
FN:3,DropdownMenu
FN:5,(anonymous_1)
FN:6,(anonymous_2)
FN:13,(anonymous_3)
FNF:4
FNH:3
FNDA:55,DropdownMenu
FNDA:11,(anonymous_1)
FNDA:38,(anonymous_2)
FNDA:0,(anonymous_3)
DA:4,55
DA:5,55
DA:6,11
DA:7,38
DA:8,0
DA:12,11
DA:13,11
DA:14,0
DA:18,55
LF:9
LH:7
BRDA:7,0,0,0
BRDA:7,0,1,38
BRDA:7,1,0,38
BRDA:7,1,1,0
BRDA:7,1,2,0
BRDA:20,2,0,55
BRDA:20,2,1,0
BRF:7
BRH:3
end_of_record
TN:
SF:..\client\src\components\loginPage\LoginPage.js
FN:6,LoginPage
FN:8,(anonymous_1)
FN:30,(anonymous_2)
FN:43,(anonymous_3)
FNF:4
FNH:1
FNDA:11,LoginPage
FNDA:0,(anonymous_1)
FNDA:0,(anonymous_2)
FNDA:0,(anonymous_3)
DA:7,11
DA:8,11
DA:9,0
DA:10,0
DA:11,0
DA:15,11
DA:16,11
DA:30,0
DA:43,0
LF:9
LH:4
BRDA:9,0,0,0
BRDA:9,0,1,0
BRDA:15,1,0,0
BRDA:15,1,1,11
BRF:4
BRH:1
end_of_record
TN:
SF:..\client\src\components\loginPage\SignIn.js
FN:2,SignInForm
FN:7,(anonymous_1)
FN:15,(anonymous_2)
FNF:3
FNH:3
FNDA:363,SignInForm
FNDA:352,(anonymous_1)
FNDA:11,(anonymous_2)
DA:3,363
DA:7,363
DA:8,352
DA:9,352
DA:15,363
DA:16,11
DA:17,11
DA:20,363
LF:8
LH:8
BRF:0
BRH:0
end_of_record
TN:
SF:..\client\src\components\loginPage\SignUp.js
FN:7,SignUpForm
FN:21,(anonymous_1)
FN:23,(anonymous_2)
FN:29,(anonymous_3)
FN:35,(anonymous_4)
FN:40,(anonymous_5)
FN:85,(anonymous_6)
FN:221,(anonymous_7)
FNF:8
FNH:3
FNDA:11,SignUpForm
FNDA:0,(anonymous_1)
FNDA:0,(anonymous_2)
FNDA:0,(anonymous_3)
FNDA:0,(anonymous_4)
FNDA:0,(anonymous_5)
FNDA:11,(anonymous_6)
FNDA:55,(anonymous_7)
DA:8,11
DA:19,11
DA:21,11
DA:22,0
DA:23,0
DA:29,0
DA:35,11
DA:36,0
DA:37,0
DA:40,11
DA:41,0
DA:52,0
DA:54,0
DA:55,0
DA:56,0
DA:59,0
DA:60,0
DA:70,0
DA:74,0
DA:85,11
DA:94,11
DA:95,11
DA:96,11
DA:106,11
DA:222,55
LF:25
LH:11
BRDA:26,0,0,0
BRDA:26,0,1,0
BRDA:27,1,0,0
BRDA:27,1,1,0
BRDA:31,2,0,0
BRDA:31,2,1,0
BRDA:54,3,0,0
BRDA:54,3,1,0
BRDA:97,4,0,11
BRDA:97,4,1,0
BRDA:97,4,2,0
BRDA:97,4,3,0
BRDA:97,4,4,0
BRDA:97,4,5,0
BRDA:97,4,6,0
BRDA:156,5,0,11
BRDA:156,5,1,0
BRDA:158,6,0,0
BRDA:158,6,1,11
BRDA:158,7,0,11
BRDA:158,7,1,0
BRDA:263,8,0,11
BRDA:263,8,1,0
BRF:23
BRH:5
end_of_record
TN:
SF:..\client\src\components\main\index.js
FN:7,(anonymous_0)
FN:8,(anonymous_1)
FN:9,(anonymous_2)
FN:10,(anonymous_3)
FN:11,(anonymous_4)
FN:12,(anonymous_5)
FN:13,(anonymous_6)
FN:14,(anonymous_7)
FN:15,(anonymous_8)
FN:16,(anonymous_9)
FN:17,(anonymous_10)
FN:19,(anonymous_11)
FN:26,(anonymous_12)
FN:41,(anonymous_13)
FN:45,(anonymous_14)
FN:51,(anonymous_15)
FN:56,(anonymous_16)
FN:60,(anonymous_17)
FN:65,(anonymous_18)
FN:69,(anonymous_19)
FN:75,(anonymous_20)
FN:80,(anonymous_21)
FN:85,(anonymous_22)
FN:90,(anonymous_23)
FN:94,(anonymous_24)
FN:98,(anonymous_25)
FN:102,(anonymous_26)
FN:106,(anonymous_27)
FN:110,(anonymous_28)
FNF:29
FNH:9
FNDA:11,(anonymous_0)
FNDA:11,(anonymous_1)
FNDA:0,(anonymous_2)
FNDA:11,(anonymous_3)
FNDA:0,(anonymous_4)
FNDA:0,(anonymous_5)
FNDA:0,(anonymous_6)
FNDA:0,(anonymous_7)
FNDA:0,(anonymous_8)
FNDA:11,(anonymous_9)
FNDA:0,(anonymous_10)
FNDA:22,(anonymous_11)
FNDA:33,(anonymous_12)
FNDA:11,(anonymous_13)
FNDA:0,(anonymous_14)
FNDA:0,(anonymous_15)
FNDA:0,(anonymous_16)
FNDA:0,(anonymous_17)
FNDA:11,(anonymous_18)
FNDA:0,(anonymous_19)
FNDA:0,(anonymous_20)
FNDA:0,(anonymous_21)
FNDA:0,(anonymous_22)
FNDA:0,(anonymous_23)
FNDA:0,(anonymous_24)
FNDA:0,(anonymous_25)
FNDA:0,(anonymous_26)
FNDA:0,(anonymous_27)
FNDA:22,(anonymous_28)
DA:7,11
DA:8,11
DA:9,11
DA:10,11
DA:11,11
DA:12,11
DA:13,11
DA:14,11
DA:15,11
DA:16,11
DA:17,11
DA:19,11
DA:20,22
DA:26,11
DA:33,33
DA:34,33
DA:35,33
DA:36,33
DA:37,33
DA:38,33
DA:39,33
DA:41,33
DA:42,11
DA:43,11
DA:45,33
DA:46,0
DA:47,0
DA:48,0
DA:51,33
DA:52,0
DA:53,0
DA:56,33
DA:57,0
DA:60,33
DA:61,0
DA:62,0
DA:63,0
DA:65,33
DA:66,11
DA:67,11
DA:69,33
DA:70,0
DA:71,0
DA:72,0
DA:75,33
DA:76,0
DA:77,0
DA:80,33
DA:81,0
DA:82,0
DA:85,33
DA:86,0
DA:87,0
DA:90,33
DA:91,0
DA:94,33
DA:95,0
DA:98,33
DA:99,0
DA:102,33
DA:103,0
DA:106,33
DA:107,0
DA:110,33
DA:116,22
DA:132,33
DA:134,11
DA:135,11
DA:139,11
DA:142,0
DA:143,0
DA:146,0
DA:149,0
DA:150,0
DA:151,0
DA:155,0
DA:156,0
DA:157,0
DA:161,0
DA:162,0
DA:169,0
DA:172,11
DA:173,11
DA:182,11
DA:186,0
DA:187,0
DA:194,0
DA:198,0
DA:199,0
DA:205,0
DA:208,0
DA:209,0
DA:216,0
DA:220,0
DA:221,0
DA:228,0
DA:232,11
DA:233,11
DA:238,11
DA:242,0
DA:243,0
DA:248,0
DA:251,0
DA:252,0
DA:257,0
DA:260,33
LF:106
LH:53
BRDA:27,0,0,0
BRDA:69,1,0,0
BRDA:111,2,0,22
BRDA:112,3,0,11
BRDA:113,4,0,0
BRDA:114,5,0,0
BRDA:132,6,0,11
BRDA:132,6,1,0
BRDA:132,6,2,0
BRDA:132,6,3,0
BRDA:132,6,4,0
BRDA:132,6,5,11
BRDA:132,6,6,0
BRDA:132,6,7,0
BRDA:132,6,8,0
BRDA:132,6,9,0
BRDA:132,6,10,11
BRDA:132,6,11,0
BRDA:132,6,12,0
BRF:19
BRH:5
end_of_record
TN:
SF:..\client\src\components\main\answerPage\index.js
FN:12,(anonymous_0)
FN:15,(anonymous_1)
FN:16,(anonymous_2)
FN:23,(anonymous_3)
FN:44,(anonymous_4)
FN:63,(anonymous_5)
FNF:6
FNH:4
FNDA:28,(anonymous_0)
FNDA:11,(anonymous_1)
FNDA:11,(anonymous_2)
FNDA:0,(anonymous_3)
FNDA:34,(anonymous_4)
FNDA:0,(anonymous_5)
DA:12,11
DA:13,28
DA:14,28
DA:15,28
DA:16,11
DA:17,11
DA:18,11
DA:19,11
DA:20,11
DA:23,11
DA:25,28
DA:45,34
DA:64,0
LF:13
LH:12
BRDA:18,0,0,11
BRDA:18,0,1,0
BRDA:19,1,0,11
BRDA:19,1,1,0
BRDA:39,2,0,28
BRDA:39,2,1,28
BRDA:42,3,0,28
BRDA:42,3,1,28
BRDA:42,3,2,17
BRDA:45,4,0,34
BRDA:45,4,1,0
BRF:11
BRH:8
end_of_record
TN:
SF:..\client\src\components\main\answerPage\answer\index.js
FN:26,(anonymous_0)
FN:49,(anonymous_1)
FN:50,(anonymous_2)
FN:67,(anonymous_3)
FN:70,(anonymous_4)
FN:84,(anonymous_5)
FN:87,(anonymous_6)
FN:91,(anonymous_7)
FN:96,(anonymous_8)
FN:100,(anonymous_9)
FN:103,(anonymous_10)
FN:107,(anonymous_11)
FN:112,(anonymous_12)
FN:132,(anonymous_13)
FN:149,(anonymous_14)
FN:165,(anonymous_15)
FN:184,(anonymous_16)
FN:199,(anonymous_17)
FN:210,(anonymous_18)
FN:221,(anonymous_19)
FN:229,(anonymous_20)
FNF:21
FNH:9
FNDA:60,(anonymous_0)
FNDA:22,(anonymous_1)
FNDA:22,(anonymous_2)
FNDA:0,(anonymous_3)
FNDA:0,(anonymous_4)
FNDA:2,(anonymous_5)
FNDA:0,(anonymous_6)
FNDA:0,(anonymous_7)
FNDA:2,(anonymous_8)
FNDA:2,(anonymous_9)
FNDA:2,(anonymous_10)
FNDA:0,(anonymous_11)
FNDA:0,(anonymous_12)
FNDA:2,(anonymous_13)
FNDA:2,(anonymous_14)
FNDA:0,(anonymous_15)
FNDA:0,(anonymous_16)
FNDA:0,(anonymous_17)
FNDA:0,(anonymous_18)
FNDA:0,(anonymous_19)
FNDA:0,(anonymous_20)
DA:26,11
DA:36,60
DA:37,60
DA:38,60
DA:39,60
DA:40,60
DA:41,60
DA:42,60
DA:44,60
DA:45,60
DA:46,60
DA:49,60
DA:50,22
DA:51,22
DA:52,22
DA:53,22
DA:54,22
DA:56,22
DA:57,0
DA:59,22
DA:61,22
DA:62,0
DA:64,22
DA:67,22
DA:70,60
DA:71,0
DA:72,0
DA:79,0
DA:80,0
DA:81,0
DA:84,60
DA:85,2
DA:86,0
DA:87,0
DA:88,0
DA:89,2
DA:90,0
DA:91,0
DA:92,0
DA:93,0
DA:94,2
DA:95,2
DA:96,2
DA:97,2
DA:100,60
DA:101,2
DA:102,2
DA:103,2
DA:104,2
DA:105,0
DA:106,0
DA:107,0
DA:108,0
DA:109,0
DA:110,0
DA:111,0
DA:112,0
DA:113,0
DA:116,60
DA:132,2
DA:149,2
DA:165,0
DA:184,0
DA:201,0
DA:210,0
DA:221,0
DA:229,0
LF:67
LH:38
BRDA:45,0,0,60
BRDA:45,0,1,0
BRDA:53,1,0,22
BRDA:53,1,1,0
BRDA:56,2,0,0
BRDA:56,2,1,22
BRDA:61,3,0,0
BRDA:61,3,1,22
BRDA:71,4,0,0
BRDA:71,4,1,0
BRDA:85,5,0,0
BRDA:85,5,1,2
BRDA:85,6,0,2
BRDA:85,6,1,0
BRDA:89,7,0,0
BRDA:89,7,1,2
BRDA:89,8,0,2
BRDA:89,8,1,2
BRDA:94,9,0,2
BRDA:94,9,1,0
BRDA:94,10,0,2
BRDA:94,10,1,2
BRDA:101,11,0,2
BRDA:101,11,1,0
BRDA:101,12,0,2
BRDA:101,12,1,2
BRDA:105,13,0,0
BRDA:105,13,1,0
BRDA:105,14,0,0
BRDA:105,14,1,0
BRDA:110,15,0,0
BRDA:110,15,1,0
BRDA:110,16,0,0
BRDA:110,16,1,0
BRDA:130,17,0,2
BRDA:130,17,1,58
BRDA:148,18,0,2
BRDA:148,18,1,58
BRDA:167,19,0,60
BRDA:167,19,1,0
BRDA:187,20,0,0
BRDA:187,20,1,60
BRDA:193,21,0,0
BRDA:193,21,1,60
BRDA:198,22,0,0
BRDA:198,22,1,0
BRDA:208,23,0,0
BRDA:208,23,1,0
BRF:48
BRH:22
end_of_record
TN:
SF:..\client\src\components\main\answerPage\comments\index.js
FN:14,(anonymous_0)
FN:25,(anonymous_1)
FN:26,(anonymous_2)
FN:29,(anonymous_3)
FN:32,(anonymous_4)
FN:47,(anonymous_5)
FN:50,(anonymous_6)
FN:54,(anonymous_7)
FN:59,(anonymous_8)
FN:63,(anonymous_9)
FN:66,(anonymous_10)
FN:70,(anonymous_11)
FN:75,(anonymous_12)
FN:88,(anonymous_13)
FN:103,(anonymous_14)
FN:109,(anonymous_15)
FNF:16
FNH:12
FNDA:81,(anonymous_0)
FNDA:33,(anonymous_1)
FNDA:33,(anonymous_2)
FNDA:0,(anonymous_3)
FNDA:33,(anonymous_4)
FNDA:3,(anonymous_5)
FNDA:0,(anonymous_6)
FNDA:1,(anonymous_7)
FNDA:2,(anonymous_8)
FNDA:3,(anonymous_9)
FNDA:2,(anonymous_10)
FNDA:1,(anonymous_11)
FNDA:0,(anonymous_12)
FNDA:3,(anonymous_13)
FNDA:3,(anonymous_14)
FNDA:0,(anonymous_15)
DA:14,11
DA:15,81
DA:16,81
DA:17,81
DA:18,81
DA:21,81
DA:25,81
DA:26,33
DA:27,33
DA:29,33
DA:32,81
DA:33,33
DA:35,33
DA:36,1
DA:38,32
DA:40,33
DA:41,0
DA:43,33
DA:47,81
DA:48,3
DA:49,0
DA:50,0
DA:51,0
DA:52,3
DA:53,1
DA:54,1
DA:55,1
DA:56,1
DA:57,2
DA:58,2
DA:59,2
DA:60,2
DA:63,81
DA:64,3
DA:65,2
DA:66,2
DA:67,2
DA:68,1
DA:69,1
DA:70,1
DA:71,1
DA:72,1
DA:73,0
DA:74,0
DA:75,0
DA:76,0
DA:80,81
DA:88,3
DA:103,3
DA:109,0
LF:50
LH:41
BRDA:18,0,0,81
BRDA:18,0,1,0
BRDA:19,1,0,81
BRDA:19,1,1,0
BRDA:35,2,0,1
BRDA:35,2,1,32
BRDA:40,3,0,0
BRDA:40,3,1,33
BRDA:48,4,0,0
BRDA:48,4,1,3
BRDA:48,5,0,3
BRDA:48,5,1,0
BRDA:52,6,0,1
BRDA:52,6,1,2
BRDA:52,7,0,3
BRDA:52,7,1,3
BRDA:57,8,0,2
BRDA:57,8,1,0
BRDA:57,9,0,2
BRDA:57,9,1,2
BRDA:64,10,0,2
BRDA:64,10,1,1
BRDA:64,11,0,3
BRDA:64,11,1,3
BRDA:68,12,0,1
BRDA:68,12,1,0
BRDA:68,13,0,1
BRDA:68,13,1,1
BRDA:73,14,0,0
BRDA:73,14,1,0
BRDA:73,15,0,0
BRDA:73,15,1,0
BRDA:87,16,0,9
BRDA:87,16,1,72
BRDA:102,17,0,7
BRDA:102,17,1,74
BRDA:110,18,0,81
BRDA:110,18,1,81
BRF:38
BRH:27
end_of_record
TN:
SF:..\client\src\components\main\answerPage\header\index.js
FN:12,(anonymous_0)
FN:13,(anonymous_1)
FNF:2
FNH:2
FNDA:22,(anonymous_0)
FNDA:88,(anonymous_1)
DA:12,11
DA:13,88
DA:21,22
DA:25,22
DA:27,22
LF:5
LH:5
BRDA:14,0,0,0
BRDA:14,0,1,88
BRDA:25,1,0,22
BRDA:25,1,1,11
BRDA:25,2,0,22
BRDA:25,2,1,11
BRDA:34,3,0,22
BRDA:34,3,1,11
BRDA:47,4,0,22
BRDA:47,4,1,11
BRDA:58,5,0,22
BRDA:58,5,1,11
BRF:12
BRH:11
end_of_record
TN:
SF:..\client\src\components\main\answerPage\questionBody\index.js
FN:22,(anonymous_0)
FN:29,(anonymous_1)
FN:52,(anonymous_2)
FN:53,(anonymous_3)
FN:56,(anonymous_4)
FN:68,(anonymous_5)
FN:71,(anonymous_6)
FN:74,(anonymous_7)
FN:78,(anonymous_8)
FN:83,(anonymous_9)
FN:87,(anonymous_10)
FN:90,(anonymous_11)
FN:94,(anonymous_12)
FN:99,(anonymous_13)
FN:104,(anonymous_14)
FN:122,(anonymous_15)
FN:144,(anonymous_16)
FN:164,(anonymous_17)
FN:184,(anonymous_18)
FN:189,(anonymous_19)
FN:202,(anonymous_20)
FN:209,(anonymous_21)
FNF:22
FNH:12
FNDA:40,(anonymous_0)
FNDA:11,(anonymous_1)
FNDA:11,(anonymous_2)
FNDA:0,(anonymous_3)
FNDA:0,(anonymous_4)
FNDA:0,(anonymous_5)
FNDA:3,(anonymous_6)
FNDA:0,(anonymous_7)
FNDA:1,(anonymous_8)
FNDA:2,(anonymous_9)
FNDA:3,(anonymous_10)
FNDA:2,(anonymous_11)
FNDA:1,(anonymous_12)
FNDA:0,(anonymous_13)
FNDA:0,(anonymous_14)
FNDA:0,(anonymous_15)
FNDA:3,(anonymous_16)
FNDA:3,(anonymous_17)
FNDA:57,(anonymous_18)
FNDA:0,(anonymous_19)
FNDA:0,(anonymous_20)
FNDA:0,(anonymous_21)
DA:22,11
DA:23,40
DA:24,40
DA:25,40
DA:26,40
DA:27,40
DA:28,40
DA:29,40
DA:30,11
DA:31,11
DA:32,11
DA:33,11
DA:35,11
DA:36,0
DA:38,11
DA:40,11
DA:41,0
DA:43,11
DA:45,11
DA:46,0
DA:48,11
DA:52,40
DA:53,11
DA:56,40
DA:57,0
DA:58,0
DA:65,0
DA:66,0
DA:67,0
DA:68,0
DA:71,40
DA:72,3
DA:73,0
DA:74,0
DA:75,0
DA:76,3
DA:77,1
DA:78,1
DA:79,1
DA:80,1
DA:81,2
DA:82,2
DA:83,2
DA:84,2
DA:87,40
DA:88,3
DA:89,2
DA:90,2
DA:91,2
DA:92,1
DA:93,1
DA:94,1
DA:95,1
DA:96,1
DA:97,0
DA:98,0
DA:99,0
DA:100,0
DA:104,40
DA:105,0
DA:106,0
DA:107,0
DA:109,0
DA:110,0
DA:113,40
DA:122,0
DA:144,3
DA:164,3
DA:184,57
DA:189,0
DA:202,0
DA:209,0
LF:72
LH:47
BRDA:32,0,0,11
BRDA:32,0,1,0
BRDA:35,1,0,0
BRDA:35,1,1,11
BRDA:40,2,0,0
BRDA:40,2,1,11
BRDA:45,3,0,0
BRDA:45,3,1,11
BRDA:57,4,0,0
BRDA:57,4,1,0
BRDA:72,5,0,0
BRDA:72,5,1,3
BRDA:72,6,0,3
BRDA:72,6,1,0
BRDA:76,7,0,1
BRDA:76,7,1,2
BRDA:76,8,0,3
BRDA:76,8,1,3
BRDA:81,9,0,2
BRDA:81,9,1,0
BRDA:81,10,0,2
BRDA:81,10,1,2
BRDA:88,11,0,2
BRDA:88,11,1,1
BRDA:88,12,0,3
BRDA:88,12,1,3
BRDA:92,13,0,1
BRDA:92,13,1,0
BRDA:92,14,0,1
BRDA:92,14,1,1
BRDA:97,15,0,0
BRDA:97,15,1,0
BRDA:97,16,0,0
BRDA:97,16,1,0
BRDA:105,17,0,0
BRDA:105,17,1,0
BRDA:125,18,0,0
BRDA:125,18,1,40
BRDA:142,19,0,5
BRDA:142,19,1,35
BRDA:162,20,0,5
BRDA:162,20,1,35
BRDA:175,21,0,40
BRDA:175,21,1,40
BRDA:178,22,0,40
BRDA:178,22,1,40
BRDA:183,23,0,40
BRDA:183,23,1,40
BRDA:185,24,0,40
BRDA:185,24,1,0
BRF:50
BRH:32
end_of_record
TN:
SF:..\client\src\components\main\questionPage\index.js
FN:15,(anonymous_0)
FN:32,(anonymous_1)
FN:33,(anonymous_2)
FN:58,(anonymous_3)
FN:68,(anonymous_4)
FN:73,(anonymous_5)
FN:94,(anonymous_6)
FNF:7
FNH:4
FNDA:44,(anonymous_0)
FNDA:22,(anonymous_1)
FNDA:22,(anonymous_2)
FNDA:0,(anonymous_3)
FNDA:0,(anonymous_4)
FNDA:0,(anonymous_5)
FNDA:220,(anonymous_6)
DA:15,11
DA:28,44
DA:29,44
DA:30,44
DA:32,44
DA:33,22
DA:35,22
DA:36,11
DA:37,0
DA:39,11
DA:42,11
DA:43,11
DA:44,0
DA:46,11
DA:48,0
DA:49,0
DA:50,0
DA:51,0
DA:54,22
DA:55,22
DA:56,22
DA:58,22
DA:68,44
DA:69,0
DA:70,0
DA:73,44
DA:74,0
DA:81,44
DA:95,220
LF:29
LH:20
BRDA:16,0,0,0
BRDA:35,1,0,11
BRDA:35,1,1,11
BRDA:35,2,0,22
BRDA:35,2,1,11
BRDA:35,2,2,11
BRDA:36,3,0,0
BRDA:36,3,1,11
BRDA:42,4,0,11
BRDA:42,4,1,0
BRDA:43,5,0,0
BRDA:43,5,1,11
BRDA:48,6,0,0
BRDA:48,6,1,0
BRDA:50,7,0,0
BRDA:50,7,1,0
BRDA:54,8,0,22
BRDA:54,8,1,0
BRDA:92,9,0,0
BRDA:92,9,1,44
BRDA:92,10,0,44
BRDA:92,10,1,0
BRDA:103,11,0,0
BRDA:103,11,1,44
BRDA:103,12,0,44
BRDA:103,12,1,0
BRDA:107,13,0,44
BRDA:107,13,1,44
BRDA:107,13,2,44
BRF:29
BRH:16
end_of_record
TN:
SF:..\client\src\components\main\questionPage\header\index.js
FN:6,(anonymous_0)
FN:23,(anonymous_1)
FN:41,(anonymous_2)
FNF:3
FNH:2
FNDA:44,(anonymous_0)
FNDA:0,(anonymous_1)
FNDA:132,(anonymous_2)
DA:6,11
DA:14,44
DA:15,44
DA:24,0
DA:42,132
LF:5
LH:4
BRDA:31,0,0,0
BRDA:31,0,1,44
BRDA:36,1,0,22
BRDA:36,1,1,22
BRF:4
BRH:3
end_of_record
TN:
SF:..\client\src\components\main\questionPage\header\orderButton\index.js
FN:4,(anonymous_0)
FN:16,(anonymous_1)
FNF:2
FNH:1
FNDA:132,(anonymous_0)
FNDA:0,(anonymous_1)
DA:4,11
DA:10,132
DA:17,0
DA:18,0
LF:4
LH:2
BRDA:13,0,0,44
BRDA:13,0,1,88
BRF:2
BRH:2
end_of_record
TN:
SF:..\client\src\components\main\questionPage\question\QuestionStats.js
FN:5,QuestionStats
FNF:1
FNH:1
FNDA:660,QuestionStats
DA:6,660
LF:1
LH:1
BRF:0
BRH:0
end_of_record
TN:
SF:..\client\src\components\main\questionPage\question\index.js
FN:12,(anonymous_0)
FN:65,(anonymous_1)
FN:83,(anonymous_2)
FN:88,(anonymous_3)
FN:99,(anonymous_4)
FNF:5
FNH:3
FNDA:220,(anonymous_0)
FNDA:11,(anonymous_1)
FNDA:649,(anonymous_2)
FNDA:0,(anonymous_3)
FNDA:0,(anonymous_4)
DA:12,11
DA:15,220
DA:17,220
DA:66,11
DA:84,649
DA:89,0
DA:90,0
DA:99,0
LF:8
LH:5
BRDA:15,0,0,220
BRDA:15,0,1,0
BRDA:32,1,0,220
BRDA:32,1,1,11
BRDA:39,2,0,220
BRDA:39,2,1,0
BRDA:44,3,0,220
BRDA:44,3,1,0
BRF:8
BRH:5
end_of_record
TN:
SF:..\client\src\components\main\sideBarNav\index.js
FN:11,(anonymous_0)
FN:49,(anonymous_1)
FN:71,(anonymous_2)
FN:93,(anonymous_3)
FN:115,(anonymous_4)
FN:137,(anonymous_5)
FN:159,(anonymous_6)
FN:185,(anonymous_7)
FNF:8
FNH:2
FNDA:53,(anonymous_0)
FNDA:0,(anonymous_1)
FNDA:11,(anonymous_2)
FNDA:0,(anonymous_3)
FNDA:0,(anonymous_4)
FNDA:0,(anonymous_5)
FNDA:0,(anonymous_6)
FNDA:0,(anonymous_7)
DA:11,11
DA:23,53
DA:31,53
DA:50,0
DA:72,11
DA:94,0
DA:116,0
DA:138,0
DA:160,0
DA:186,0
LF:10
LH:4
BRDA:12,0,0,0
BRDA:48,1,0,20
BRDA:48,1,1,33
BRDA:70,2,0,11
BRDA:70,2,1,42
BRDA:92,3,0,0
BRDA:92,3,1,53
BRDA:114,4,0,0
BRDA:114,4,1,53
BRDA:136,5,0,0
BRDA:136,5,1,53
BRDA:158,6,0,0
BRDA:158,6,1,53
BRDA:177,7,0,53
BRDA:177,7,1,0
BRDA:183,8,0,0
BRDA:183,8,1,53
BRF:17
BRH:10
end_of_record
TN:
SF:..\client\src\services\answerService.js
FN:5,(anonymous_0)
FN:11,(anonymous_1)
FN:19,(anonymous_2)
FN:26,(anonymous_3)
FN:31,(anonymous_4)
FN:36,(anonymous_5)
FN:42,(anonymous_6)
FN:48,(anonymous_7)
FNF:8
FNH:3
FNDA:0,(anonymous_0)
FNDA:0,(anonymous_1)
FNDA:0,(anonymous_2)
FNDA:0,(anonymous_3)
FNDA:22,(anonymous_4)
FNDA:2,(anonymous_5)
FNDA:2,(anonymous_6)
FNDA:0,(anonymous_7)
DA:3,11
DA:5,11
DA:6,0
DA:7,0
DA:8,0
DA:11,11
DA:12,0
DA:16,0
DA:19,11
DA:20,0
DA:21,0
DA:22,0
DA:26,11
DA:27,0
DA:28,0
DA:31,11
DA:32,22
DA:33,22
DA:36,11
DA:37,2
DA:38,2
DA:39,2
DA:42,11
DA:43,2
DA:44,2
DA:45,2
DA:48,11
DA:49,0
DA:50,0
DA:51,0
LF:30
LH:17
BRF:0
BRH:0
end_of_record
TN:
SF:..\client\src\services\commentService.js
FN:5,(anonymous_0)
FN:11,(anonymous_1)
FN:17,(anonymous_2)
FNF:3
FNH:3
FNDA:2,(anonymous_0)
FNDA:2,(anonymous_1)
FNDA:2,(anonymous_2)
DA:3,11
DA:5,11
DA:6,2
DA:7,2
DA:8,2
DA:11,11
DA:12,2
DA:13,2
DA:14,2
DA:17,11
DA:18,2
DA:19,2
DA:20,2
LF:13
LH:13
BRF:0
BRH:0
end_of_record
TN:
SF:..\client\src\services\config.js
FN:5,(anonymous_0)
FN:9,(anonymous_1)
FNF:2
FNH:2
FNDA:351,(anonymous_0)
FNDA:11,(anonymous_1)
DA:3,11
DA:5,11
DA:6,351
DA:9,11
DA:10,11
DA:11,11
DA:14,11
DA:15,11
DA:16,11
LF:9
LH:9
BRF:0
BRH:0
end_of_record
TN:
SF:..\client\src\services\questionService.js
FN:5,(anonymous_0)
FN:17,(anonymous_1)
FN:23,(anonymous_2)
FN:29,(anonymous_3)
FN:40,(anonymous_4)
FN:45,(anonymous_5)
FN:50,(anonymous_6)
FN:58,(anonymous_7)
FN:64,(anonymous_8)
FN:70,(anonymous_9)
FN:76,(anonymous_10)
FN:82,(anonymous_11)
FN:87,(anonymous_12)
FN:93,(anonymous_13)
FN:98,(anonymous_14)
FNF:15
FNH:7
FNDA:11,(anonymous_0)
FNDA:11,(anonymous_1)
FNDA:0,(anonymous_2)
FNDA:11,(anonymous_3)
FNDA:0,(anonymous_4)
FNDA:0,(anonymous_5)
FNDA:0,(anonymous_6)
FNDA:0,(anonymous_7)
FNDA:2,(anonymous_8)
FNDA:2,(anonymous_9)
FNDA:2,(anonymous_10)
FNDA:11,(anonymous_11)
FNDA:0,(anonymous_12)
FNDA:0,(anonymous_13)
FNDA:0,(anonymous_14)
DA:3,11
DA:5,11
DA:10,11
DA:14,11
DA:17,11
DA:18,11
DA:20,11
DA:23,11
DA:24,0
DA:26,0
DA:29,11
DA:34,11
DA:37,11
DA:40,11
DA:41,0
DA:42,0
DA:45,11
DA:46,0
DA:47,0
DA:50,11
DA:51,0
DA:55,0
DA:58,11
DA:59,0
DA:60,0
DA:61,0
DA:64,11
DA:65,2
DA:66,2
DA:67,2
DA:70,11
DA:71,2
DA:72,2
DA:73,2
DA:76,11
DA:77,2
DA:78,2
DA:79,2
DA:82,11
DA:83,11
DA:84,11
DA:87,11
DA:88,0
DA:89,0
DA:90,0
DA:93,11
DA:94,0
DA:95,0
DA:96,0
DA:98,11
DA:99,0
DA:100,0
LF:52
LH:33
BRDA:6,0,0,0
BRDA:7,1,0,0
BRDA:8,2,0,0
BRDA:30,3,0,0
BRDA:31,4,0,0
BRDA:32,5,0,0
BRF:6
BRH:0
end_of_record
TN:
SF:..\client\src\services\userService.js
FN:7,(anonymous_0)
FN:24,(anonymous_1)
FN:63,(anonymous_2)
FN:64,(anonymous_3)
FN:67,(anonymous_4)
FN:70,(anonymous_5)
FN:91,(anonymous_6)
FN:94,(anonymous_7)
FN:99,(anonymous_8)
FN:124,(anonymous_9)
FN:140,(anonymous_10)
FN:147,(anonymous_11)
FN:152,(anonymous_12)
FN:159,(anonymous_13)
FN:164,(anonymous_14)
FN:171,(anonymous_15)
FNF:16
FNH:3
FNDA:11,(anonymous_0)
FNDA:0,(anonymous_1)
FNDA:0,(anonymous_2)
FNDA:0,(anonymous_3)
FNDA:0,(anonymous_4)
FNDA:0,(anonymous_5)
FNDA:0,(anonymous_6)
FNDA:0,(anonymous_7)
FNDA:11,(anonymous_8)
FNDA:0,(anonymous_9)
FNDA:0,(anonymous_10)
FNDA:0,(anonymous_11)
FNDA:0,(anonymous_12)
FNDA:77,(anonymous_13)
FNDA:0,(anonymous_14)
FNDA:0,(anonymous_15)
DA:3,11
DA:4,11
DA:7,11
DA:8,11
DA:9,11
DA:13,11
DA:14,0
DA:15,0
DA:18,11
DA:20,0
DA:24,11
DA:25,0
DA:26,0
DA:27,0
DA:29,0
DA:30,0
DA:31,0
DA:32,0
DA:36,0
DA:38,0
DA:44,0
DA:48,0
DA:49,0
DA:52,0
DA:56,0
DA:58,0
DA:59,0
DA:63,11
DA:64,0
DA:65,0
DA:67,0
DA:68,0
DA:70,0
DA:71,0
DA:72,0
DA:74,0
DA:75,0
DA:76,0
DA:77,0
DA:79,0
DA:80,0
DA:81,0
DA:82,0
DA:83,0
DA:84,0
DA:85,0
DA:86,0
DA:87,0
DA:88,0
DA:89,0
DA:91,0
DA:92,0
DA:94,0
DA:95,0
DA:99,11
DA:100,11
DA:101,11
DA:102,11
DA:104,0
DA:105,0
DA:106,0
DA:107,0
DA:108,0
DA:110,0
DA:113,0
DA:116,0
DA:119,11
DA:120,11
DA:124,11
DA:125,0
DA:126,0
DA:127,0
DA:128,0
DA:129,0
DA:130,0
DA:132,0
DA:135,0
DA:136,0
DA:140,11
DA:142,0
DA:147,11
DA:148,0
DA:149,0
DA:152,11
DA:153,0
DA:156,0
DA:159,11
DA:160,77
DA:161,77
DA:164,11
DA:165,0
DA:168,0
DA:171,11
DA:172,0
DA:175,0
LF:95
LH:24
BRDA:13,0,0,0
BRDA:13,0,1,11
BRDA:13,1,0,11
BRDA:13,1,1,11
BRDA:14,2,0,0
BRDA:14,2,1,0
BRDA:30,3,0,0
BRDA:30,3,1,0
BRDA:48,4,0,0
BRDA:48,4,1,0
BRDA:48,5,0,0
BRDA:48,5,1,0
BRDA:49,6,0,0
BRDA:49,6,1,0
BRDA:74,7,0,0
BRDA:74,7,1,0
BRDA:74,8,0,0
BRDA:74,8,1,0
BRDA:104,9,0,0
BRDA:104,9,1,0
BRDA:105,10,0,0
BRDA:105,10,1,0
BRDA:107,11,0,0
BRDA:107,11,1,0
BRDA:127,12,0,0
BRDA:127,12,1,0
BRDA:129,13,0,0
BRDA:129,13,1,0
BRDA:171,14,0,0
BRDA:171,15,0,0
BRF:30
BRH:3
end_of_record
TN:
SF:..\client\src\tool\index.js
FN:16,(anonymous_0)
FN:48,(anonymous_1)
FN:56,(anonymous_2)
FN:85,(anonymous_3)
FNF:4
FNH:3
FNDA:282,(anonymous_0)
FNDA:282,(anonymous_1)
FNDA:0,(anonymous_2)
FNDA:100,(anonymous_3)
DA:1,11
DA:16,11
DA:17,282
DA:18,282
DA:20,282
DA:21,0
DA:22,282
DA:23,0
DA:24,282
DA:25,0
DA:26,0
DA:27,282
DA:28,227
DA:36,55
DA:48,11
DA:49,282
DA:50,282
DA:51,77
DA:53,282
DA:56,11
DA:57,0
DA:58,0
DA:61,0
DA:64,0
DA:65,0
DA:70,0
DA:71,0
DA:77,0
DA:78,0
DA:82,0
DA:85,11
DA:86,100
DA:88,100
DA:93,100
LF:34
LH:20
BRDA:20,0,0,0
BRDA:20,0,1,282
BRDA:22,1,0,0
BRDA:22,1,1,282
BRDA:24,2,0,0
BRDA:24,2,1,282
BRDA:27,3,0,227
BRDA:27,3,1,55
BRDA:50,4,0,77
BRDA:50,4,1,205
BRDA:64,5,0,0
BRDA:64,5,1,0
BRDA:71,6,0,0
BRDA:71,6,1,0
BRDA:72,7,0,0
BRDA:72,7,1,0
BRDA:72,7,2,0
BRDA:72,7,3,0
BRDA:85,8,0,11
BRF:19
BRH:8
end_of_record
