{"/Users/sudhanvapaturkar/Documents/GitHub/WebDev/assignments/web-dev-final-project-aditya-sudhanva/server/config.js": {"path":"/Users/sudhanvapaturkar/Documents/GitHub/WebDev/assignments/web-dev-final-project-aditya-sudhanva/server/config.js","statementMap":{"0":{"start":{"line":1,"column":18},"end":{"line":1,"column":54}},"1":{"start":{"line":3,"column":19},"end":{"line":3,"column":39}},"2":{"start":{"line":4,"column":23},"end":{"line":4,"column":46}},"3":{"start":{"line":5,"column":13},"end":{"line":5,"column":17}},"4":{"start":{"line":6,"column":31},"end":{"line":6,"column":65}},"5":{"start":{"line":7,"column":33},"end":{"line":7,"column":67}},"6":{"start":{"line":10,"column":0},"end":{"line":17,"column":2}}},"fnMap":{},"branchMap":{},"s":{"0":8,"1":8,"2":8,"3":8,"4":8,"5":8,"6":8},"f":{},"b":{},"_coverageSchema":"1a1c01bbd47fc00a2c39e90264f33305004495a9","hash":"c125cf6dcf36f6cc34f592d5cac05d9759ccb761"}
,"/Users/sudhanvapaturkar/Documents/GitHub/WebDev/assignments/web-dev-final-project-aditya-sudhanva/server/server.js": {"path":"/Users/sudhanvapaturkar/Documents/GitHub/WebDev/assignments/web-dev-final-project-aditya-sudhanva/server/server.js","statementMap":{"0":{"start":{"line":5,"column":16},"end":{"line":5,"column":34}},"1":{"start":{"line":6,"column":17},"end":{"line":6,"column":36}},"2":{"start":{"line":7,"column":21},"end":{"line":7,"column":45}},"3":{"start":{"line":8,"column":13},"end":{"line":8,"column":28}},"4":{"start":{"line":9,"column":22},"end":{"line":9,"column":55}},"5":{"start":{"line":10,"column":15},"end":{"line":10,"column":45}},"6":{"start":{"line":12,"column":56},"end":{"line":12,"column":75}},"7":{"start":{"line":14,"column":0},"end":{"line":14,"column":28}},"8":{"start":{"line":16,"column":13},"end":{"line":16,"column":22}},"9":{"start":{"line":17,"column":0},"end":{"line":17,"column":24}},"10":{"start":{"line":18,"column":0},"end":{"line":18,"column":48}},"11":{"start":{"line":19,"column":0},"end":{"line":19,"column":24}},"12":{"start":{"line":20,"column":0},"end":{"line":20,"column":25}},"13":{"start":{"line":22,"column":23},"end":{"line":22,"column":51}},"14":{"start":{"line":24,"column":0},"end":{"line":33,"column":4}},"15":{"start":{"line":27,"column":4},"end":{"line":31,"column":5}},"16":{"start":{"line":28,"column":6},"end":{"line":28,"column":27}},"17":{"start":{"line":30,"column":6},"end":{"line":30,"column":49}},"18":{"start":{"line":38,"column":0},"end":{"line":41,"column":3}},"19":{"start":{"line":39,"column":2},"end":{"line":39,"column":44}},"20":{"start":{"line":40,"column":2},"end":{"line":40,"column":12}},"21":{"start":{"line":45,"column":27},"end":{"line":45,"column":69}},"22":{"start":{"line":46,"column":22},"end":{"line":46,"column":59}},"23":{"start":{"line":47,"column":25},"end":{"line":47,"column":65}},"24":{"start":{"line":48,"column":23},"end":{"line":48,"column":61}},"25":{"start":{"line":49,"column":23},"end":{"line":49,"column":61}},"26":{"start":{"line":50,"column":26},"end":{"line":50,"column":67}},"27":{"start":{"line":53,"column":0},"end":{"line":53,"column":41}},"28":{"start":{"line":54,"column":0},"end":{"line":54,"column":31}},"29":{"start":{"line":55,"column":0},"end":{"line":55,"column":37}},"30":{"start":{"line":56,"column":0},"end":{"line":56,"column":33}},"31":{"start":{"line":57,"column":0},"end":{"line":57,"column":33}},"32":{"start":{"line":58,"column":0},"end":{"line":58,"column":39}},"33":{"start":{"line":64,"column":0},"end":{"line":67,"column":3}},"34":{"start":{"line":65,"column":2},"end":{"line":65,"column":60}},"35":{"start":{"line":66,"column":2},"end":{"line":66,"column":59}},"36":{"start":{"line":72,"column":13},"end":{"line":74,"column":2}},"37":{"start":{"line":73,"column":2},"end":{"line":73,"column":59}},"38":{"start":{"line":80,"column":0},"end":{"line":85,"column":3}},"39":{"start":{"line":81,"column":2},"end":{"line":81,"column":17}},"40":{"start":{"line":82,"column":2},"end":{"line":82,"column":24}},"41":{"start":{"line":83,"column":2},"end":{"line":83,"column":63}},"42":{"start":{"line":84,"column":2},"end":{"line":84,"column":18}},"43":{"start":{"line":87,"column":0},"end":{"line":87,"column":23}}},"fnMap":{"0":{"name":"(anonymous_0)","decl":{"start":{"line":26,"column":10},"end":{"line":26,"column":11}},"loc":{"start":{"line":26,"column":32},"end":{"line":32,"column":3}},"line":26},"1":{"name":"(anonymous_1)","decl":{"start":{"line":38,"column":13},"end":{"line":38,"column":14}},"loc":{"start":{"line":38,"column":25},"end":{"line":41,"column":1}},"line":38},"2":{"name":"(anonymous_2)","decl":{"start":{"line":64,"column":8},"end":{"line":64,"column":9}},"loc":{"start":{"line":64,"column":33},"end":{"line":67,"column":1}},"line":64},"3":{"name":"(anonymous_3)","decl":{"start":{"line":72,"column":30},"end":{"line":72,"column":31}},"loc":{"start":{"line":72,"column":36},"end":{"line":74,"column":1}},"line":72},"4":{"name":"(anonymous_4)","decl":{"start":{"line":80,"column":21},"end":{"line":80,"column":22}},"loc":{"start":{"line":80,"column":27},"end":{"line":85,"column":1}},"line":80}},"branchMap":{"0":{"loc":{"start":{"line":27,"column":4},"end":{"line":31,"column":5}},"type":"if","locations":[{"start":{"line":27,"column":4},"end":{"line":31,"column":5}},{"start":{"line":29,"column":11},"end":{"line":31,"column":5}}],"line":27},"1":{"loc":{"start":{"line":27,"column":8},"end":{"line":27,"column":50}},"type":"binary-expr","locations":[{"start":{"line":27,"column":8},"end":{"line":27,"column":15}},{"start":{"line":27,"column":19},"end":{"line":27,"column":50}}],"line":27}},"s":{"0":7,"1":7,"2":7,"3":7,"4":7,"5":7,"6":7,"7":7,"8":7,"9":7,"10":7,"11":7,"12":7,"13":7,"14":7,"15":40,"16":40,"17":0,"18":7,"19":1,"20":1,"21":7,"22":7,"23":7,"24":7,"25":7,"26":7,"27":7,"28":7,"29":7,"30":7,"31":7,"32":7,"33":7,"34":0,"35":0,"36":7,"37":7,"38":7,"39":0,"40":0,"41":0,"42":0,"43":7},"f":{"0":40,"1":1,"2":0,"3":7,"4":0},"b":{"0":[40,0],"1":[40,0]},"_coverageSchema":"1a1c01bbd47fc00a2c39e90264f33305004495a9","hash":"c431dee12a9ae76e50f18f9e32e92f15d4f0a02a"}
,"/Users/sudhanvapaturkar/Documents/GitHub/WebDev/assignments/web-dev-final-project-aditya-sudhanva/server/controller/answerController.js": {"path":"/Users/sudhanvapaturkar/Documents/GitHub/WebDev/assignments/web-dev-final-project-aditya-sudhanva/server/controller/answerController.js","statementMap":{"0":{"start":{"line":1,"column":16},"end":{"line":1,"column":34}},"1":{"start":{"line":3,"column":27},"end":{"line":3,"column":59}},"2":{"start":{"line":12,"column":4},"end":{"line":12,"column":35}},"3":{"start":{"line":20,"column":4},"end":{"line":20,"column":35}},"4":{"start":{"line":22,"column":15},"end":{"line":22,"column":31}},"5":{"start":{"line":30,"column":29},"end":{"line":39,"column":1}},"6":{"start":{"line":31,"column":2},"end":{"line":38,"column":3}},"7":{"start":{"line":32,"column":30},"end":{"line":32,"column":64}},"8":{"start":{"line":33,"column":4},"end":{"line":33,"column":59}},"9":{"start":{"line":34,"column":4},"end":{"line":34,"column":44}},"10":{"start":{"line":36,"column":4},"end":{"line":36,"column":25}},"11":{"start":{"line":37,"column":4},"end":{"line":37,"column":59}},"12":{"start":{"line":47,"column":20},"end":{"line":56,"column":1}},"13":{"start":{"line":48,"column":2},"end":{"line":55,"column":3}},"14":{"start":{"line":49,"column":19},"end":{"line":49,"column":57}},"15":{"start":{"line":50,"column":4},"end":{"line":50,"column":20}},"16":{"start":{"line":51,"column":4},"end":{"line":51,"column":23}},"17":{"start":{"line":53,"column":4},"end":{"line":53,"column":25}},"18":{"start":{"line":54,"column":4},"end":{"line":54,"column":59}},"19":{"start":{"line":64,"column":18},"end":{"line":74,"column":1}},"20":{"start":{"line":65,"column":2},"end":{"line":73,"column":3}},"21":{"start":{"line":66,"column":17},"end":{"line":66,"column":64}},"22":{"start":{"line":67,"column":4},"end":{"line":67,"column":17}},"23":{"start":{"line":68,"column":4},"end":{"line":68,"column":20}},"24":{"start":{"line":69,"column":4},"end":{"line":69,"column":21}},"25":{"start":{"line":71,"column":4},"end":{"line":71,"column":20}},"26":{"start":{"line":72,"column":4},"end":{"line":72,"column":32}},"27":{"start":{"line":83,"column":27},"end":{"line":89,"column":1}},"28":{"start":{"line":84,"column":12},"end":{"line":84,"column":24}},"29":{"start":{"line":85,"column":17},"end":{"line":85,"column":34}},"30":{"start":{"line":86,"column":26},"end":{"line":86,"column":69}},"31":{"start":{"line":87,"column":2},"end":{"line":87,"column":15}},"32":{"start":{"line":88,"column":2},"end":{"line":88,"column":42}},"33":{"start":{"line":97,"column":19},"end":{"line":112,"column":1}},"34":{"start":{"line":98,"column":2},"end":{"line":111,"column":3}},"35":{"start":{"line":99,"column":18},"end":{"line":103,"column":5}},"36":{"start":{"line":104,"column":4},"end":{"line":104,"column":17}},"37":{"start":{"line":105,"column":4},"end":{"line":105,"column":20}},"38":{"start":{"line":106,"column":4},"end":{"line":106,"column":22}},"39":{"start":{"line":107,"column":4},"end":{"line":107,"column":19}},"40":{"start":{"line":109,"column":4},"end":{"line":109,"column":25}},"41":{"start":{"line":110,"column":4},"end":{"line":110,"column":59}},"42":{"start":{"line":120,"column":22},"end":{"line":134,"column":1}},"43":{"start":{"line":121,"column":2},"end":{"line":133,"column":3}},"44":{"start":{"line":122,"column":17},"end":{"line":126,"column":5}},"45":{"start":{"line":127,"column":4},"end":{"line":127,"column":17}},"46":{"start":{"line":128,"column":4},"end":{"line":128,"column":33}},"47":{"start":{"line":129,"column":4},"end":{"line":129,"column":18}},"48":{"start":{"line":131,"column":4},"end":{"line":131,"column":25}},"49":{"start":{"line":132,"column":4},"end":{"line":132,"column":59}},"50":{"start":{"line":142,"column":25},"end":{"line":157,"column":1}},"51":{"start":{"line":143,"column":2},"end":{"line":156,"column":3}},"52":{"start":{"line":144,"column":17},"end":{"line":148,"column":5}},"53":{"start":{"line":149,"column":4},"end":{"line":149,"column":17}},"54":{"start":{"line":150,"column":4},"end":{"line":150,"column":20}},"55":{"start":{"line":151,"column":4},"end":{"line":151,"column":21}},"56":{"start":{"line":152,"column":4},"end":{"line":152,"column":18}},"57":{"start":{"line":154,"column":4},"end":{"line":154,"column":25}},"58":{"start":{"line":155,"column":4},"end":{"line":155,"column":59}},"59":{"start":{"line":165,"column":25},"end":{"line":180,"column":1}},"60":{"start":{"line":166,"column":2},"end":{"line":179,"column":3}},"61":{"start":{"line":167,"column":17},"end":{"line":171,"column":5}},"62":{"start":{"line":172,"column":4},"end":{"line":172,"column":17}},"63":{"start":{"line":173,"column":4},"end":{"line":173,"column":20}},"64":{"start":{"line":174,"column":4},"end":{"line":174,"column":21}},"65":{"start":{"line":175,"column":4},"end":{"line":175,"column":18}},"66":{"start":{"line":177,"column":4},"end":{"line":177,"column":25}},"67":{"start":{"line":178,"column":4},"end":{"line":178,"column":59}},"68":{"start":{"line":184,"column":0},"end":{"line":192,"column":2}},"69":{"start":{"line":189,"column":4},"end":{"line":191,"column":6}},"70":{"start":{"line":190,"column":6},"end":{"line":190,"column":18}},"71":{"start":{"line":194,"column":0},"end":{"line":202,"column":2}},"72":{"start":{"line":199,"column":4},"end":{"line":201,"column":6}},"73":{"start":{"line":200,"column":6},"end":{"line":200,"column":18}},"74":{"start":{"line":204,"column":0},"end":{"line":212,"column":2}},"75":{"start":{"line":209,"column":4},"end":{"line":211,"column":6}},"76":{"start":{"line":210,"column":6},"end":{"line":210,"column":18}},"77":{"start":{"line":214,"column":0},"end":{"line":222,"column":2}},"78":{"start":{"line":219,"column":4},"end":{"line":221,"column":6}},"79":{"start":{"line":220,"column":6},"end":{"line":220,"column":18}},"80":{"start":{"line":224,"column":0},"end":{"line":232,"column":2}},"81":{"start":{"line":229,"column":4},"end":{"line":231,"column":6}},"82":{"start":{"line":230,"column":6},"end":{"line":230,"column":18}},"83":{"start":{"line":234,"column":0},"end":{"line":243,"column":2}},"84":{"start":{"line":240,"column":4},"end":{"line":242,"column":6}},"85":{"start":{"line":241,"column":6},"end":{"line":241,"column":18}},"86":{"start":{"line":247,"column":0},"end":{"line":256,"column":2}},"87":{"start":{"line":252,"column":4},"end":{"line":254,"column":7}},"88":{"start":{"line":253,"column":6},"end":{"line":253,"column":18}},"89":{"start":{"line":258,"column":0},"end":{"line":267,"column":2}},"90":{"start":{"line":264,"column":4},"end":{"line":266,"column":6}},"91":{"start":{"line":265,"column":6},"end":{"line":265,"column":18}},"92":{"start":{"line":269,"column":0},"end":{"line":269,"column":24}}},"fnMap":{"0":{"name":"(anonymous_0)","decl":{"start":{"line":30,"column":29},"end":{"line":30,"column":30}},"loc":{"start":{"line":30,"column":49},"end":{"line":39,"column":1}},"line":30},"1":{"name":"(anonymous_1)","decl":{"start":{"line":47,"column":20},"end":{"line":47,"column":21}},"loc":{"start":{"line":47,"column":40},"end":{"line":56,"column":1}},"line":47},"2":{"name":"(anonymous_2)","decl":{"start":{"line":64,"column":18},"end":{"line":64,"column":19}},"loc":{"start":{"line":64,"column":38},"end":{"line":74,"column":1}},"line":64},"3":{"name":"(anonymous_3)","decl":{"start":{"line":83,"column":27},"end":{"line":83,"column":28}},"loc":{"start":{"line":83,"column":47},"end":{"line":89,"column":1}},"line":83},"4":{"name":"(anonymous_4)","decl":{"start":{"line":97,"column":19},"end":{"line":97,"column":20}},"loc":{"start":{"line":97,"column":39},"end":{"line":112,"column":1}},"line":97},"5":{"name":"(anonymous_5)","decl":{"start":{"line":120,"column":22},"end":{"line":120,"column":23}},"loc":{"start":{"line":120,"column":42},"end":{"line":134,"column":1}},"line":120},"6":{"name":"(anonymous_6)","decl":{"start":{"line":142,"column":25},"end":{"line":142,"column":26}},"loc":{"start":{"line":142,"column":45},"end":{"line":157,"column":1}},"line":142},"7":{"name":"(anonymous_7)","decl":{"start":{"line":165,"column":25},"end":{"line":165,"column":26}},"loc":{"start":{"line":165,"column":45},"end":{"line":180,"column":1}},"line":165},"8":{"name":"(anonymous_8)","decl":{"start":{"line":188,"column":2},"end":{"line":188,"column":3}},"loc":{"start":{"line":189,"column":4},"end":{"line":191,"column":6}},"line":189},"9":{"name":"(anonymous_9)","decl":{"start":{"line":189,"column":33},"end":{"line":189,"column":34}},"loc":{"start":{"line":189,"column":43},"end":{"line":191,"column":5}},"line":189},"10":{"name":"(anonymous_10)","decl":{"start":{"line":198,"column":2},"end":{"line":198,"column":3}},"loc":{"start":{"line":199,"column":4},"end":{"line":201,"column":6}},"line":199},"11":{"name":"(anonymous_11)","decl":{"start":{"line":199,"column":36},"end":{"line":199,"column":37}},"loc":{"start":{"line":199,"column":46},"end":{"line":201,"column":5}},"line":199},"12":{"name":"(anonymous_12)","decl":{"start":{"line":208,"column":2},"end":{"line":208,"column":3}},"loc":{"start":{"line":209,"column":4},"end":{"line":211,"column":6}},"line":209},"13":{"name":"(anonymous_13)","decl":{"start":{"line":209,"column":36},"end":{"line":209,"column":37}},"loc":{"start":{"line":209,"column":46},"end":{"line":211,"column":5}},"line":209},"14":{"name":"(anonymous_14)","decl":{"start":{"line":218,"column":2},"end":{"line":218,"column":3}},"loc":{"start":{"line":219,"column":4},"end":{"line":221,"column":6}},"line":219},"15":{"name":"(anonymous_15)","decl":{"start":{"line":219,"column":29},"end":{"line":219,"column":30}},"loc":{"start":{"line":219,"column":39},"end":{"line":221,"column":5}},"line":219},"16":{"name":"(anonymous_16)","decl":{"start":{"line":228,"column":2},"end":{"line":228,"column":3}},"loc":{"start":{"line":229,"column":4},"end":{"line":231,"column":6}},"line":229},"17":{"name":"(anonymous_17)","decl":{"start":{"line":229,"column":30},"end":{"line":229,"column":31}},"loc":{"start":{"line":229,"column":40},"end":{"line":231,"column":5}},"line":229},"18":{"name":"(anonymous_18)","decl":{"start":{"line":239,"column":2},"end":{"line":239,"column":3}},"loc":{"start":{"line":240,"column":4},"end":{"line":242,"column":6}},"line":240},"19":{"name":"(anonymous_19)","decl":{"start":{"line":240,"column":38},"end":{"line":240,"column":39}},"loc":{"start":{"line":240,"column":48},"end":{"line":242,"column":5}},"line":240},"20":{"name":"(anonymous_20)","decl":{"start":{"line":251,"column":2},"end":{"line":251,"column":3}},"loc":{"start":{"line":251,"column":16},"end":{"line":255,"column":3}},"line":251},"21":{"name":"(anonymous_21)","decl":{"start":{"line":252,"column":31},"end":{"line":252,"column":32}},"loc":{"start":{"line":252,"column":41},"end":{"line":254,"column":5}},"line":252},"22":{"name":"(anonymous_22)","decl":{"start":{"line":263,"column":2},"end":{"line":263,"column":3}},"loc":{"start":{"line":264,"column":4},"end":{"line":266,"column":6}},"line":264},"23":{"name":"(anonymous_23)","decl":{"start":{"line":264,"column":40},"end":{"line":264,"column":41}},"loc":{"start":{"line":264,"column":50},"end":{"line":266,"column":5}},"line":264}},"branchMap":{},"s":{"0":7,"1":7,"2":7,"3":7,"4":7,"5":7,"6":1,"7":1,"8":1,"9":1,"10":0,"11":0,"12":7,"13":1,"14":1,"15":1,"16":1,"17":0,"18":0,"19":7,"20":1,"21":1,"22":1,"23":1,"24":1,"25":0,"26":0,"27":7,"28":1,"29":1,"30":1,"31":1,"32":1,"33":7,"34":1,"35":1,"36":1,"37":1,"38":1,"39":1,"40":0,"41":0,"42":7,"43":1,"44":1,"45":1,"46":1,"47":1,"48":0,"49":0,"50":7,"51":1,"52":1,"53":1,"54":1,"55":1,"56":1,"57":0,"58":0,"59":7,"60":1,"61":1,"62":1,"63":1,"64":1,"65":1,"66":0,"67":0,"68":7,"69":1,"70":1,"71":7,"72":1,"73":1,"74":7,"75":1,"76":1,"77":7,"78":1,"79":1,"80":7,"81":1,"82":1,"83":7,"84":1,"85":1,"86":7,"87":1,"88":1,"89":7,"90":1,"91":1,"92":7},"f":{"0":1,"1":1,"2":1,"3":1,"4":1,"5":1,"6":1,"7":1,"8":1,"9":1,"10":1,"11":1,"12":1,"13":1,"14":1,"15":1,"16":1,"17":1,"18":1,"19":1,"20":1,"21":1,"22":1,"23":1},"b":{},"_coverageSchema":"1a1c01bbd47fc00a2c39e90264f33305004495a9","hash":"6460a6bf1ea5274b12a4fd7fe21ddc65b6ca4f5a"}
,"/Users/sudhanvapaturkar/Documents/GitHub/WebDev/assignments/web-dev-final-project-aditya-sudhanva/server/controller/authController.js": {"path":"/Users/sudhanvapaturkar/Documents/GitHub/WebDev/assignments/web-dev-final-project-aditya-sudhanva/server/controller/authController.js","statementMap":{"0":{"start":{"line":1,"column":16},"end":{"line":1,"column":34}},"1":{"start":{"line":3,"column":36},"end":{"line":3,"column":56}},"2":{"start":{"line":4,"column":37},"end":{"line":4,"column":57}},"3":{"start":{"line":5,"column":30},"end":{"line":5,"column":58}},"4":{"start":{"line":6,"column":29},"end":{"line":6,"column":60}},"5":{"start":{"line":11,"column":4},"end":{"line":11,"column":33}},"6":{"start":{"line":13,"column":15},"end":{"line":13,"column":32}},"7":{"start":{"line":14,"column":12},"end":{"line":14,"column":35}},"8":{"start":{"line":15,"column":13},"end":{"line":15,"column":44}},"9":{"start":{"line":16,"column":21},"end":{"line":16,"column":45}},"10":{"start":{"line":18,"column":15},"end":{"line":18,"column":31}},"11":{"start":{"line":25,"column":28},"end":{"line":27,"column":1}},"12":{"start":{"line":26,"column":2},"end":{"line":26,"column":70}},"13":{"start":{"line":34,"column":29},"end":{"line":36,"column":1}},"14":{"start":{"line":35,"column":2},"end":{"line":35,"column":72}},"15":{"start":{"line":44,"column":32},"end":{"line":70,"column":1}},"16":{"start":{"line":45,"column":22},"end":{"line":45,"column":45}},"17":{"start":{"line":47,"column":2},"end":{"line":49,"column":3}},"18":{"start":{"line":48,"column":4},"end":{"line":48,"column":55}},"19":{"start":{"line":51,"column":2},"end":{"line":69,"column":4}},"20":{"start":{"line":55,"column":6},"end":{"line":67,"column":7}},"21":{"start":{"line":56,"column":8},"end":{"line":62,"column":9}},"22":{"start":{"line":57,"column":10},"end":{"line":57,"column":75}},"23":{"start":{"line":59,"column":10},"end":{"line":61,"column":68}},"24":{"start":{"line":64,"column":8},"end":{"line":66,"column":65}},"25":{"start":{"line":78,"column":19},"end":{"line":97,"column":1}},"26":{"start":{"line":79,"column":2},"end":{"line":96,"column":3}},"27":{"start":{"line":80,"column":29},"end":{"line":80,"column":53}},"28":{"start":{"line":81,"column":4},"end":{"line":81,"column":51}},"29":{"start":{"line":82,"column":4},"end":{"line":86,"column":7}},"30":{"start":{"line":87,"column":4},"end":{"line":91,"column":7}},"31":{"start":{"line":92,"column":4},"end":{"line":92,"column":24}},"32":{"start":{"line":94,"column":4},"end":{"line":94,"column":25}},"33":{"start":{"line":95,"column":4},"end":{"line":95,"column":24}},"34":{"start":{"line":105,"column":31},"end":{"line":140,"column":1}},"35":{"start":{"line":106,"column":2},"end":{"line":139,"column":3}},"36":{"start":{"line":107,"column":25},"end":{"line":107,"column":49}},"37":{"start":{"line":109,"column":4},"end":{"line":111,"column":5}},"38":{"start":{"line":110,"column":6},"end":{"line":110,"column":33}},"39":{"start":{"line":113,"column":4},"end":{"line":135,"column":6}},"40":{"start":{"line":117,"column":8},"end":{"line":133,"column":9}},"41":{"start":{"line":118,"column":10},"end":{"line":122,"column":11}},"42":{"start":{"line":119,"column":12},"end":{"line":119,"column":71}},"43":{"start":{"line":121,"column":12},"end":{"line":121,"column":39}},"44":{"start":{"line":124,"column":30},"end":{"line":126,"column":12}},"45":{"start":{"line":127,"column":10},"end":{"line":131,"column":13}},"46":{"start":{"line":132,"column":10},"end":{"line":132,"column":70}},"47":{"start":{"line":137,"column":4},"end":{"line":137,"column":25}},"48":{"start":{"line":138,"column":4},"end":{"line":138,"column":24}},"49":{"start":{"line":148,"column":18},"end":{"line":186,"column":1}},"50":{"start":{"line":149,"column":2},"end":{"line":185,"column":3}},"51":{"start":{"line":150,"column":33},"end":{"line":150,"column":41}},"52":{"start":{"line":151,"column":17},"end":{"line":151,"column":55}},"53":{"start":{"line":152,"column":4},"end":{"line":152,"column":39}},"54":{"start":{"line":154,"column":4},"end":{"line":156,"column":5}},"55":{"start":{"line":155,"column":6},"end":{"line":155,"column":66}},"56":{"start":{"line":158,"column":18},"end":{"line":158,"column":63}},"57":{"start":{"line":160,"column":4},"end":{"line":162,"column":5}},"58":{"start":{"line":161,"column":6},"end":{"line":161,"column":66}},"59":{"start":{"line":164,"column":24},"end":{"line":164,"column":69}},"60":{"start":{"line":165,"column":25},"end":{"line":165,"column":71}},"61":{"start":{"line":167,"column":4},"end":{"line":167,"column":37}},"62":{"start":{"line":168,"column":4},"end":{"line":168,"column":29}},"63":{"start":{"line":170,"column":4},"end":{"line":174,"column":7}},"64":{"start":{"line":175,"column":4},"end":{"line":179,"column":7}},"65":{"start":{"line":181,"column":4},"end":{"line":181,"column":24}},"66":{"start":{"line":183,"column":4},"end":{"line":183,"column":25}},"67":{"start":{"line":184,"column":4},"end":{"line":184,"column":24}},"68":{"start":{"line":194,"column":21},"end":{"line":257,"column":1}},"69":{"start":{"line":195,"column":2},"end":{"line":256,"column":3}},"70":{"start":{"line":196,"column":21},"end":{"line":196,"column":48}},"71":{"start":{"line":207,"column":8},"end":{"line":207,"column":16}},"72":{"start":{"line":209,"column":4},"end":{"line":209,"column":33}},"73":{"start":{"line":210,"column":4},"end":{"line":210,"column":41}},"74":{"start":{"line":211,"column":4},"end":{"line":211,"column":39}},"75":{"start":{"line":213,"column":17},"end":{"line":223,"column":5}},"76":{"start":{"line":215,"column":20},"end":{"line":215,"column":52}},"77":{"start":{"line":216,"column":8},"end":{"line":221,"column":9}},"78":{"start":{"line":217,"column":10},"end":{"line":217,"column":21}},"79":{"start":{"line":219,"column":10},"end":{"line":219,"column":62}},"80":{"start":{"line":220,"column":10},"end":{"line":220,"column":22}},"81":{"start":{"line":225,"column":25},"end":{"line":225,"column":61}},"82":{"start":{"line":225,"column":47},"end":{"line":225,"column":60}},"83":{"start":{"line":226,"column":25},"end":{"line":226,"column":61}},"84":{"start":{"line":228,"column":4},"end":{"line":232,"column":5}},"85":{"start":{"line":229,"column":6},"end":{"line":231,"column":64}},"86":{"start":{"line":234,"column":27},"end":{"line":234,"column":58}},"87":{"start":{"line":236,"column":21},"end":{"line":247,"column":5}},"88":{"start":{"line":249,"column":15},"end":{"line":249,"column":35}},"89":{"start":{"line":250,"column":4},"end":{"line":250,"column":29}},"90":{"start":{"line":252,"column":4},"end":{"line":252,"column":54}},"91":{"start":{"line":254,"column":4},"end":{"line":254,"column":25}},"92":{"start":{"line":255,"column":4},"end":{"line":255,"column":24}},"93":{"start":{"line":264,"column":22},"end":{"line":266,"column":1}},"94":{"start":{"line":265,"column":2},"end":{"line":265,"column":29}},"95":{"start":{"line":270,"column":0},"end":{"line":274,"column":2}},"96":{"start":{"line":271,"column":2},"end":{"line":273,"column":4}},"97":{"start":{"line":272,"column":4},"end":{"line":272,"column":16}},"98":{"start":{"line":276,"column":0},"end":{"line":280,"column":2}},"99":{"start":{"line":277,"column":2},"end":{"line":279,"column":4}},"100":{"start":{"line":278,"column":4},"end":{"line":278,"column":16}},"101":{"start":{"line":282,"column":0},"end":{"line":286,"column":2}},"102":{"start":{"line":283,"column":2},"end":{"line":285,"column":4}},"103":{"start":{"line":284,"column":4},"end":{"line":284,"column":16}},"104":{"start":{"line":288,"column":0},"end":{"line":292,"column":2}},"105":{"start":{"line":289,"column":2},"end":{"line":291,"column":4}},"106":{"start":{"line":290,"column":4},"end":{"line":290,"column":16}},"107":{"start":{"line":296,"column":0},"end":{"line":300,"column":2}},"108":{"start":{"line":297,"column":2},"end":{"line":299,"column":4}},"109":{"start":{"line":298,"column":4},"end":{"line":298,"column":16}},"110":{"start":{"line":302,"column":0},"end":{"line":302,"column":24}}},"fnMap":{"0":{"name":"(anonymous_0)","decl":{"start":{"line":25,"column":28},"end":{"line":25,"column":29}},"loc":{"start":{"line":25,"column":38},"end":{"line":27,"column":1}},"line":25},"1":{"name":"(anonymous_1)","decl":{"start":{"line":34,"column":29},"end":{"line":34,"column":30}},"loc":{"start":{"line":34,"column":39},"end":{"line":36,"column":1}},"line":34},"2":{"name":"(anonymous_2)","decl":{"start":{"line":44,"column":32},"end":{"line":44,"column":33}},"loc":{"start":{"line":44,"column":52},"end":{"line":70,"column":1}},"line":44},"3":{"name":"(anonymous_3)","decl":{"start":{"line":54,"column":4},"end":{"line":54,"column":5}},"loc":{"start":{"line":54,"column":44},"end":{"line":68,"column":5}},"line":54},"4":{"name":"(anonymous_4)","decl":{"start":{"line":78,"column":19},"end":{"line":78,"column":20}},"loc":{"start":{"line":78,"column":39},"end":{"line":97,"column":1}},"line":78},"5":{"name":"(anonymous_5)","decl":{"start":{"line":105,"column":31},"end":{"line":105,"column":32}},"loc":{"start":{"line":105,"column":51},"end":{"line":140,"column":1}},"line":105},"6":{"name":"(anonymous_6)","decl":{"start":{"line":116,"column":6},"end":{"line":116,"column":7}},"loc":{"start":{"line":116,"column":48},"end":{"line":134,"column":7}},"line":116},"7":{"name":"(anonymous_7)","decl":{"start":{"line":148,"column":18},"end":{"line":148,"column":19}},"loc":{"start":{"line":148,"column":38},"end":{"line":186,"column":1}},"line":148},"8":{"name":"(anonymous_8)","decl":{"start":{"line":194,"column":21},"end":{"line":194,"column":22}},"loc":{"start":{"line":194,"column":41},"end":{"line":257,"column":1}},"line":194},"9":{"name":"(anonymous_9)","decl":{"start":{"line":214,"column":27},"end":{"line":214,"column":28}},"loc":{"start":{"line":214,"column":46},"end":{"line":222,"column":7}},"line":214},"10":{"name":"(anonymous_10)","decl":{"start":{"line":225,"column":37},"end":{"line":225,"column":38}},"loc":{"start":{"line":225,"column":47},"end":{"line":225,"column":60}},"line":225},"11":{"name":"(anonymous_11)","decl":{"start":{"line":264,"column":22},"end":{"line":264,"column":23}},"loc":{"start":{"line":264,"column":33},"end":{"line":266,"column":1}},"line":264},"12":{"name":"(anonymous_12)","decl":{"start":{"line":270,"column":43},"end":{"line":270,"column":44}},"loc":{"start":{"line":271,"column":2},"end":{"line":273,"column":4}},"line":271},"13":{"name":"(anonymous_13)","decl":{"start":{"line":271,"column":30},"end":{"line":271,"column":31}},"loc":{"start":{"line":271,"column":40},"end":{"line":273,"column":3}},"line":271},"14":{"name":"(anonymous_14)","decl":{"start":{"line":276,"column":40},"end":{"line":276,"column":41}},"loc":{"start":{"line":277,"column":2},"end":{"line":279,"column":4}},"line":277},"15":{"name":"(anonymous_15)","decl":{"start":{"line":277,"column":27},"end":{"line":277,"column":28}},"loc":{"start":{"line":277,"column":37},"end":{"line":279,"column":3}},"line":277},"16":{"name":"(anonymous_16)","decl":{"start":{"line":282,"column":47},"end":{"line":282,"column":48}},"loc":{"start":{"line":283,"column":2},"end":{"line":285,"column":4}},"line":283},"17":{"name":"(anonymous_17)","decl":{"start":{"line":283,"column":40},"end":{"line":283,"column":41}},"loc":{"start":{"line":283,"column":50},"end":{"line":285,"column":3}},"line":283},"18":{"name":"(anonymous_18)","decl":{"start":{"line":288,"column":41},"end":{"line":288,"column":42}},"loc":{"start":{"line":289,"column":2},"end":{"line":291,"column":4}},"line":289},"19":{"name":"(anonymous_19)","decl":{"start":{"line":289,"column":28},"end":{"line":289,"column":29}},"loc":{"start":{"line":289,"column":38},"end":{"line":291,"column":3}},"line":289},"20":{"name":"(anonymous_20)","decl":{"start":{"line":296,"column":46},"end":{"line":296,"column":47}},"loc":{"start":{"line":297,"column":2},"end":{"line":299,"column":4}},"line":297},"21":{"name":"(anonymous_21)","decl":{"start":{"line":297,"column":41},"end":{"line":297,"column":42}},"loc":{"start":{"line":297,"column":51},"end":{"line":299,"column":3}},"line":297}},"branchMap":{"0":{"loc":{"start":{"line":47,"column":2},"end":{"line":49,"column":3}},"type":"if","locations":[{"start":{"line":47,"column":2},"end":{"line":49,"column":3}},{"start":{},"end":{}}],"line":47},"1":{"loc":{"start":{"line":55,"column":6},"end":{"line":67,"column":7}},"type":"if","locations":[{"start":{"line":55,"column":6},"end":{"line":67,"column":7}},{"start":{"line":63,"column":13},"end":{"line":67,"column":7}}],"line":55},"2":{"loc":{"start":{"line":56,"column":8},"end":{"line":62,"column":9}},"type":"if","locations":[{"start":{"line":56,"column":8},"end":{"line":62,"column":9}},{"start":{"line":58,"column":15},"end":{"line":62,"column":9}}],"line":56},"3":{"loc":{"start":{"line":109,"column":4},"end":{"line":111,"column":5}},"type":"if","locations":[{"start":{"line":109,"column":4},"end":{"line":111,"column":5}},{"start":{},"end":{}}],"line":109},"4":{"loc":{"start":{"line":117,"column":8},"end":{"line":133,"column":9}},"type":"if","locations":[{"start":{"line":117,"column":8},"end":{"line":133,"column":9}},{"start":{"line":123,"column":15},"end":{"line":133,"column":9}}],"line":117},"5":{"loc":{"start":{"line":118,"column":10},"end":{"line":122,"column":11}},"type":"if","locations":[{"start":{"line":118,"column":10},"end":{"line":122,"column":11}},{"start":{"line":120,"column":17},"end":{"line":122,"column":11}}],"line":118},"6":{"loc":{"start":{"line":154,"column":4},"end":{"line":156,"column":5}},"type":"if","locations":[{"start":{"line":154,"column":4},"end":{"line":156,"column":5}},{"start":{},"end":{}}],"line":154},"7":{"loc":{"start":{"line":160,"column":4},"end":{"line":162,"column":5}},"type":"if","locations":[{"start":{"line":160,"column":4},"end":{"line":162,"column":5}},{"start":{},"end":{}}],"line":160},"8":{"loc":{"start":{"line":216,"column":8},"end":{"line":221,"column":9}},"type":"if","locations":[{"start":{"line":216,"column":8},"end":{"line":221,"column":9}},{"start":{"line":218,"column":15},"end":{"line":221,"column":9}}],"line":216},"9":{"loc":{"start":{"line":228,"column":4},"end":{"line":232,"column":5}},"type":"if","locations":[{"start":{"line":228,"column":4},"end":{"line":232,"column":5}},{"start":{},"end":{}}],"line":228}},"s":{"0":7,"1":7,"2":7,"3":7,"4":7,"5":7,"6":7,"7":7,"8":7,"9":7,"10":7,"11":7,"12":2,"13":7,"14":1,"15":7,"16":1,"17":1,"18":0,"19":1,"20":1,"21":0,"22":0,"23":0,"24":1,"25":7,"26":1,"27":1,"28":1,"29":1,"30":1,"31":1,"32":0,"33":0,"34":7,"35":1,"36":1,"37":1,"38":0,"39":1,"40":1,"41":0,"42":0,"43":0,"44":1,"45":1,"46":1,"47":0,"48":0,"49":7,"50":1,"51":1,"52":1,"53":1,"54":1,"55":0,"56":1,"57":1,"58":0,"59":1,"60":1,"61":1,"62":1,"63":1,"64":1,"65":1,"66":0,"67":0,"68":7,"69":1,"70":1,"71":1,"72":1,"73":1,"74":1,"75":1,"76":2,"77":2,"78":2,"79":0,"80":0,"81":1,"82":2,"83":1,"84":1,"85":0,"86":1,"87":1,"88":1,"89":1,"90":1,"91":0,"92":0,"93":7,"94":4,"95":7,"96":1,"97":1,"98":7,"99":1,"100":1,"101":7,"102":1,"103":1,"104":7,"105":1,"106":1,"107":7,"108":1,"109":1,"110":7},"f":{"0":2,"1":1,"2":1,"3":1,"4":1,"5":1,"6":1,"7":1,"8":1,"9":2,"10":2,"11":4,"12":1,"13":1,"14":1,"15":1,"16":1,"17":1,"18":1,"19":1,"20":1,"21":1},"b":{"0":[0,1],"1":[0,1],"2":[0,0],"3":[0,1],"4":[0,1],"5":[0,0],"6":[0,1],"7":[0,1],"8":[2,0],"9":[0,1]},"_coverageSchema":"1a1c01bbd47fc00a2c39e90264f33305004495a9","hash":"fbac804d8c03dadeaa2ab7c3acc7f06a1c6fbc65"}
,"/Users/sudhanvapaturkar/Documents/GitHub/WebDev/assignments/web-dev-final-project-aditya-sudhanva/server/controller/commentController.js": {"path":"/Users/sudhanvapaturkar/Documents/GitHub/WebDev/assignments/web-dev-final-project-aditya-sudhanva/server/controller/commentController.js","statementMap":{"0":{"start":{"line":1,"column":16},"end":{"line":1,"column":34}},"1":{"start":{"line":7,"column":4},"end":{"line":7,"column":36}},"2":{"start":{"line":12,"column":4},"end":{"line":12,"column":35}},"3":{"start":{"line":14,"column":15},"end":{"line":14,"column":31}},"4":{"start":{"line":23,"column":23},"end":{"line":37,"column":1}},"5":{"start":{"line":24,"column":2},"end":{"line":36,"column":3}},"6":{"start":{"line":25,"column":18},"end":{"line":29,"column":5}},"7":{"start":{"line":30,"column":4},"end":{"line":30,"column":17}},"8":{"start":{"line":31,"column":4},"end":{"line":31,"column":34}},"9":{"start":{"line":32,"column":4},"end":{"line":32,"column":19}},"10":{"start":{"line":34,"column":4},"end":{"line":34,"column":25}},"11":{"start":{"line":35,"column":4},"end":{"line":35,"column":59}},"12":{"start":{"line":46,"column":26},"end":{"line":60,"column":1}},"13":{"start":{"line":47,"column":2},"end":{"line":59,"column":3}},"14":{"start":{"line":48,"column":18},"end":{"line":52,"column":5}},"15":{"start":{"line":53,"column":4},"end":{"line":53,"column":17}},"16":{"start":{"line":54,"column":4},"end":{"line":54,"column":34}},"17":{"start":{"line":55,"column":4},"end":{"line":55,"column":19}},"18":{"start":{"line":57,"column":4},"end":{"line":57,"column":25}},"19":{"start":{"line":58,"column":4},"end":{"line":58,"column":59}},"20":{"start":{"line":69,"column":26},"end":{"line":83,"column":1}},"21":{"start":{"line":70,"column":2},"end":{"line":82,"column":3}},"22":{"start":{"line":71,"column":18},"end":{"line":75,"column":5}},"23":{"start":{"line":76,"column":4},"end":{"line":76,"column":17}},"24":{"start":{"line":77,"column":4},"end":{"line":77,"column":34}},"25":{"start":{"line":78,"column":4},"end":{"line":78,"column":19}},"26":{"start":{"line":80,"column":4},"end":{"line":80,"column":25}},"27":{"start":{"line":81,"column":4},"end":{"line":81,"column":59}},"28":{"start":{"line":87,"column":0},"end":{"line":95,"column":2}},"29":{"start":{"line":92,"column":4},"end":{"line":94,"column":6}},"30":{"start":{"line":93,"column":6},"end":{"line":93,"column":18}},"31":{"start":{"line":97,"column":0},"end":{"line":105,"column":2}},"32":{"start":{"line":102,"column":4},"end":{"line":104,"column":6}},"33":{"start":{"line":103,"column":6},"end":{"line":103,"column":18}},"34":{"start":{"line":107,"column":0},"end":{"line":115,"column":2}},"35":{"start":{"line":112,"column":4},"end":{"line":114,"column":6}},"36":{"start":{"line":113,"column":6},"end":{"line":113,"column":18}},"37":{"start":{"line":117,"column":0},"end":{"line":117,"column":24}}},"fnMap":{"0":{"name":"(anonymous_0)","decl":{"start":{"line":23,"column":23},"end":{"line":23,"column":24}},"loc":{"start":{"line":23,"column":43},"end":{"line":37,"column":1}},"line":23},"1":{"name":"(anonymous_1)","decl":{"start":{"line":46,"column":26},"end":{"line":46,"column":27}},"loc":{"start":{"line":46,"column":46},"end":{"line":60,"column":1}},"line":46},"2":{"name":"(anonymous_2)","decl":{"start":{"line":69,"column":26},"end":{"line":69,"column":27}},"loc":{"start":{"line":69,"column":46},"end":{"line":83,"column":1}},"line":69},"3":{"name":"(anonymous_3)","decl":{"start":{"line":91,"column":2},"end":{"line":91,"column":3}},"loc":{"start":{"line":92,"column":4},"end":{"line":94,"column":6}},"line":92},"4":{"name":"(anonymous_4)","decl":{"start":{"line":92,"column":34},"end":{"line":92,"column":35}},"loc":{"start":{"line":92,"column":44},"end":{"line":94,"column":5}},"line":92},"5":{"name":"(anonymous_5)","decl":{"start":{"line":101,"column":2},"end":{"line":101,"column":3}},"loc":{"start":{"line":102,"column":4},"end":{"line":104,"column":6}},"line":102},"6":{"name":"(anonymous_6)","decl":{"start":{"line":102,"column":37},"end":{"line":102,"column":38}},"loc":{"start":{"line":102,"column":47},"end":{"line":104,"column":5}},"line":102},"7":{"name":"(anonymous_7)","decl":{"start":{"line":111,"column":2},"end":{"line":111,"column":3}},"loc":{"start":{"line":112,"column":4},"end":{"line":114,"column":6}},"line":112},"8":{"name":"(anonymous_8)","decl":{"start":{"line":112,"column":37},"end":{"line":112,"column":38}},"loc":{"start":{"line":112,"column":47},"end":{"line":114,"column":5}},"line":112}},"branchMap":{},"s":{"0":7,"1":7,"2":7,"3":7,"4":7,"5":1,"6":1,"7":1,"8":1,"9":1,"10":0,"11":0,"12":7,"13":1,"14":1,"15":1,"16":1,"17":1,"18":0,"19":0,"20":7,"21":1,"22":1,"23":1,"24":1,"25":1,"26":0,"27":0,"28":7,"29":1,"30":1,"31":7,"32":1,"33":1,"34":7,"35":1,"36":1,"37":7},"f":{"0":1,"1":1,"2":1,"3":1,"4":1,"5":1,"6":1,"7":1,"8":1},"b":{},"_coverageSchema":"1a1c01bbd47fc00a2c39e90264f33305004495a9","hash":"df430fa4afb06d492de113e2eda4617014eb7895"}
,"/Users/sudhanvapaturkar/Documents/GitHub/WebDev/assignments/web-dev-final-project-aditya-sudhanva/server/controller/questionController.js": {"path":"/Users/sudhanvapaturkar/Documents/GitHub/WebDev/assignments/web-dev-final-project-aditya-sudhanva/server/controller/questionController.js","statementMap":{"0":{"start":{"line":1,"column":16},"end":{"line":1,"column":34}},"1":{"start":{"line":3,"column":13},"end":{"line":3,"column":44}},"2":{"start":{"line":4,"column":23},"end":{"line":4,"column":51}},"3":{"start":{"line":5,"column":27},"end":{"line":5,"column":59}},"4":{"start":{"line":11,"column":4},"end":{"line":11,"column":33}},"5":{"start":{"line":19,"column":4},"end":{"line":19,"column":35}},"6":{"start":{"line":33,"column":4},"end":{"line":33,"column":37}},"7":{"start":{"line":35,"column":17},"end":{"line":35,"column":41}},"8":{"start":{"line":36,"column":22},"end":{"line":36,"column":56}},"9":{"start":{"line":38,"column":15},"end":{"line":38,"column":31}},"10":{"start":{"line":47,"column":29},"end":{"line":77,"column":1}},"11":{"start":{"line":48,"column":2},"end":{"line":76,"column":3}},"12":{"start":{"line":49,"column":4},"end":{"line":49,"column":31}},"13":{"start":{"line":50,"column":4},"end":{"line":50,"column":36}},"14":{"start":{"line":51,"column":18},"end":{"line":51,"column":45}},"15":{"start":{"line":52,"column":19},"end":{"line":52,"column":41}},"16":{"start":{"line":53,"column":24},"end":{"line":55,"column":9}},"17":{"start":{"line":57,"column":20},"end":{"line":57,"column":58}},"18":{"start":{"line":58,"column":4},"end":{"line":58,"column":65}},"19":{"start":{"line":60,"column":25},"end":{"line":60,"column":27}},"20":{"start":{"line":61,"column":23},"end":{"line":61,"column":55}},"21":{"start":{"line":62,"column":21},"end":{"line":62,"column":46}},"22":{"start":{"line":63,"column":28},"end":{"line":63,"column":65}},"23":{"start":{"line":65,"column":27},"end":{"line":65,"column":43}},"24":{"start":{"line":66,"column":23},"end":{"line":66,"column":63}},"25":{"start":{"line":67,"column":4},"end":{"line":70,"column":7}},"26":{"start":{"line":71,"column":4},"end":{"line":71,"column":20}},"27":{"start":{"line":72,"column":4},"end":{"line":72,"column":57}},"28":{"start":{"line":74,"column":4},"end":{"line":74,"column":25}},"29":{"start":{"line":75,"column":4},"end":{"line":75,"column":59}},"30":{"start":{"line":86,"column":35},"end":{"line":119,"column":1}},"31":{"start":{"line":87,"column":2},"end":{"line":118,"column":3}},"32":{"start":{"line":88,"column":4},"end":{"line":88,"column":31}},"33":{"start":{"line":89,"column":4},"end":{"line":89,"column":36}},"34":{"start":{"line":90,"column":18},"end":{"line":90,"column":45}},"35":{"start":{"line":91,"column":19},"end":{"line":91,"column":41}},"36":{"start":{"line":92,"column":24},"end":{"line":94,"column":9}},"37":{"start":{"line":96,"column":22},"end":{"line":96,"column":69}},"38":{"start":{"line":97,"column":20},"end":{"line":97,"column":76}},"39":{"start":{"line":98,"column":4},"end":{"line":98,"column":65}},"40":{"start":{"line":100,"column":25},"end":{"line":100,"column":27}},"41":{"start":{"line":101,"column":23},"end":{"line":101,"column":55}},"42":{"start":{"line":102,"column":21},"end":{"line":102,"column":46}},"43":{"start":{"line":104,"column":28},"end":{"line":104,"column":65}},"44":{"start":{"line":106,"column":27},"end":{"line":106,"column":43}},"45":{"start":{"line":107,"column":23},"end":{"line":107,"column":63}},"46":{"start":{"line":109,"column":4},"end":{"line":112,"column":7}},"47":{"start":{"line":113,"column":4},"end":{"line":113,"column":20}},"48":{"start":{"line":114,"column":4},"end":{"line":114,"column":57}},"49":{"start":{"line":116,"column":4},"end":{"line":116,"column":25}},"50":{"start":{"line":117,"column":4},"end":{"line":117,"column":59}},"51":{"start":{"line":128,"column":30},"end":{"line":145,"column":1}},"52":{"start":{"line":129,"column":2},"end":{"line":144,"column":3}},"53":{"start":{"line":130,"column":4},"end":{"line":130,"column":36}},"54":{"start":{"line":131,"column":18},"end":{"line":131,"column":45}},"55":{"start":{"line":132,"column":19},"end":{"line":132,"column":41}},"56":{"start":{"line":133,"column":20},"end":{"line":133,"column":75}},"57":{"start":{"line":134,"column":4},"end":{"line":134,"column":65}},"58":{"start":{"line":136,"column":27},"end":{"line":136,"column":43}},"59":{"start":{"line":137,"column":23},"end":{"line":137,"column":53}},"60":{"start":{"line":138,"column":4},"end":{"line":138,"column":79}},"61":{"start":{"line":139,"column":4},"end":{"line":139,"column":20}},"62":{"start":{"line":140,"column":4},"end":{"line":140,"column":51}},"63":{"start":{"line":142,"column":4},"end":{"line":142,"column":25}},"64":{"start":{"line":143,"column":4},"end":{"line":143,"column":59}},"65":{"start":{"line":154,"column":31},"end":{"line":174,"column":1}},"66":{"start":{"line":155,"column":2},"end":{"line":173,"column":3}},"67":{"start":{"line":156,"column":4},"end":{"line":156,"column":31}},"68":{"start":{"line":157,"column":4},"end":{"line":157,"column":36}},"69":{"start":{"line":158,"column":18},"end":{"line":158,"column":45}},"70":{"start":{"line":159,"column":19},"end":{"line":159,"column":41}},"71":{"start":{"line":160,"column":20},"end":{"line":163,"column":5}},"72":{"start":{"line":164,"column":4},"end":{"line":164,"column":65}},"73":{"start":{"line":165,"column":27},"end":{"line":165,"column":43}},"74":{"start":{"line":166,"column":23},"end":{"line":166,"column":53}},"75":{"start":{"line":167,"column":4},"end":{"line":167,"column":80}},"76":{"start":{"line":168,"column":4},"end":{"line":168,"column":20}},"77":{"start":{"line":169,"column":4},"end":{"line":169,"column":51}},"78":{"start":{"line":171,"column":4},"end":{"line":171,"column":25}},"79":{"start":{"line":172,"column":4},"end":{"line":172,"column":59}},"80":{"start":{"line":183,"column":20},"end":{"line":192,"column":1}},"81":{"start":{"line":184,"column":2},"end":{"line":191,"column":3}},"82":{"start":{"line":185,"column":19},"end":{"line":185,"column":57}},"83":{"start":{"line":186,"column":4},"end":{"line":186,"column":20}},"84":{"start":{"line":187,"column":4},"end":{"line":187,"column":23}},"85":{"start":{"line":189,"column":4},"end":{"line":189,"column":25}},"86":{"start":{"line":190,"column":4},"end":{"line":190,"column":59}},"87":{"start":{"line":201,"column":31},"end":{"line":210,"column":1}},"88":{"start":{"line":202,"column":2},"end":{"line":209,"column":3}},"89":{"start":{"line":203,"column":32},"end":{"line":203,"column":68}},"90":{"start":{"line":204,"column":4},"end":{"line":204,"column":63}},"91":{"start":{"line":205,"column":4},"end":{"line":205,"column":46}},"92":{"start":{"line":207,"column":4},"end":{"line":207,"column":25}},"93":{"start":{"line":208,"column":4},"end":{"line":208,"column":59}},"94":{"start":{"line":219,"column":24},"end":{"line":229,"column":1}},"95":{"start":{"line":220,"column":2},"end":{"line":228,"column":3}},"96":{"start":{"line":221,"column":19},"end":{"line":221,"column":67}},"97":{"start":{"line":222,"column":4},"end":{"line":222,"column":17}},"98":{"start":{"line":223,"column":4},"end":{"line":223,"column":20}},"99":{"start":{"line":224,"column":4},"end":{"line":224,"column":23}},"100":{"start":{"line":226,"column":4},"end":{"line":226,"column":25}},"101":{"start":{"line":227,"column":4},"end":{"line":227,"column":59}},"102":{"start":{"line":238,"column":20},"end":{"line":258,"column":1}},"103":{"start":{"line":239,"column":2},"end":{"line":257,"column":3}},"104":{"start":{"line":240,"column":4},"end":{"line":242,"column":5}},"105":{"start":{"line":241,"column":6},"end":{"line":241,"column":68}},"106":{"start":{"line":243,"column":15},"end":{"line":250,"column":5}},"107":{"start":{"line":245,"column":8},"end":{"line":247,"column":9}},"108":{"start":{"line":246,"column":10},"end":{"line":246,"column":50}},"109":{"start":{"line":248,"column":8},"end":{"line":248,"column":52}},"110":{"start":{"line":251,"column":19},"end":{"line":251,"column":56}},"111":{"start":{"line":252,"column":4},"end":{"line":252,"column":17}},"112":{"start":{"line":253,"column":4},"end":{"line":253,"column":23}},"113":{"start":{"line":255,"column":4},"end":{"line":255,"column":25}},"114":{"start":{"line":256,"column":4},"end":{"line":256,"column":59}},"115":{"start":{"line":267,"column":29},"end":{"line":278,"column":1}},"116":{"start":{"line":268,"column":2},"end":{"line":277,"column":3}},"117":{"start":{"line":269,"column":14},"end":{"line":269,"column":26}},"118":{"start":{"line":270,"column":19},"end":{"line":270,"column":36}},"119":{"start":{"line":271,"column":30},"end":{"line":271,"column":75}},"120":{"start":{"line":272,"column":4},"end":{"line":272,"column":17}},"121":{"start":{"line":273,"column":4},"end":{"line":273,"column":46}},"122":{"start":{"line":275,"column":4},"end":{"line":275,"column":25}},"123":{"start":{"line":276,"column":4},"end":{"line":276,"column":59}},"124":{"start":{"line":290,"column":19},"end":{"line":305,"column":1}},"125":{"start":{"line":291,"column":2},"end":{"line":304,"column":3}},"126":{"start":{"line":292,"column":18},"end":{"line":296,"column":5}},"127":{"start":{"line":297,"column":4},"end":{"line":297,"column":17}},"128":{"start":{"line":298,"column":4},"end":{"line":298,"column":20}},"129":{"start":{"line":299,"column":4},"end":{"line":299,"column":22}},"130":{"start":{"line":300,"column":4},"end":{"line":300,"column":19}},"131":{"start":{"line":302,"column":4},"end":{"line":302,"column":25}},"132":{"start":{"line":303,"column":4},"end":{"line":303,"column":59}},"133":{"start":{"line":314,"column":24},"end":{"line":328,"column":1}},"134":{"start":{"line":315,"column":2},"end":{"line":327,"column":3}},"135":{"start":{"line":316,"column":19},"end":{"line":320,"column":5}},"136":{"start":{"line":321,"column":4},"end":{"line":321,"column":17}},"137":{"start":{"line":322,"column":4},"end":{"line":322,"column":35}},"138":{"start":{"line":323,"column":4},"end":{"line":323,"column":20}},"139":{"start":{"line":325,"column":4},"end":{"line":325,"column":25}},"140":{"start":{"line":326,"column":4},"end":{"line":326,"column":59}},"141":{"start":{"line":337,"column":27},"end":{"line":352,"column":1}},"142":{"start":{"line":338,"column":2},"end":{"line":351,"column":3}},"143":{"start":{"line":339,"column":19},"end":{"line":343,"column":5}},"144":{"start":{"line":344,"column":4},"end":{"line":344,"column":17}},"145":{"start":{"line":345,"column":4},"end":{"line":345,"column":20}},"146":{"start":{"line":346,"column":4},"end":{"line":346,"column":23}},"147":{"start":{"line":347,"column":4},"end":{"line":347,"column":20}},"148":{"start":{"line":349,"column":4},"end":{"line":349,"column":25}},"149":{"start":{"line":350,"column":4},"end":{"line":350,"column":59}},"150":{"start":{"line":361,"column":27},"end":{"line":376,"column":1}},"151":{"start":{"line":362,"column":2},"end":{"line":375,"column":3}},"152":{"start":{"line":363,"column":19},"end":{"line":367,"column":5}},"153":{"start":{"line":368,"column":4},"end":{"line":368,"column":17}},"154":{"start":{"line":369,"column":4},"end":{"line":369,"column":20}},"155":{"start":{"line":370,"column":4},"end":{"line":370,"column":23}},"156":{"start":{"line":371,"column":4},"end":{"line":371,"column":20}},"157":{"start":{"line":373,"column":4},"end":{"line":373,"column":25}},"158":{"start":{"line":374,"column":4},"end":{"line":374,"column":59}},"159":{"start":{"line":385,"column":21},"end":{"line":397,"column":1}},"160":{"start":{"line":386,"column":2},"end":{"line":396,"column":3}},"161":{"start":{"line":387,"column":14},"end":{"line":387,"column":26}},"162":{"start":{"line":388,"column":14},"end":{"line":388,"column":26}},"163":{"start":{"line":389,"column":15},"end":{"line":389,"column":67}},"164":{"start":{"line":390,"column":4},"end":{"line":390,"column":17}},"165":{"start":{"line":391,"column":4},"end":{"line":391,"column":20}},"166":{"start":{"line":392,"column":4},"end":{"line":392,"column":19}},"167":{"start":{"line":394,"column":4},"end":{"line":394,"column":25}},"168":{"start":{"line":395,"column":4},"end":{"line":395,"column":59}},"169":{"start":{"line":406,"column":28},"end":{"line":417,"column":1}},"170":{"start":{"line":407,"column":2},"end":{"line":416,"column":3}},"171":{"start":{"line":408,"column":14},"end":{"line":408,"column":26}},"172":{"start":{"line":409,"column":14},"end":{"line":409,"column":26}},"173":{"start":{"line":410,"column":15},"end":{"line":410,"column":69}},"174":{"start":{"line":411,"column":4},"end":{"line":411,"column":17}},"175":{"start":{"line":412,"column":4},"end":{"line":412,"column":31}},"176":{"start":{"line":414,"column":4},"end":{"line":414,"column":25}},"177":{"start":{"line":415,"column":4},"end":{"line":415,"column":59}},"178":{"start":{"line":427,"column":30},"end":{"line":437,"column":1}},"179":{"start":{"line":428,"column":22},"end":{"line":428,"column":53}},"180":{"start":{"line":429,"column":2},"end":{"line":431,"column":3}},"181":{"start":{"line":430,"column":4},"end":{"line":430,"column":62}},"182":{"start":{"line":433,"column":16},"end":{"line":433,"column":31}},"183":{"start":{"line":434,"column":2},"end":{"line":436,"column":3}},"184":{"start":{"line":435,"column":4},"end":{"line":435,"column":47}},"185":{"start":{"line":444,"column":22},"end":{"line":447,"column":1}},"186":{"start":{"line":445,"column":2},"end":{"line":445,"column":24}},"187":{"start":{"line":446,"column":2},"end":{"line":446,"column":14}},"188":{"start":{"line":451,"column":0},"end":{"line":461,"column":2}},"189":{"start":{"line":457,"column":4},"end":{"line":459,"column":7}},"190":{"start":{"line":458,"column":6},"end":{"line":458,"column":18}},"191":{"start":{"line":463,"column":0},"end":{"line":471,"column":2}},"192":{"start":{"line":468,"column":4},"end":{"line":470,"column":6}},"193":{"start":{"line":469,"column":6},"end":{"line":469,"column":18}},"194":{"start":{"line":473,"column":0},"end":{"line":482,"column":2}},"195":{"start":{"line":479,"column":4},"end":{"line":481,"column":6}},"196":{"start":{"line":480,"column":6},"end":{"line":480,"column":18}},"197":{"start":{"line":484,"column":0},"end":{"line":493,"column":2}},"198":{"start":{"line":490,"column":4},"end":{"line":492,"column":6}},"199":{"start":{"line":491,"column":6},"end":{"line":491,"column":18}},"200":{"start":{"line":495,"column":0},"end":{"line":504,"column":2}},"201":{"start":{"line":501,"column":4},"end":{"line":503,"column":6}},"202":{"start":{"line":502,"column":6},"end":{"line":502,"column":18}},"203":{"start":{"line":506,"column":0},"end":{"line":515,"column":2}},"204":{"start":{"line":512,"column":4},"end":{"line":514,"column":6}},"205":{"start":{"line":513,"column":6},"end":{"line":513,"column":18}},"206":{"start":{"line":517,"column":0},"end":{"line":526,"column":2}},"207":{"start":{"line":522,"column":4},"end":{"line":524,"column":7}},"208":{"start":{"line":523,"column":6},"end":{"line":523,"column":18}},"209":{"start":{"line":530,"column":0},"end":{"line":534,"column":2}},"210":{"start":{"line":531,"column":2},"end":{"line":533,"column":4}},"211":{"start":{"line":532,"column":4},"end":{"line":532,"column":16}},"212":{"start":{"line":536,"column":0},"end":{"line":545,"column":2}},"213":{"start":{"line":542,"column":4},"end":{"line":544,"column":6}},"214":{"start":{"line":543,"column":6},"end":{"line":543,"column":18}},"215":{"start":{"line":547,"column":0},"end":{"line":555,"column":2}},"216":{"start":{"line":552,"column":4},"end":{"line":554,"column":6}},"217":{"start":{"line":553,"column":6},"end":{"line":553,"column":18}},"218":{"start":{"line":557,"column":0},"end":{"line":565,"column":2}},"219":{"start":{"line":562,"column":4},"end":{"line":564,"column":6}},"220":{"start":{"line":563,"column":6},"end":{"line":563,"column":18}},"221":{"start":{"line":567,"column":0},"end":{"line":575,"column":2}},"222":{"start":{"line":572,"column":4},"end":{"line":574,"column":6}},"223":{"start":{"line":573,"column":6},"end":{"line":573,"column":18}},"224":{"start":{"line":577,"column":0},"end":{"line":581,"column":2}},"225":{"start":{"line":578,"column":2},"end":{"line":580,"column":4}},"226":{"start":{"line":579,"column":4},"end":{"line":579,"column":16}},"227":{"start":{"line":583,"column":0},"end":{"line":587,"column":2}},"228":{"start":{"line":584,"column":2},"end":{"line":586,"column":4}},"229":{"start":{"line":585,"column":4},"end":{"line":585,"column":16}},"230":{"start":{"line":589,"column":0},"end":{"line":597,"column":2}},"231":{"start":{"line":594,"column":4},"end":{"line":596,"column":6}},"232":{"start":{"line":595,"column":6},"end":{"line":595,"column":18}},"233":{"start":{"line":599,"column":0},"end":{"line":599,"column":24}}},"fnMap":{"0":{"name":"(anonymous_0)","decl":{"start":{"line":47,"column":29},"end":{"line":47,"column":30}},"loc":{"start":{"line":47,"column":49},"end":{"line":77,"column":1}},"line":47},"1":{"name":"(anonymous_1)","decl":{"start":{"line":86,"column":35},"end":{"line":86,"column":36}},"loc":{"start":{"line":86,"column":55},"end":{"line":119,"column":1}},"line":86},"2":{"name":"(anonymous_2)","decl":{"start":{"line":128,"column":30},"end":{"line":128,"column":31}},"loc":{"start":{"line":128,"column":50},"end":{"line":145,"column":1}},"line":128},"3":{"name":"(anonymous_3)","decl":{"start":{"line":154,"column":31},"end":{"line":154,"column":32}},"loc":{"start":{"line":154,"column":51},"end":{"line":174,"column":1}},"line":154},"4":{"name":"(anonymous_4)","decl":{"start":{"line":183,"column":20},"end":{"line":183,"column":21}},"loc":{"start":{"line":183,"column":40},"end":{"line":192,"column":1}},"line":183},"5":{"name":"(anonymous_5)","decl":{"start":{"line":201,"column":31},"end":{"line":201,"column":32}},"loc":{"start":{"line":201,"column":51},"end":{"line":210,"column":1}},"line":201},"6":{"name":"(anonymous_6)","decl":{"start":{"line":219,"column":24},"end":{"line":219,"column":25}},"loc":{"start":{"line":219,"column":44},"end":{"line":229,"column":1}},"line":219},"7":{"name":"(anonymous_7)","decl":{"start":{"line":238,"column":20},"end":{"line":238,"column":21}},"loc":{"start":{"line":238,"column":40},"end":{"line":258,"column":1}},"line":238},"8":{"name":"(anonymous_8)","decl":{"start":{"line":244,"column":24},"end":{"line":244,"column":25}},"loc":{"start":{"line":244,"column":39},"end":{"line":249,"column":7}},"line":244},"9":{"name":"(anonymous_9)","decl":{"start":{"line":267,"column":29},"end":{"line":267,"column":30}},"loc":{"start":{"line":267,"column":49},"end":{"line":278,"column":1}},"line":267},"10":{"name":"(anonymous_10)","decl":{"start":{"line":290,"column":19},"end":{"line":290,"column":20}},"loc":{"start":{"line":290,"column":39},"end":{"line":305,"column":1}},"line":290},"11":{"name":"(anonymous_11)","decl":{"start":{"line":314,"column":24},"end":{"line":314,"column":25}},"loc":{"start":{"line":314,"column":44},"end":{"line":328,"column":1}},"line":314},"12":{"name":"(anonymous_12)","decl":{"start":{"line":337,"column":27},"end":{"line":337,"column":28}},"loc":{"start":{"line":337,"column":47},"end":{"line":352,"column":1}},"line":337},"13":{"name":"(anonymous_13)","decl":{"start":{"line":361,"column":27},"end":{"line":361,"column":28}},"loc":{"start":{"line":361,"column":47},"end":{"line":376,"column":1}},"line":361},"14":{"name":"(anonymous_14)","decl":{"start":{"line":385,"column":21},"end":{"line":385,"column":22}},"loc":{"start":{"line":385,"column":41},"end":{"line":397,"column":1}},"line":385},"15":{"name":"(anonymous_15)","decl":{"start":{"line":406,"column":28},"end":{"line":406,"column":29}},"loc":{"start":{"line":406,"column":48},"end":{"line":417,"column":1}},"line":406},"16":{"name":"(anonymous_16)","decl":{"start":{"line":427,"column":30},"end":{"line":427,"column":31}},"loc":{"start":{"line":427,"column":39},"end":{"line":437,"column":1}},"line":427},"17":{"name":"(anonymous_17)","decl":{"start":{"line":444,"column":22},"end":{"line":444,"column":23}},"loc":{"start":{"line":444,"column":32},"end":{"line":447,"column":1}},"line":444},"18":{"name":"(anonymous_18)","decl":{"start":{"line":456,"column":2},"end":{"line":456,"column":3}},"loc":{"start":{"line":456,"column":16},"end":{"line":460,"column":3}},"line":456},"19":{"name":"(anonymous_19)","decl":{"start":{"line":457,"column":40},"end":{"line":457,"column":41}},"loc":{"start":{"line":457,"column":50},"end":{"line":459,"column":5}},"line":457},"20":{"name":"(anonymous_20)","decl":{"start":{"line":467,"column":2},"end":{"line":467,"column":3}},"loc":{"start":{"line":468,"column":4},"end":{"line":470,"column":6}},"line":468},"21":{"name":"(anonymous_21)","decl":{"start":{"line":468,"column":35},"end":{"line":468,"column":36}},"loc":{"start":{"line":468,"column":45},"end":{"line":470,"column":5}},"line":468},"22":{"name":"(anonymous_22)","decl":{"start":{"line":478,"column":2},"end":{"line":478,"column":3}},"loc":{"start":{"line":479,"column":4},"end":{"line":481,"column":6}},"line":479},"23":{"name":"(anonymous_23)","decl":{"start":{"line":479,"column":46},"end":{"line":479,"column":47}},"loc":{"start":{"line":479,"column":56},"end":{"line":481,"column":5}},"line":479},"24":{"name":"(anonymous_24)","decl":{"start":{"line":489,"column":2},"end":{"line":489,"column":3}},"loc":{"start":{"line":490,"column":4},"end":{"line":492,"column":6}},"line":490},"25":{"name":"(anonymous_25)","decl":{"start":{"line":490,"column":42},"end":{"line":490,"column":43}},"loc":{"start":{"line":490,"column":52},"end":{"line":492,"column":5}},"line":490},"26":{"name":"(anonymous_26)","decl":{"start":{"line":500,"column":2},"end":{"line":500,"column":3}},"loc":{"start":{"line":501,"column":4},"end":{"line":503,"column":6}},"line":501},"27":{"name":"(anonymous_27)","decl":{"start":{"line":501,"column":41},"end":{"line":501,"column":42}},"loc":{"start":{"line":501,"column":51},"end":{"line":503,"column":5}},"line":501},"28":{"name":"(anonymous_28)","decl":{"start":{"line":511,"column":2},"end":{"line":511,"column":3}},"loc":{"start":{"line":512,"column":4},"end":{"line":514,"column":6}},"line":512},"29":{"name":"(anonymous_29)","decl":{"start":{"line":512,"column":42},"end":{"line":512,"column":43}},"loc":{"start":{"line":512,"column":52},"end":{"line":514,"column":5}},"line":512},"30":{"name":"(anonymous_30)","decl":{"start":{"line":521,"column":2},"end":{"line":521,"column":3}},"loc":{"start":{"line":521,"column":16},"end":{"line":525,"column":3}},"line":521},"31":{"name":"(anonymous_31)","decl":{"start":{"line":522,"column":31},"end":{"line":522,"column":32}},"loc":{"start":{"line":522,"column":41},"end":{"line":524,"column":5}},"line":522},"32":{"name":"(anonymous_32)","decl":{"start":{"line":530,"column":65},"end":{"line":530,"column":66}},"loc":{"start":{"line":531,"column":2},"end":{"line":533,"column":4}},"line":531},"33":{"name":"(anonymous_33)","decl":{"start":{"line":531,"column":29},"end":{"line":531,"column":30}},"loc":{"start":{"line":531,"column":39},"end":{"line":533,"column":3}},"line":531},"34":{"name":"(anonymous_34)","decl":{"start":{"line":541,"column":2},"end":{"line":541,"column":3}},"loc":{"start":{"line":542,"column":4},"end":{"line":544,"column":6}},"line":542},"35":{"name":"(anonymous_35)","decl":{"start":{"line":542,"column":40},"end":{"line":542,"column":41}},"loc":{"start":{"line":542,"column":50},"end":{"line":544,"column":5}},"line":542},"36":{"name":"(anonymous_36)","decl":{"start":{"line":551,"column":2},"end":{"line":551,"column":3}},"loc":{"start":{"line":552,"column":4},"end":{"line":554,"column":6}},"line":552},"37":{"name":"(anonymous_37)","decl":{"start":{"line":552,"column":35},"end":{"line":552,"column":36}},"loc":{"start":{"line":552,"column":45},"end":{"line":554,"column":5}},"line":552},"38":{"name":"(anonymous_38)","decl":{"start":{"line":561,"column":2},"end":{"line":561,"column":3}},"loc":{"start":{"line":562,"column":4},"end":{"line":564,"column":6}},"line":562},"39":{"name":"(anonymous_39)","decl":{"start":{"line":562,"column":38},"end":{"line":562,"column":39}},"loc":{"start":{"line":562,"column":48},"end":{"line":564,"column":5}},"line":562},"40":{"name":"(anonymous_40)","decl":{"start":{"line":571,"column":2},"end":{"line":571,"column":3}},"loc":{"start":{"line":572,"column":4},"end":{"line":574,"column":6}},"line":572},"41":{"name":"(anonymous_41)","decl":{"start":{"line":572,"column":38},"end":{"line":572,"column":39}},"loc":{"start":{"line":572,"column":48},"end":{"line":574,"column":5}},"line":572},"42":{"name":"(anonymous_42)","decl":{"start":{"line":577,"column":64},"end":{"line":577,"column":65}},"loc":{"start":{"line":578,"column":2},"end":{"line":580,"column":4}},"line":578},"43":{"name":"(anonymous_43)","decl":{"start":{"line":578,"column":28},"end":{"line":578,"column":29}},"loc":{"start":{"line":578,"column":38},"end":{"line":580,"column":3}},"line":578},"44":{"name":"(anonymous_44)","decl":{"start":{"line":583,"column":66},"end":{"line":583,"column":67}},"loc":{"start":{"line":584,"column":2},"end":{"line":586,"column":4}},"line":584},"45":{"name":"(anonymous_45)","decl":{"start":{"line":584,"column":30},"end":{"line":584,"column":31}},"loc":{"start":{"line":584,"column":40},"end":{"line":586,"column":3}},"line":584},"46":{"name":"(anonymous_46)","decl":{"start":{"line":593,"column":2},"end":{"line":593,"column":3}},"loc":{"start":{"line":594,"column":4},"end":{"line":596,"column":6}},"line":594},"47":{"name":"(anonymous_47)","decl":{"start":{"line":594,"column":39},"end":{"line":594,"column":40}},"loc":{"start":{"line":594,"column":49},"end":{"line":596,"column":5}},"line":594}},"branchMap":{"0":{"loc":{"start":{"line":51,"column":18},"end":{"line":51,"column":45}},"type":"binary-expr","locations":[{"start":{"line":51,"column":18},"end":{"line":51,"column":33}},{"start":{"line":51,"column":37},"end":{"line":51,"column":45}}],"line":51},"1":{"loc":{"start":{"line":52,"column":19},"end":{"line":52,"column":41}},"type":"binary-expr","locations":[{"start":{"line":52,"column":19},"end":{"line":52,"column":35}},{"start":{"line":52,"column":39},"end":{"line":52,"column":41}}],"line":52},"2":{"loc":{"start":{"line":53,"column":24},"end":{"line":55,"column":9}},"type":"cond-expr","locations":[{"start":{"line":54,"column":8},"end":{"line":54,"column":39}},{"start":{"line":55,"column":8},"end":{"line":55,"column":9}}],"line":53},"3":{"loc":{"start":{"line":90,"column":18},"end":{"line":90,"column":45}},"type":"binary-expr","locations":[{"start":{"line":90,"column":18},"end":{"line":90,"column":33}},{"start":{"line":90,"column":37},"end":{"line":90,"column":45}}],"line":90},"4":{"loc":{"start":{"line":91,"column":19},"end":{"line":91,"column":41}},"type":"binary-expr","locations":[{"start":{"line":91,"column":19},"end":{"line":91,"column":35}},{"start":{"line":91,"column":39},"end":{"line":91,"column":41}}],"line":91},"5":{"loc":{"start":{"line":92,"column":24},"end":{"line":94,"column":9}},"type":"cond-expr","locations":[{"start":{"line":93,"column":8},"end":{"line":93,"column":39}},{"start":{"line":94,"column":8},"end":{"line":94,"column":9}}],"line":92},"6":{"loc":{"start":{"line":131,"column":18},"end":{"line":131,"column":45}},"type":"binary-expr","locations":[{"start":{"line":131,"column":18},"end":{"line":131,"column":33}},{"start":{"line":131,"column":37},"end":{"line":131,"column":45}}],"line":131},"7":{"loc":{"start":{"line":132,"column":19},"end":{"line":132,"column":41}},"type":"binary-expr","locations":[{"start":{"line":132,"column":19},"end":{"line":132,"column":35}},{"start":{"line":132,"column":39},"end":{"line":132,"column":41}}],"line":132},"8":{"loc":{"start":{"line":158,"column":18},"end":{"line":158,"column":45}},"type":"binary-expr","locations":[{"start":{"line":158,"column":18},"end":{"line":158,"column":33}},{"start":{"line":158,"column":37},"end":{"line":158,"column":45}}],"line":158},"9":{"loc":{"start":{"line":159,"column":19},"end":{"line":159,"column":41}},"type":"binary-expr","locations":[{"start":{"line":159,"column":19},"end":{"line":159,"column":35}},{"start":{"line":159,"column":39},"end":{"line":159,"column":41}}],"line":159},"10":{"loc":{"start":{"line":240,"column":4},"end":{"line":242,"column":5}},"type":"if","locations":[{"start":{"line":240,"column":4},"end":{"line":242,"column":5}},{"start":{},"end":{}}],"line":240},"11":{"loc":{"start":{"line":245,"column":8},"end":{"line":247,"column":9}},"type":"if","locations":[{"start":{"line":245,"column":8},"end":{"line":247,"column":9}},{"start":{},"end":{}}],"line":245},"12":{"loc":{"start":{"line":429,"column":2},"end":{"line":431,"column":3}},"type":"if","locations":[{"start":{"line":429,"column":2},"end":{"line":431,"column":3}},{"start":{},"end":{}}],"line":429},"13":{"loc":{"start":{"line":429,"column":6},"end":{"line":429,"column":43}},"type":"binary-expr","locations":[{"start":{"line":429,"column":6},"end":{"line":429,"column":24}},{"start":{"line":429,"column":28},"end":{"line":429,"column":43}}],"line":429},"14":{"loc":{"start":{"line":434,"column":2},"end":{"line":436,"column":3}},"type":"if","locations":[{"start":{"line":434,"column":2},"end":{"line":436,"column":3}},{"start":{},"end":{}}],"line":434},"15":{"loc":{"start":{"line":434,"column":6},"end":{"line":434,"column":45}},"type":"binary-expr","locations":[{"start":{"line":434,"column":6},"end":{"line":434,"column":11}},{"start":{"line":434,"column":15},"end":{"line":434,"column":45}}],"line":434}},"s":{"0":7,"1":7,"2":7,"3":7,"4":7,"5":7,"6":7,"7":7,"8":7,"9":7,"10":7,"11":1,"12":1,"13":1,"14":1,"15":1,"16":1,"17":1,"18":1,"19":1,"20":1,"21":1,"22":1,"23":1,"24":1,"25":1,"26":1,"27":1,"28":0,"29":0,"30":7,"31":1,"32":1,"33":1,"34":1,"35":1,"36":1,"37":1,"38":1,"39":1,"40":1,"41":1,"42":1,"43":1,"44":1,"45":1,"46":1,"47":1,"48":1,"49":0,"50":0,"51":7,"52":1,"53":1,"54":1,"55":1,"56":1,"57":1,"58":1,"59":1,"60":1,"61":1,"62":1,"63":0,"64":0,"65":7,"66":1,"67":1,"68":1,"69":1,"70":1,"71":1,"72":1,"73":1,"74":1,"75":1,"76":1,"77":1,"78":0,"79":0,"80":7,"81":1,"82":1,"83":1,"84":1,"85":0,"86":0,"87":7,"88":1,"89":1,"90":1,"91":1,"92":0,"93":0,"94":7,"95":1,"96":1,"97":1,"98":1,"99":1,"100":0,"101":0,"102":7,"103":1,"104":1,"105":0,"106":1,"107":2,"108":0,"109":2,"110":1,"111":1,"112":1,"113":0,"114":0,"115":7,"116":1,"117":1,"118":1,"119":1,"120":1,"121":1,"122":0,"123":0,"124":7,"125":1,"126":1,"127":1,"128":1,"129":1,"130":1,"131":0,"132":0,"133":7,"134":1,"135":1,"136":1,"137":1,"138":1,"139":0,"140":0,"141":7,"142":1,"143":1,"144":1,"145":1,"146":1,"147":1,"148":0,"149":0,"150":7,"151":1,"152":1,"153":1,"154":1,"155":1,"156":1,"157":0,"158":0,"159":7,"160":1,"161":1,"162":1,"163":1,"164":1,"165":1,"166":1,"167":0,"168":0,"169":7,"170":1,"171":1,"172":1,"173":1,"174":1,"175":1,"176":0,"177":0,"178":7,"179":3,"180":3,"181":0,"182":3,"183":3,"184":0,"185":7,"186":6,"187":6,"188":7,"189":1,"190":1,"191":7,"192":1,"193":1,"194":7,"195":1,"196":1,"197":7,"198":1,"199":1,"200":7,"201":1,"202":1,"203":7,"204":1,"205":1,"206":7,"207":1,"208":1,"209":7,"210":1,"211":1,"212":7,"213":1,"214":1,"215":7,"216":1,"217":1,"218":7,"219":1,"220":1,"221":7,"222":1,"223":1,"224":7,"225":1,"226":1,"227":7,"228":1,"229":1,"230":7,"231":1,"232":1,"233":7},"f":{"0":1,"1":1,"2":1,"3":1,"4":1,"5":1,"6":1,"7":1,"8":2,"9":1,"10":1,"11":1,"12":1,"13":1,"14":1,"15":1,"16":3,"17":6,"18":1,"19":1,"20":1,"21":1,"22":1,"23":1,"24":1,"25":1,"26":1,"27":1,"28":1,"29":1,"30":1,"31":1,"32":1,"33":1,"34":1,"35":1,"36":1,"37":1,"38":1,"39":1,"40":1,"41":1,"42":1,"43":1,"44":1,"45":1,"46":1,"47":1},"b":{"0":[1,0],"1":[1,0],"2":[1,0],"3":[1,0],"4":[1,0],"5":[1,0],"6":[1,0],"7":[1,0],"8":[1,0],"9":[1,0],"10":[0,1],"11":[0,2],"12":[0,3],"13":[3,3],"14":[0,3],"15":[3,3]},"_coverageSchema":"1a1c01bbd47fc00a2c39e90264f33305004495a9","hash":"7d808d295f1392246bca404fc990f5f9fb358df1"}
,"/Users/sudhanvapaturkar/Documents/GitHub/WebDev/assignments/web-dev-final-project-aditya-sudhanva/server/controller/tagController.js": {"path":"/Users/sudhanvapaturkar/Documents/GitHub/WebDev/assignments/web-dev-final-project-aditya-sudhanva/server/controller/tagController.js","statementMap":{"0":{"start":{"line":1,"column":16},"end":{"line":1,"column":34}},"1":{"start":{"line":3,"column":44},"end":{"line":3,"column":72}},"2":{"start":{"line":9,"column":4},"end":{"line":9,"column":35}},"3":{"start":{"line":11,"column":15},"end":{"line":11,"column":31}},"4":{"start":{"line":20,"column":34},"end":{"line":29,"column":1}},"5":{"start":{"line":21,"column":2},"end":{"line":28,"column":3}},"6":{"start":{"line":22,"column":23},"end":{"line":22,"column":62}},"7":{"start":{"line":23,"column":4},"end":{"line":23,"column":57}},"8":{"start":{"line":24,"column":4},"end":{"line":24,"column":37}},"9":{"start":{"line":26,"column":4},"end":{"line":26,"column":64}},"10":{"start":{"line":27,"column":4},"end":{"line":27,"column":61}},"11":{"start":{"line":33,"column":0},"end":{"line":42,"column":2}},"12":{"start":{"line":39,"column":4},"end":{"line":41,"column":6}},"13":{"start":{"line":40,"column":6},"end":{"line":40,"column":18}},"14":{"start":{"line":44,"column":0},"end":{"line":44,"column":24}}},"fnMap":{"0":{"name":"(anonymous_0)","decl":{"start":{"line":20,"column":34},"end":{"line":20,"column":35}},"loc":{"start":{"line":20,"column":54},"end":{"line":29,"column":1}},"line":20},"1":{"name":"(anonymous_1)","decl":{"start":{"line":38,"column":2},"end":{"line":38,"column":3}},"loc":{"start":{"line":39,"column":4},"end":{"line":41,"column":6}},"line":39},"2":{"name":"(anonymous_2)","decl":{"start":{"line":39,"column":45},"end":{"line":39,"column":46}},"loc":{"start":{"line":39,"column":55},"end":{"line":41,"column":5}},"line":39}},"branchMap":{},"s":{"0":7,"1":7,"2":7,"3":7,"4":7,"5":1,"6":1,"7":1,"8":1,"9":0,"10":0,"11":7,"12":1,"13":1,"14":7},"f":{"0":1,"1":1,"2":1},"b":{},"_coverageSchema":"1a1c01bbd47fc00a2c39e90264f33305004495a9","hash":"990ab00961c14015aff5e99ec08d3b03b5510dfb"}
,"/Users/sudhanvapaturkar/Documents/GitHub/WebDev/assignments/web-dev-final-project-aditya-sudhanva/server/controller/userController.js": {"path":"/Users/sudhanvapaturkar/Documents/GitHub/WebDev/assignments/web-dev-final-project-aditya-sudhanva/server/controller/userController.js","statementMap":{"0":{"start":{"line":1,"column":16},"end":{"line":1,"column":34}},"1":{"start":{"line":9,"column":4},"end":{"line":9,"column":35}},"2":{"start":{"line":17,"column":4},"end":{"line":17,"column":33}},"3":{"start":{"line":19,"column":15},"end":{"line":19,"column":31}},"4":{"start":{"line":27,"column":27},"end":{"line":30,"column":1}},"5":{"start":{"line":28,"column":13},"end":{"line":28,"column":62}},"6":{"start":{"line":29,"column":2},"end":{"line":29,"column":17}},"7":{"start":{"line":39,"column":30},"end":{"line":45,"column":1}},"8":{"start":{"line":40,"column":13},"end":{"line":40,"column":64}},"9":{"start":{"line":41,"column":2},"end":{"line":43,"column":3}},"10":{"start":{"line":42,"column":4},"end":{"line":42,"column":63}},"11":{"start":{"line":44,"column":2},"end":{"line":44,"column":17}},"12":{"start":{"line":54,"column":20},"end":{"line":58,"column":1}},"13":{"start":{"line":55,"column":14},"end":{"line":55,"column":52}},"14":{"start":{"line":56,"column":2},"end":{"line":56,"column":36}},"15":{"start":{"line":57,"column":2},"end":{"line":57,"column":30}},"16":{"start":{"line":66,"column":25},"end":{"line":69,"column":1}},"17":{"start":{"line":67,"column":14},"end":{"line":67,"column":66}},"18":{"start":{"line":68,"column":2},"end":{"line":68,"column":30}},"19":{"start":{"line":79,"column":21},"end":{"line":98,"column":1}},"20":{"start":{"line":80,"column":2},"end":{"line":97,"column":3}},"21":{"start":{"line":81,"column":17},"end":{"line":81,"column":31}},"22":{"start":{"line":82,"column":15},"end":{"line":82,"column":27}},"23":{"start":{"line":83,"column":4},"end":{"line":90,"column":5}},"24":{"start":{"line":89,"column":6},"end":{"line":89,"column":42}},"25":{"start":{"line":91,"column":20},"end":{"line":91,"column":63}},"26":{"start":{"line":92,"column":4},"end":{"line":92,"column":17}},"27":{"start":{"line":93,"column":4},"end":{"line":93,"column":24}},"28":{"start":{"line":95,"column":4},"end":{"line":95,"column":25}},"29":{"start":{"line":96,"column":4},"end":{"line":96,"column":59}},"30":{"start":{"line":103,"column":0},"end":{"line":107,"column":2}},"31":{"start":{"line":104,"column":2},"end":{"line":106,"column":4}},"32":{"start":{"line":105,"column":4},"end":{"line":105,"column":16}},"33":{"start":{"line":109,"column":0},"end":{"line":117,"column":2}},"34":{"start":{"line":114,"column":4},"end":{"line":116,"column":6}},"35":{"start":{"line":115,"column":6},"end":{"line":115,"column":18}},"36":{"start":{"line":119,"column":0},"end":{"line":128,"column":2}},"37":{"start":{"line":125,"column":4},"end":{"line":127,"column":6}},"38":{"start":{"line":126,"column":6},"end":{"line":126,"column":18}},"39":{"start":{"line":130,"column":0},"end":{"line":138,"column":2}},"40":{"start":{"line":135,"column":4},"end":{"line":137,"column":6}},"41":{"start":{"line":136,"column":6},"end":{"line":136,"column":18}},"42":{"start":{"line":140,"column":0},"end":{"line":144,"column":2}},"43":{"start":{"line":141,"column":2},"end":{"line":143,"column":4}},"44":{"start":{"line":142,"column":4},"end":{"line":142,"column":16}},"45":{"start":{"line":146,"column":0},"end":{"line":146,"column":24}}},"fnMap":{"0":{"name":"(anonymous_0)","decl":{"start":{"line":27,"column":27},"end":{"line":27,"column":28}},"loc":{"start":{"line":27,"column":47},"end":{"line":30,"column":1}},"line":27},"1":{"name":"(anonymous_1)","decl":{"start":{"line":39,"column":30},"end":{"line":39,"column":31}},"loc":{"start":{"line":39,"column":50},"end":{"line":45,"column":1}},"line":39},"2":{"name":"(anonymous_2)","decl":{"start":{"line":54,"column":20},"end":{"line":54,"column":21}},"loc":{"start":{"line":54,"column":40},"end":{"line":58,"column":1}},"line":54},"3":{"name":"(anonymous_3)","decl":{"start":{"line":66,"column":25},"end":{"line":66,"column":26}},"loc":{"start":{"line":66,"column":45},"end":{"line":69,"column":1}},"line":66},"4":{"name":"(anonymous_4)","decl":{"start":{"line":79,"column":21},"end":{"line":79,"column":22}},"loc":{"start":{"line":79,"column":41},"end":{"line":98,"column":1}},"line":79},"5":{"name":"(anonymous_5)","decl":{"start":{"line":103,"column":67},"end":{"line":103,"column":68}},"loc":{"start":{"line":104,"column":2},"end":{"line":106,"column":4}},"line":104},"6":{"name":"(anonymous_6)","decl":{"start":{"line":104,"column":36},"end":{"line":104,"column":37}},"loc":{"start":{"line":104,"column":46},"end":{"line":106,"column":3}},"line":104},"7":{"name":"(anonymous_7)","decl":{"start":{"line":113,"column":2},"end":{"line":113,"column":3}},"loc":{"start":{"line":114,"column":4},"end":{"line":116,"column":6}},"line":114},"8":{"name":"(anonymous_8)","decl":{"start":{"line":114,"column":41},"end":{"line":114,"column":42}},"loc":{"start":{"line":114,"column":51},"end":{"line":116,"column":5}},"line":114},"9":{"name":"(anonymous_9)","decl":{"start":{"line":124,"column":2},"end":{"line":124,"column":3}},"loc":{"start":{"line":125,"column":4},"end":{"line":127,"column":6}},"line":125},"10":{"name":"(anonymous_10)","decl":{"start":{"line":125,"column":31},"end":{"line":125,"column":32}},"loc":{"start":{"line":125,"column":41},"end":{"line":127,"column":5}},"line":125},"11":{"name":"(anonymous_11)","decl":{"start":{"line":134,"column":2},"end":{"line":134,"column":3}},"loc":{"start":{"line":135,"column":4},"end":{"line":137,"column":6}},"line":135},"12":{"name":"(anonymous_12)","decl":{"start":{"line":135,"column":36},"end":{"line":135,"column":37}},"loc":{"start":{"line":135,"column":46},"end":{"line":137,"column":5}},"line":135},"13":{"name":"(anonymous_13)","decl":{"start":{"line":140,"column":65},"end":{"line":140,"column":66}},"loc":{"start":{"line":141,"column":2},"end":{"line":143,"column":4}},"line":141},"14":{"name":"(anonymous_14)","decl":{"start":{"line":141,"column":30},"end":{"line":141,"column":31}},"loc":{"start":{"line":141,"column":40},"end":{"line":143,"column":3}},"line":141}},"branchMap":{"0":{"loc":{"start":{"line":41,"column":2},"end":{"line":43,"column":3}},"type":"if","locations":[{"start":{"line":41,"column":2},"end":{"line":43,"column":3}},{"start":{},"end":{}}],"line":41},"1":{"loc":{"start":{"line":83,"column":4},"end":{"line":90,"column":5}},"type":"if","locations":[{"start":{"line":83,"column":4},"end":{"line":90,"column":5}},{"start":{},"end":{}}],"line":83},"2":{"loc":{"start":{"line":84,"column":6},"end":{"line":87,"column":22}},"type":"binary-expr","locations":[{"start":{"line":84,"column":6},"end":{"line":84,"column":21}},{"start":{"line":85,"column":6},"end":{"line":85,"column":24}},{"start":{"line":86,"column":6},"end":{"line":86,"column":19}},{"start":{"line":87,"column":6},"end":{"line":87,"column":22}}],"line":84}},"s":{"0":7,"1":7,"2":7,"3":7,"4":7,"5":1,"6":1,"7":7,"8":1,"9":1,"10":0,"11":1,"12":7,"13":1,"14":1,"15":1,"16":7,"17":1,"18":1,"19":7,"20":1,"21":1,"22":1,"23":1,"24":0,"25":1,"26":1,"27":1,"28":0,"29":0,"30":7,"31":1,"32":1,"33":7,"34":1,"35":1,"36":7,"37":1,"38":1,"39":7,"40":1,"41":1,"42":7,"43":1,"44":1,"45":7},"f":{"0":1,"1":1,"2":1,"3":1,"4":1,"5":1,"6":1,"7":1,"8":1,"9":1,"10":1,"11":1,"12":1,"13":1,"14":1},"b":{"0":[0,1],"1":[0,1],"2":[1,1,0,0]},"_coverageSchema":"1a1c01bbd47fc00a2c39e90264f33305004495a9","hash":"7f509b370f7cdee14c1d5486cff6e4247ddb326a"}
[...]
,"/Users/sudhanvapaturkar/Documents/GitHub/WebDev/assignments/web-dev-final-project-aditya-sudhanva/server/utils/tagUtils.js": {"path":"/Users/sudhanvapaturkar/Documents/GitHub/WebDev/assignments/web-dev-final-project-aditya-sudhanva/server/utils/tagUtils.js","statementMap":{"0":{"start":{"line":1,"column":12},"end":{"line":1,"column":42}},"1":{"start":{"line":2,"column":17},"end":{"line":2,"column":52}},"2":{"start":{"line":11,"column":40},"end":{"line":27,"column":1}},"3":{"start":{"line":12,"column":13},"end":{"line":12,"column":29}},"4":{"start":{"line":13,"column":18},"end":{"line":13,"column":74}},"5":{"start":{"line":14,"column":21},"end":{"line":24,"column":4}},"6":{"start":{"line":15,"column":24},"end":{"line":15,"column":25}},"7":{"start":{"line":16,"column":4},"end":{"line":18,"column":7}},"8":{"start":{"line":17,"column":6},"end":{"line":17,"column":72}},"9":{"start":{"line":17,"column":44},"end":{"line":17,"column":63}},"10":{"start":{"line":19,"column":4},"end":{"line":23,"column":6}},"11":{"start":{"line":26,"column":2},"end":{"line":26,"column":20}},"12":{"start":{"line":35,"column":26},"end":{"line":37,"column":1}},"13":{"start":{"line":36,"column":2},"end":{"line":36,"column":40}},"14":{"start":{"line":46,"column":19},"end":{"line":55,"column":1}},"15":{"start":{"line":47,"column":18},"end":{"line":47,"column":52}},"16":{"start":{"line":48,"column":2},"end":{"line":54,"column":3}},"17":{"start":{"line":49,"column":4},"end":{"line":49,"column":25}},"18":{"start":{"line":51,"column":14},"end":{"line":51,"column":34}},"19":{"start":{"line":52,"column":20},"end":{"line":52,"column":36}},"20":{"start":{"line":53,"column":4},"end":{"line":53,"column":23}},"21":{"start":{"line":57,"column":0},"end":{"line":61,"column":2}}},"fnMap":{"0":{"name":"(anonymous_0)","decl":{"start":{"line":11,"column":40},"end":{"line":11,"column":41}},"loc":{"start":{"line":11,"column":52},"end":{"line":27,"column":1}},"line":11},"1":{"name":"(anonymous_1)","decl":{"start":{"line":14,"column":30},"end":{"line":14,"column":31}},"loc":{"start":{"line":14,"column":39},"end":{"line":24,"column":3}},"line":14},"2":{"name":"(anonymous_2)","decl":{"start":{"line":16,"column":22},"end":{"line":16,"column":23}},"loc":{"start":{"line":16,"column":29},"end":{"line":18,"column":5}},"line":16},"3":{"name":"(anonymous_3)","decl":{"start":{"line":17,"column":37},"end":{"line":17,"column":38}},"loc":{"start":{"line":17,"column":44},"end":{"line":17,"column":63}},"line":17},"4":{"name":"(anonymous_4)","decl":{"start":{"line":35,"column":26},"end":{"line":35,"column":27}},"loc":{"start":{"line":35,"column":39},"end":{"line":37,"column":1}},"line":35},"5":{"name":"(anonymous_5)","decl":{"start":{"line":46,"column":19},"end":{"line":46,"column":20}},"loc":{"start":{"line":46,"column":36},"end":{"line":55,"column":1}},"line":46}},"branchMap":{"0":{"loc":{"start":{"line":48,"column":2},"end":{"line":54,"column":3}},"type":"if","locations":[{"start":{"line":48,"column":2},"end":{"line":54,"column":3}},{"start":{"line":50,"column":9},"end":{"line":54,"column":3}}],"line":48}},"s":{"0":8,"1":8,"2":8,"3":2,"4":2,"5":2,"6":3,"7":3,"8":6,"9":8,"10":3,"11":2,"12":8,"13":1,"14":8,"15":2,"16":2,"17":1,"18":1,"19":1,"20":1,"21":8},"f":{"0":2,"1":3,"2":6,"3":8,"4":1,"5":2},"b":{"0":[1,1]},"_coverageSchema":"1a1c01bbd47fc00a2c39e90264f33305004495a9","hash":"dc2f157fb611e8d10d752499cb8c00c912f8594d"}
,"/Users/sudhanvapaturkar/Documents/GitHub/WebDev/assignments/web-dev-final-project-aditya-sudhanva/server/utils/userUtils.js": {"path":"/Users/sudhanvapaturkar/Documents/GitHub/WebDev/assignments/web-dev-final-project-aditya-sudhanva/server/utils/userUtils.js","statementMap":{"0":{"start":{"line":1,"column":13},"end":{"line":1,"column":44}},"1":{"start":{"line":2,"column":15},"end":{"line":2,"column":48}},"2":{"start":{"line":3,"column":17},"end":{"line":3,"column":52}},"3":{"start":{"line":12,"column":22},"end":{"line":20,"column":1}},"4":{"start":{"line":13,"column":2},"end":{"line":15,"column":3}},"5":{"start":{"line":14,"column":4},"end":{"line":14,"column":13}},"6":{"start":{"line":16,"column":22},"end":{"line":18,"column":4}},"7":{"start":{"line":17,"column":4},"end":{"line":17,"column":32}},"8":{"start":{"line":19,"column":2},"end":{"line":19,"column":34}},"9":{"start":{"line":28,"column":31},"end":{"line":31,"column":1}},"10":{"start":{"line":29,"column":15},"end":{"line":29,"column":54}},"11":{"start":{"line":30,"column":2},"end":{"line":30,"column":14}},"12":{"start":{"line":38,"column":21},"end":{"line":40,"column":1}},"13":{"start":{"line":39,"column":2},"end":{"line":39,"column":14}},"14":{"start":{"line":47,"column":35},"end":{"line":49,"column":1}},"15":{"start":{"line":48,"column":2},"end":{"line":48,"column":75}},"16":{"start":{"line":57,"column":31},"end":{"line":66,"column":1}},"17":{"start":{"line":58,"column":2},"end":{"line":65,"column":3}},"18":{"start":{"line":59,"column":17},"end":{"line":59,"column":75}},"19":{"start":{"line":60,"column":26},"end":{"line":60,"column":73}},"20":{"start":{"line":60,"column":59},"end":{"line":60,"column":72}},"21":{"start":{"line":61,"column":4},"end":{"line":61,"column":25}},"22":{"start":{"line":63,"column":4},"end":{"line":63,"column":59}},"23":{"start":{"line":64,"column":4},"end":{"line":64,"column":54}},"24":{"start":{"line":75,"column":32},"end":{"line":110,"column":1}},"25":{"start":{"line":76,"column":14},"end":{"line":94,"column":4}},"26":{"start":{"line":96,"column":18},"end":{"line":96,"column":38}},"27":{"start":{"line":98,"column":2},"end":{"line":108,"column":3}},"28":{"start":{"line":99,"column":4},"end":{"line":99,"column":64}},"29":{"start":{"line":99,"column":29},"end":{"line":99,"column":62}},"30":{"start":{"line":100,"column":9},"end":{"line":108,"column":3}},"31":{"start":{"line":101,"column":4},"end":{"line":101,"column":78}},"32":{"start":{"line":101,"column":47},"end":{"line":101,"column":76}},"33":{"start":{"line":102,"column":4},"end":{"line":102,"column":64}},"34":{"start":{"line":102,"column":29},"end":{"line":102,"column":62}},"35":{"start":{"line":103,"column":9},"end":{"line":108,"column":3}},"36":{"start":{"line":104,"column":4},"end":{"line":104,"column":64}},"37":{"start":{"line":104,"column":29},"end":{"line":104,"column":62}},"38":{"start":{"line":105,"column":4},"end":{"line":107,"column":7}},"39":{"start":{"line":106,"column":6},"end":{"line":106,"column":49}},"40":{"start":{"line":109,"column":2},"end":{"line":109,"column":19}},"41":{"start":{"line":118,"column":22},"end":{"line":128,"column":1}},"42":{"start":{"line":119,"column":14},"end":{"line":125,"column":6}},"43":{"start":{"line":127,"column":2},"end":{"line":127,"column":15}},"44":{"start":{"line":136,"column":33},"end":{"line":141,"column":1}},"45":{"start":{"line":137,"column":13},"end":{"line":139,"column":26}},"46":{"start":{"line":140,"column":2},"end":{"line":140,"column":14}},"47":{"start":{"line":149,"column":36},"end":{"line":154,"column":1}},"48":{"start":{"line":150,"column":13},"end":{"line":152,"column":26}},"49":{"start":{"line":153,"column":2},"end":{"line":153,"column":14}},"50":{"start":{"line":162,"column":31},"end":{"line":176,"column":1}},"51":{"start":{"line":163,"column":20},"end":{"line":163,"column":43}},"52":{"start":{"line":165,"column":14},"end":{"line":173,"column":57}},"53":{"start":{"line":175,"column":2},"end":{"line":175,"column":15}},"54":{"start":{"line":184,"column":27},"end":{"line":265,"column":1}},"55":{"start":{"line":185,"column":15},"end":{"line":185,"column":55}},"56":{"start":{"line":186,"column":2},"end":{"line":188,"column":3}},"57":{"start":{"line":187,"column":4},"end":{"line":187,"column":38}},"58":{"start":{"line":189,"column":15},"end":{"line":196,"column":21}},"59":{"start":{"line":198,"column":28},"end":{"line":198,"column":30}},"60":{"start":{"line":199,"column":30},"end":{"line":199,"column":32}},"61":{"start":{"line":201,"column":2},"end":{"line":207,"column":5}},"62":{"start":{"line":202,"column":4},"end":{"line":206,"column":5}},"63":{"start":{"line":203,"column":6},"end":{"line":203,"column":39}},"64":{"start":{"line":205,"column":6},"end":{"line":205,"column":41}},"65":{"start":{"line":209,"column":14},"end":{"line":212,"column":4}},"66":{"start":{"line":214,"column":20},"end":{"line":214,"column":51}},"67":{"start":{"line":214,"column":40},"end":{"line":214,"column":50}},"68":{"start":{"line":215,"column":25},"end":{"line":228,"column":4}},"69":{"start":{"line":230,"column":37},"end":{"line":230,"column":39}},"70":{"start":{"line":231,"column":2},"end":{"line":237,"column":5}},"71":{"start":{"line":232,"column":4},"end":{"line":236,"column":7}},"72":{"start":{"line":233,"column":6},"end":{"line":235,"column":7}},"73":{"start":{"line":234,"column":8},"end":{"line":234,"column":62}},"74":{"start":{"line":239,"column":2},"end":{"line":239,"column":14}},"75":{"start":{"line":240,"column":2},"end":{"line":246,"column":5}},"76":{"start":{"line":241,"column":14},"end":{"line":244,"column":5}},"77":{"start":{"line":245,"column":4},"end":{"line":245,"column":21}},"78":{"start":{"line":248,"column":26},"end":{"line":248,"column":28}},"79":{"start":{"line":249,"column":28},"end":{"line":249,"column":30}},"80":{"start":{"line":251,"column":2},"end":{"line":257,"column":5}},"81":{"start":{"line":252,"column":4},"end":{"line":256,"column":5}},"82":{"start":{"line":253,"column":6},"end":{"line":253,"column":35}},"83":{"start":{"line":255,"column":6},"end":{"line":255,"column":37}},"84":{"start":{"line":259,"column":2},"end":{"line":264,"column":4}},"85":{"start":{"line":273,"column":28},"end":{"line":279,"column":1}},"86":{"start":{"line":274,"column":2},"end":{"line":278,"column":3}},"87":{"start":{"line":275,"column":4},"end":{"line":275,"column":42}},"88":{"start":{"line":277,"column":4},"end":{"line":277,"column":40}},"89":{"start":{"line":290,"column":37},"end":{"line":306,"column":1}},"90":{"start":{"line":291,"column":13},"end":{"line":291,"column":17}},"91":{"start":{"line":292,"column":2},"end":{"line":304,"column":3}},"92":{"start":{"line":293,"column":4},"end":{"line":297,"column":6}},"93":{"start":{"line":299,"column":4},"end":{"line":303,"column":6}},"94":{"start":{"line":305,"column":2},"end":{"line":305,"column":14}},"95":{"start":{"line":308,"column":0},"end":{"line":322,"column":2}}},"fnMap":{"0":{"name":"(anonymous_0)","decl":{"start":{"line":12,"column":22},"end":{"line":12,"column":23}},"loc":{"start":{"line":12,"column":36},"end":{"line":20,"column":1}},"line":12},"1":{"name":"(anonymous_1)","decl":{"start":{"line":16,"column":43},"end":{"line":16,"column":44}},"loc":{"start":{"line":16,"column":55},"end":{"line":18,"column":3}},"line":16},"2":{"name":"(anonymous_2)","decl":{"start":{"line":28,"column":31},"end":{"line":28,"column":32}},"loc":{"start":{"line":28,"column":51},"end":{"line":31,"column":1}},"line":28},"3":{"name":"(anonymous_3)","decl":{"start":{"line":38,"column":21},"end":{"line":38,"column":22}},"loc":{"start":{"line":38,"column":37},"end":{"line":40,"column":1}},"line":38},"4":{"name":"(anonymous_4)","decl":{"start":{"line":47,"column":35},"end":{"line":47,"column":36}},"loc":{"start":{"line":47,"column":59},"end":{"line":49,"column":1}},"line":47},"5":{"name":"(anonymous_5)","decl":{"start":{"line":57,"column":31},"end":{"line":57,"column":32}},"loc":{"start":{"line":57,"column":48},"end":{"line":66,"column":1}},"line":57},"6":{"name":"(anonymous_6)","decl":{"start":{"line":60,"column":45},"end":{"line":60,"column":46}},"loc":{"start":{"line":60,"column":59},"end":{"line":60,"column":72}},"line":60},"7":{"name":"(anonymous_7)","decl":{"start":{"line":75,"column":32},"end":{"line":75,"column":33}},"loc":{"start":{"line":75,"column":56},"end":{"line":110,"column":1}},"line":75},"8":{"name":"(anonymous_8)","decl":{"start":{"line":99,"column":19},"end":{"line":99,"column":20}},"loc":{"start":{"line":99,"column":29},"end":{"line":99,"column":62}},"line":99},"9":{"name":"(anonymous_9)","decl":{"start":{"line":101,"column":33},"end":{"line":101,"column":34}},"loc":{"start":{"line":101,"column":47},"end":{"line":101,"column":76}},"line":101},"10":{"name":"(anonymous_10)","decl":{"start":{"line":102,"column":19},"end":{"line":102,"column":20}},"loc":{"start":{"line":102,"column":29},"end":{"line":102,"column":62}},"line":102},"11":{"name":"(anonymous_11)","decl":{"start":{"line":104,"column":19},"end":{"line":104,"column":20}},"loc":{"start":{"line":104,"column":29},"end":{"line":104,"column":62}},"line":104},"12":{"name":"(anonymous_12)","decl":{"start":{"line":105,"column":19},"end":{"line":105,"column":20}},"loc":{"start":{"line":105,"column":29},"end":{"line":107,"column":5}},"line":105},"13":{"name":"(anonymous_13)","decl":{"start":{"line":118,"column":22},"end":{"line":118,"column":23}},"loc":{"start":{"line":118,"column":39},"end":{"line":128,"column":1}},"line":118},"14":{"name":"(anonymous_14)","decl":{"start":{"line":136,"column":33},"end":{"line":136,"column":34}},"loc":{"start":{"line":136,"column":50},"end":{"line":141,"column":1}},"line":136},"15":{"name":"(anonymous_15)","decl":{"start":{"line":149,"column":36},"end":{"line":149,"column":37}},"loc":{"start":{"line":149,"column":53},"end":{"line":154,"column":1}},"line":149},"16":{"name":"(anonymous_16)","decl":{"start":{"line":162,"column":31},"end":{"line":162,"column":32}},"loc":{"start":{"line":162,"column":55},"end":{"line":176,"column":1}},"line":162},"17":{"name":"(anonymous_17)","decl":{"start":{"line":184,"column":27},"end":{"line":184,"column":28}},"loc":{"start":{"line":184,"column":48},"end":{"line":265,"column":1}},"line":184},"18":{"name":"(anonymous_18)","decl":{"start":{"line":201,"column":15},"end":{"line":201,"column":16}},"loc":{"start":{"line":201,"column":29},"end":{"line":207,"column":3}},"line":201},"19":{"name":"(anonymous_19)","decl":{"start":{"line":214,"column":28},"end":{"line":214,"column":29}},"loc":{"start":{"line":214,"column":40},"end":{"line":214,"column":50}},"line":214},"20":{"name":"(anonymous_20)","decl":{"start":{"line":231,"column":25},"end":{"line":231,"column":26}},"loc":{"start":{"line":231,"column":39},"end":{"line":237,"column":3}},"line":231},"21":{"name":"(anonymous_21)","decl":{"start":{"line":232,"column":29},"end":{"line":232,"column":30}},"loc":{"start":{"line":232,"column":43},"end":{"line":236,"column":5}},"line":232},"22":{"name":"(anonymous_22)","decl":{"start":{"line":240,"column":14},"end":{"line":240,"column":15}},"loc":{"start":{"line":240,"column":26},"end":{"line":246,"column":3}},"line":240},"23":{"name":"(anonymous_23)","decl":{"start":{"line":251,"column":17},"end":{"line":251,"column":18}},"loc":{"start":{"line":251,"column":29},"end":{"line":257,"column":3}},"line":251},"24":{"name":"(anonymous_24)","decl":{"start":{"line":273,"column":28},"end":{"line":273,"column":29}},"loc":{"start":{"line":273,"column":48},"end":{"line":279,"column":1}},"line":273},"25":{"name":"(anonymous_25)","decl":{"start":{"line":290,"column":37},"end":{"line":290,"column":38}},"loc":{"start":{"line":290,"column":69},"end":{"line":306,"column":1}},"line":290}},"branchMap":{"0":{"loc":{"start":{"line":13,"column":2},"end":{"line":15,"column":3}},"type":"if","locations":[{"start":{"line":13,"column":2},"end":{"line":15,"column":3}},{"start":{},"end":{}}],"line":13},"1":{"loc":{"start":{"line":13,"column":6},"end":{"line":13,"column":69}},"type":"binary-expr","locations":[{"start":{"line":13,"column":6},"end":{"line":13,"column":15}},{"start":{"line":13,"column":19},"end":{"line":13,"column":36}},{"start":{"line":13,"column":40},"end":{"line":13,"column":69}}],"line":13},"2":{"loc":{"start":{"line":98,"column":2},"end":{"line":108,"column":3}},"type":"if","locations":[{"start":{"line":98,"column":2},"end":{"line":108,"column":3}},{"start":{"line":100,"column":9},"end":{"line":108,"column":3}}],"line":98},"3":{"loc":{"start":{"line":100,"column":9},"end":{"line":108,"column":3}},"type":"if","locations":[{"start":{"line":100,"column":9},"end":{"line":108,"column":3}},{"start":{"line":103,"column":9},"end":{"line":108,"column":3}}],"line":100},"4":{"loc":{"start":{"line":103,"column":9},"end":{"line":108,"column":3}},"type":"if","locations":[{"start":{"line":103,"column":9},"end":{"line":108,"column":3}},{"start":{},"end":{}}],"line":103},"5":{"loc":{"start":{"line":186,"column":2},"end":{"line":188,"column":3}},"type":"if","locations":[{"start":{"line":186,"column":2},"end":{"line":188,"column":3}},{"start":{},"end":{}}],"line":186},"6":{"loc":{"start":{"line":202,"column":4},"end":{"line":206,"column":5}},"type":"if","locations":[{"start":{"line":202,"column":4},"end":{"line":206,"column":5}},{"start":{"line":204,"column":11},"end":{"line":206,"column":5}}],"line":202},"7":{"loc":{"start":{"line":233,"column":6},"end":{"line":235,"column":7}},"type":"if","locations":[{"start":{"line":233,"column":6},"end":{"line":235,"column":7}},{"start":{},"end":{}}],"line":233},"8":{"loc":{"start":{"line":252,"column":4},"end":{"line":256,"column":5}},"type":"if","locations":[{"start":{"line":252,"column":4},"end":{"line":256,"column":5}},{"start":{"line":254,"column":11},"end":{"line":256,"column":5}}],"line":252},"9":{"loc":{"start":{"line":274,"column":2},"end":{"line":278,"column":3}},"type":"if","locations":[{"start":{"line":274,"column":2},"end":{"line":278,"column":3}},{"start":{"line":276,"column":9},"end":{"line":278,"column":3}}],"line":274},"10":{"loc":{"start":{"line":292,"column":2},"end":{"line":304,"column":3}},"type":"if","locations":[{"start":{"line":292,"column":2},"end":{"line":304,"column":3}},{"start":{"line":298,"column":9},"end":{"line":304,"column":3}}],"line":292}},"s":{"0":9,"1":9,"2":9,"3":9,"4":4,"5":1,"6":3,"7":4,"8":3,"9":9,"10":2,"11":2,"12":9,"13":1,"14":9,"15":1,"16":9,"17":1,"18":1,"19":1,"20":2,"21":1,"22":0,"23":0,"24":9,"25":3,"26":3,"27":3,"28":1,"29":2,"30":2,"31":1,"32":3,"33":1,"34":0,"35":1,"36":1,"37":2,"38":1,"39":2,"40":3,"41":9,"42":1,"43":1,"44":9,"45":1,"46":1,"47":9,"48":2,"49":2,"50":9,"51":2,"52":2,"53":2,"54":9,"55":2,"56":2,"57":1,"58":1,"59":1,"60":1,"61":1,"62":2,"63":1,"64":1,"65":1,"66":1,"67":2,"68":1,"69":1,"70":1,"71":1,"72":2,"73":2,"74":1,"75":1,"76":2,"77":2,"78":1,"79":1,"80":1,"81":2,"82":0,"83":2,"84":1,"85":9,"86":3,"87":1,"88":2,"89":9,"90":2,"91":2,"92":1,"93":1,"94":2,"95":9},"f":{"0":4,"1":4,"2":2,"3":1,"4":1,"5":1,"6":2,"7":3,"8":2,"9":3,"10":0,"11":2,"12":2,"13":1,"14":1,"15":2,"16":2,"17":2,"18":2,"19":2,"20":1,"21":2,"22":2,"23":2,"24":3,"25":2},"b":{"0":[1,3],"1":[4,4,4],"2":[1,2],"3":[1,1],"4":[1,0],"5":[1,1],"6":[1,1],"7":[2,0],"8":[0,2],"9":[1,2],"10":[1,1]},"_coverageSchema":"1a1c01bbd47fc00a2c39e90264f33305004495a9","hash":"be8e260941c8dd1e75eb5db0f592b0b83a19f881"}
}
