TN:
SF:config.js
FNF:0
FNH:0
DA:1,8
DA:3,8
DA:4,8
DA:5,8
DA:6,8
DA:7,8
DA:10,8
LF:7
LH:7
BRF:0
BRH:0
end_of_record
TN:
SF:server.js
FN:26,(anonymous_0)
FN:38,(anonymous_1)
FN:64,(anonymous_2)
FN:72,(anonymous_3)
FN:80,(anonymous_4)
FNF:5
FNH:3
FNDA:40,(anonymous_0)
FNDA:1,(anonymous_1)
FNDA:0,(anonymous_2)
FNDA:7,(anonymous_3)
FNDA:0,(anonymous_4)
DA:5,7
DA:6,7
DA:7,7
DA:8,7
DA:9,7
DA:10,7
DA:12,7
DA:14,7
DA:16,7
DA:17,7
DA:18,7
DA:19,7
DA:20,7
DA:22,7
DA:24,7
DA:27,40
DA:28,40
DA:30,0
DA:38,7
DA:39,1
DA:40,1
DA:45,7
DA:46,7
DA:47,7
DA:48,7
DA:49,7
DA:50,7
DA:53,7
DA:54,7
DA:55,7
DA:56,7
DA:57,7
DA:58,7
DA:64,7
DA:65,0
DA:66,0
DA:72,7
DA:73,7
DA:80,7
DA:81,0
DA:82,0
DA:83,0
DA:84,0
DA:87,7
LF:44
LH:37
BRDA:27,0,0,40
BRDA:27,0,1,0
BRDA:27,1,0,40
BRDA:27,1,1,0
BRF:4
BRH:2
end_of_record
TN:
SF:controller/answerController.js
FN:30,(anonymous_0)
FN:47,(anonymous_1)
FN:64,(anonymous_2)
FN:83,(anonymous_3)
FN:97,(anonymous_4)
FN:120,(anonymous_5)
FN:142,(anonymous_6)
FN:165,(anonymous_7)
FN:188,(anonymous_8)
FN:189,(anonymous_9)
FN:198,(anonymous_10)
FN:199,(anonymous_11)
FN:208,(anonymous_12)
FN:209,(anonymous_13)
FN:218,(anonymous_14)
FN:219,(anonymous_15)
FN:228,(anonymous_16)
FN:229,(anonymous_17)
FN:239,(anonymous_18)
FN:240,(anonymous_19)
FN:251,(anonymous_20)
FN:252,(anonymous_21)
FN:263,(anonymous_22)
FN:264,(anonymous_23)
FNF:24
FNH:24
FNDA:1,(anonymous_0)
FNDA:1,(anonymous_1)
FNDA:1,(anonymous_2)
FNDA:1,(anonymous_3)
FNDA:1,(anonymous_4)
FNDA:1,(anonymous_5)
FNDA:1,(anonymous_6)
FNDA:1,(anonymous_7)
FNDA:1,(anonymous_8)
FNDA:1,(anonymous_9)
FNDA:1,(anonymous_10)
FNDA:1,(anonymous_11)
FNDA:1,(anonymous_12)
FNDA:1,(anonymous_13)
FNDA:1,(anonymous_14)
FNDA:1,(anonymous_15)
FNDA:1,(anonymous_16)
FNDA:1,(anonymous_17)
FNDA:1,(anonymous_18)
FNDA:1,(anonymous_19)
FNDA:1,(anonymous_20)
FNDA:1,(anonymous_21)
FNDA:1,(anonymous_22)
FNDA:1,(anonymous_23)
DA:1,7
DA:3,7
DA:12,7
DA:20,7
DA:22,7
DA:30,7
DA:31,1
DA:32,1
DA:33,1
DA:34,1
DA:36,0
DA:37,0
DA:47,7
DA:48,1
DA:49,1
DA:50,1
DA:51,1
DA:53,0
DA:54,0
DA:64,7
DA:65,1
DA:66,1
DA:67,1
DA:68,1
DA:69,1
DA:71,0
DA:72,0
DA:83,7
DA:84,1
DA:85,1
DA:86,1
DA:87,1
DA:88,1
DA:97,7
DA:98,1
DA:99,1
DA:104,1
DA:105,1
DA:106,1
DA:107,1
DA:109,0
DA:110,0
DA:120,7
DA:121,1
DA:122,1
DA:127,1
DA:128,1
DA:129,1
DA:131,0
DA:132,0
DA:142,7
DA:143,1
DA:144,1
DA:149,1
DA:150,1
DA:151,1
DA:152,1
DA:154,0
DA:155,0
DA:165,7
DA:166,1
DA:167,1
DA:172,1
DA:173,1
DA:174,1
DA:175,1
DA:177,0
DA:178,0
DA:184,7
DA:189,1
DA:190,1
DA:194,7
DA:199,1
DA:200,1
DA:204,7
DA:209,1
DA:210,1
DA:214,7
DA:219,1
DA:220,1
DA:224,7
DA:229,1
DA:230,1
DA:234,7
DA:240,1
DA:241,1
DA:247,7
DA:252,1
DA:253,1
DA:258,7
DA:264,1
DA:265,1
DA:269,7
LF:93
LH:79
BRF:0
BRH:0
end_of_record
TN:
SF:controller/authController.js
FN:25,(anonymous_0)
FN:34,(anonymous_1)
FN:44,(anonymous_2)
FN:54,(anonymous_3)
FN:78,(anonymous_4)
FN:105,(anonymous_5)
FN:116,(anonymous_6)
FN:148,(anonymous_7)
FN:194,(anonymous_8)
FN:214,(anonymous_9)
FN:225,(anonymous_10)
FN:264,(anonymous_11)
FN:270,(anonymous_12)
FN:271,(anonymous_13)
FN:276,(anonymous_14)
FN:277,(anonymous_15)
FN:282,(anonymous_16)
FN:283,(anonymous_17)
FN:288,(anonymous_18)
FN:289,(anonymous_19)
FN:296,(anonymous_20)
FN:297,(anonymous_21)
FNF:22
FNH:22
FNDA:2,(anonymous_0)
FNDA:1,(anonymous_1)
FNDA:1,(anonymous_2)
FNDA:1,(anonymous_3)
FNDA:1,(anonymous_4)
FNDA:1,(anonymous_5)
FNDA:1,(anonymous_6)
FNDA:1,(anonymous_7)
FNDA:1,(anonymous_8)
FNDA:2,(anonymous_9)
FNDA:2,(anonymous_10)
FNDA:4,(anonymous_11)
FNDA:1,(anonymous_12)
FNDA:1,(anonymous_13)
FNDA:1,(anonymous_14)
FNDA:1,(anonymous_15)
FNDA:1,(anonymous_16)
FNDA:1,(anonymous_17)
FNDA:1,(anonymous_18)
FNDA:1,(anonymous_19)
FNDA:1,(anonymous_20)
FNDA:1,(anonymous_21)
DA:1,7
DA:3,7
DA:4,7
DA:5,7
DA:6,7
DA:11,7
DA:13,7
DA:14,7
DA:15,7
DA:16,7
DA:18,7
DA:25,7
DA:26,2
DA:34,7
DA:35,1
DA:44,7
DA:45,1
DA:47,1
DA:48,0
DA:51,1
DA:55,1
DA:56,0
DA:57,0
DA:59,0
DA:64,1
DA:78,7
DA:79,1
DA:80,1
DA:81,1
DA:82,1
DA:87,1
DA:92,1
DA:94,0
DA:95,0
DA:105,7
DA:106,1
DA:107,1
DA:109,1
DA:110,0
DA:113,1
DA:117,1
DA:118,0
DA:119,0
DA:121,0
DA:124,1
DA:127,1
DA:132,1
DA:137,0
DA:138,0
DA:148,7
DA:149,1
DA:150,1
DA:151,1
DA:152,1
DA:154,1
DA:155,0
DA:158,1
DA:160,1
DA:161,0
DA:164,1
DA:165,1
DA:167,1
DA:168,1
DA:170,1
DA:175,1
DA:181,1
DA:183,0
DA:184,0
DA:194,7
DA:195,1
DA:196,1
DA:207,1
DA:209,1
DA:210,1
DA:211,1
DA:213,1
DA:215,2
DA:216,2
DA:217,2
DA:219,0
DA:220,0
DA:225,2
DA:226,1
DA:228,1
DA:229,0
DA:234,1
DA:236,1
DA:249,1
DA:250,1
DA:252,1
DA:254,0
DA:255,0
DA:264,7
DA:265,4
DA:270,7
DA:271,1
DA:272,1
DA:276,7
DA:277,1
DA:278,1
DA:282,7
DA:283,1
DA:284,1
DA:288,7
DA:289,1
DA:290,1
DA:296,7
DA:297,1
DA:298,1
DA:302,7
LF:110
LH:89
BRDA:47,0,0,0
BRDA:47,0,1,1
BRDA:55,1,0,0
BRDA:55,1,1,1
BRDA:56,2,0,0
BRDA:56,2,1,0
BRDA:109,3,0,0
BRDA:109,3,1,1
BRDA:117,4,0,0
BRDA:117,4,1,1
BRDA:118,5,0,0
BRDA:118,5,1,0
BRDA:154,6,0,0
BRDA:154,6,1,1
BRDA:160,7,0,0
BRDA:160,7,1,1
BRDA:216,8,0,2
BRDA:216,8,1,0
BRDA:228,9,0,0
BRDA:228,9,1,1
BRF:20
BRH:8
end_of_record
TN:
SF:controller/commentController.js
FN:23,(anonymous_0)
FN:46,(anonymous_1)
FN:69,(anonymous_2)
FN:91,(anonymous_3)
FN:92,(anonymous_4)
FN:101,(anonymous_5)
FN:102,(anonymous_6)
FN:111,(anonymous_7)
FN:112,(anonymous_8)
FNF:9
FNH:9
FNDA:1,(anonymous_0)
FNDA:1,(anonymous_1)
FNDA:1,(anonymous_2)
FNDA:1,(anonymous_3)
FNDA:1,(anonymous_4)
FNDA:1,(anonymous_5)
FNDA:1,(anonymous_6)
FNDA:1,(anonymous_7)
FNDA:1,(anonymous_8)
DA:1,7
DA:7,7
DA:12,7
DA:14,7
DA:23,7
DA:24,1
DA:25,1
DA:30,1
DA:31,1
DA:32,1
DA:34,0
DA:35,0
DA:46,7
DA:47,1
DA:48,1
DA:53,1
DA:54,1
DA:55,1
DA:57,0
DA:58,0
DA:69,7
DA:70,1
DA:71,1
DA:76,1
DA:77,1
DA:78,1
DA:80,0
DA:81,0
DA:87,7
DA:92,1
DA:93,1
DA:97,7
DA:102,1
DA:103,1
DA:107,7
DA:112,1
DA:113,1
DA:117,7
LF:38
LH:32
BRF:0
BRH:0
end_of_record
TN:
SF:controller/questionController.js
FN:47,(anonymous_0)
FN:86,(anonymous_1)
FN:128,(anonymous_2)
FN:154,(anonymous_3)
FN:183,(anonymous_4)
FN:201,(anonymous_5)
FN:219,(anonymous_6)
FN:238,(anonymous_7)
FN:244,(anonymous_8)
FN:267,(anonymous_9)
FN:290,(anonymous_10)
FN:314,(anonymous_11)
FN:337,(anonymous_12)
FN:361,(anonymous_13)
FN:385,(anonymous_14)
FN:406,(anonymous_15)
FN:427,(anonymous_16)
FN:444,(anonymous_17)
FN:456,(anonymous_18)
FN:457,(anonymous_19)
FN:467,(anonymous_20)
FN:468,(anonymous_21)
FN:478,(anonymous_22)
FN:479,(anonymous_23)
FN:489,(anonymous_24)
FN:490,(anonymous_25)
FN:500,(anonymous_26)
FN:501,(anonymous_27)
FN:511,(anonymous_28)
FN:512,(anonymous_29)
FN:521,(anonymous_30)
FN:522,(anonymous_31)
FN:530,(anonymous_32)
FN:531,(anonymous_33)
FN:541,(anonymous_34)
FN:542,(anonymous_35)
FN:551,(anonymous_36)
FN:552,(anonymous_37)
FN:561,(anonymous_38)
FN:562,(anonymous_39)
FN:571,(anonymous_40)
FN:572,(anonymous_41)
FN:577,(anonymous_42)
FN:578,(anonymous_43)
FN:583,(anonymous_44)
FN:584,(anonymous_45)
FN:593,(anonymous_46)
FN:594,(anonymous_47)
FNF:48
FNH:48
FNDA:1,(anonymous_0)
FNDA:1,(anonymous_1)
FNDA:1,(anonymous_2)
FNDA:1,(anonymous_3)
FNDA:1,(anonymous_4)
FNDA:1,(anonymous_5)
FNDA:1,(anonymous_6)
FNDA:1,(anonymous_7)
FNDA:2,(anonymous_8)
FNDA:1,(anonymous_9)
FNDA:1,(anonymous_10)
FNDA:1,(anonymous_11)
FNDA:1,(anonymous_12)
FNDA:1,(anonymous_13)
FNDA:1,(anonymous_14)
FNDA:1,(anonymous_15)
FNDA:3,(anonymous_16)
FNDA:6,(anonymous_17)
FNDA:1,(anonymous_18)
FNDA:1,(anonymous_19)
FNDA:1,(anonymous_20)
FNDA:1,(anonymous_21)
FNDA:1,(anonymous_22)
FNDA:1,(anonymous_23)
FNDA:1,(anonymous_24)
FNDA:1,(anonymous_25)
FNDA:1,(anonymous_26)
FNDA:1,(anonymous_27)
FNDA:1,(anonymous_28)
FNDA:1,(anonymous_29)
FNDA:1,(anonymous_30)
FNDA:1,(anonymous_31)
FNDA:1,(anonymous_32)
FNDA:1,(anonymous_33)
FNDA:1,(anonymous_34)
FNDA:1,(anonymous_35)
FNDA:1,(anonymous_36)
FNDA:1,(anonymous_37)
FNDA:1,(anonymous_38)
FNDA:1,(anonymous_39)
FNDA:1,(anonymous_40)
FNDA:1,(anonymous_41)
FNDA:1,(anonymous_42)
FNDA:1,(anonymous_43)
FNDA:1,(anonymous_44)
FNDA:1,(anonymous_45)
FNDA:1,(anonymous_46)
FNDA:1,(anonymous_47)
DA:1,7
DA:3,7
DA:4,7
DA:5,7
DA:11,7
DA:19,7
DA:33,7
DA:35,7
DA:36,7
DA:38,7
DA:47,7
DA:48,1
DA:49,1
DA:50,1
DA:51,1
DA:52,1
DA:53,1
DA:57,1
DA:58,1
DA:60,1
DA:61,1
DA:62,1
DA:63,1
DA:65,1
DA:66,1
DA:67,1
DA:71,1
DA:72,1
DA:74,0
DA:75,0
DA:86,7
DA:87,1
DA:88,1
DA:89,1
DA:90,1
DA:91,1
DA:92,1
DA:96,1
DA:97,1
DA:98,1
DA:100,1
DA:101,1
DA:102,1
DA:104,1
DA:106,1
DA:107,1
DA:109,1
DA:113,1
DA:114,1
DA:116,0
DA:117,0
DA:128,7
DA:129,1
DA:130,1
DA:131,1
DA:132,1
DA:133,1
DA:134,1
DA:136,1
DA:137,1
DA:138,1
DA:139,1
DA:140,1
DA:142,0
DA:143,0
DA:154,7
DA:155,1
DA:156,1
DA:157,1
DA:158,1
DA:159,1
DA:160,1
DA:164,1
DA:165,1
DA:166,1
DA:167,1
DA:168,1
DA:169,1
DA:171,0
DA:172,0
DA:183,7
DA:184,1
DA:185,1
DA:186,1
DA:187,1
DA:189,0
DA:190,0
DA:201,7
DA:202,1
DA:203,1
DA:204,1
DA:205,1
DA:207,0
DA:208,0
DA:219,7
DA:220,1
DA:221,1
DA:222,1
DA:223,1
DA:224,1
DA:226,0
DA:227,0
DA:238,7
DA:239,1
DA:240,1
DA:241,0
DA:243,1
DA:245,2
DA:246,0
DA:248,2
DA:251,1
DA:252,1
DA:253,1
DA:255,0
DA:256,0
DA:267,7
DA:268,1
DA:269,1
DA:270,1
DA:271,1
DA:272,1
DA:273,1
DA:275,0
DA:276,0
DA:290,7
DA:291,1
DA:292,1
DA:297,1
DA:298,1
DA:299,1
DA:300,1
DA:302,0
DA:303,0
DA:314,7
DA:315,1
DA:316,1
DA:321,1
DA:322,1
DA:323,1
DA:325,0
DA:326,0
DA:337,7
DA:338,1
DA:339,1
DA:344,1
DA:345,1
DA:346,1
DA:347,1
DA:349,0
DA:350,0
DA:361,7
DA:362,1
DA:363,1
DA:368,1
DA:369,1
DA:370,1
DA:371,1
DA:373,0
DA:374,0
DA:385,7
DA:386,1
DA:387,1
DA:388,1
DA:389,1
DA:390,1
DA:391,1
DA:392,1
DA:394,0
DA:395,0
DA:406,7
DA:407,1
DA:408,1
DA:409,1
DA:410,1
DA:411,1
DA:412,1
DA:414,0
DA:415,0
DA:427,7
DA:428,3
DA:429,3
DA:430,0
DA:433,3
DA:434,3
DA:435,0
DA:444,7
DA:445,6
DA:446,6
DA:451,7
DA:457,1
DA:458,1
DA:463,7
DA:468,1
DA:469,1
DA:473,7
DA:479,1
DA:480,1
DA:484,7
DA:490,1
DA:491,1
DA:495,7
DA:501,1
DA:502,1
DA:506,7
DA:512,1
DA:513,1
DA:517,7
DA:522,1
DA:523,1
DA:530,7
DA:531,1
DA:532,1
DA:536,7
DA:542,1
DA:543,1
DA:547,7
DA:552,1
DA:553,1
DA:557,7
DA:562,1
DA:563,1
DA:567,7
DA:572,1
DA:573,1
DA:577,7
DA:578,1
DA:579,1
DA:583,7
DA:584,1
DA:585,1
DA:589,7
DA:594,1
DA:595,1
DA:599,7
LF:234
LH:200
BRDA:51,0,0,1
BRDA:51,0,1,0
BRDA:52,1,0,1
BRDA:52,1,1,0
BRDA:53,2,0,1
BRDA:53,2,1,0
BRDA:90,3,0,1
BRDA:90,3,1,0
BRDA:91,4,0,1
BRDA:91,4,1,0
BRDA:92,5,0,1
BRDA:92,5,1,0
BRDA:131,6,0,1
BRDA:131,6,1,0
BRDA:132,7,0,1
BRDA:132,7,1,0
BRDA:158,8,0,1
BRDA:158,8,1,0
BRDA:159,9,0,1
BRDA:159,9,1,0
BRDA:240,10,0,0
BRDA:240,10,1,1
BRDA:245,11,0,0
BRDA:245,11,1,2
BRDA:429,12,0,0
BRDA:429,12,1,3
BRDA:429,13,0,3
BRDA:429,13,1,3
BRDA:434,14,0,0
BRDA:434,14,1,3
BRDA:434,15,0,3
BRDA:434,15,1,3
BRF:32
BRH:18
end_of_record
TN:
SF:controller/tagController.js
FN:20,(anonymous_0)
FN:38,(anonymous_1)
FN:39,(anonymous_2)
FNF:3
FNH:3
FNDA:1,(anonymous_0)
FNDA:1,(anonymous_1)
FNDA:1,(anonymous_2)
DA:1,7
DA:3,7
DA:9,7
DA:11,7
DA:20,7
DA:21,1
DA:22,1
DA:23,1
DA:24,1
DA:26,0
DA:27,0
DA:33,7
DA:39,1
DA:40,1
DA:44,7
LF:15
LH:13
BRF:0
BRH:0
end_of_record
TN:
SF:controller/userController.js
FN:27,(anonymous_0)
FN:39,(anonymous_1)
FN:54,(anonymous_2)
FN:66,(anonymous_3)
FN:79,(anonymous_4)
FN:103,(anonymous_5)
FN:104,(anonymous_6)
FN:113,(anonymous_7)
FN:114,(anonymous_8)
FN:124,(anonymous_9)
FN:125,(anonymous_10)
FN:134,(anonymous_11)
FN:135,(anonymous_12)
FN:140,(anonymous_13)
FN:141,(anonymous_14)
FNF:15
FNH:15
FNDA:1,(anonymous_0)
FNDA:1,(anonymous_1)
FNDA:1,(anonymous_2)
FNDA:1,(anonymous_3)
FNDA:1,(anonymous_4)
FNDA:1,(anonymous_5)
FNDA:1,(anonymous_6)
FNDA:1,(anonymous_7)
FNDA:1,(anonymous_8)
FNDA:1,(anonymous_9)
FNDA:1,(anonymous_10)
FNDA:1,(anonymous_11)
FNDA:1,(anonymous_12)
FNDA:1,(anonymous_13)
FNDA:1,(anonymous_14)
DA:1,7
DA:9,7
DA:17,7
DA:19,7
DA:27,7
DA:28,1
DA:29,1
DA:39,7
DA:40,1
DA:41,1
DA:42,0
DA:44,1
DA:54,7
DA:55,1
DA:56,1
DA:57,1
DA:66,7
DA:67,1
DA:68,1
DA:79,7
DA:80,1
DA:81,1
DA:82,1
DA:83,1
DA:89,0
DA:91,1
DA:92,1
DA:93,1
DA:95,0
DA:96,0
DA:103,7
DA:104,1
DA:105,1
DA:109,7
DA:114,1
DA:115,1
DA:119,7
DA:125,1
DA:126,1
DA:130,7
DA:135,1
DA:136,1
DA:140,7
DA:141,1
DA:142,1
DA:146,7
LF:46
LH:42
BRDA:41,0,0,0
BRDA:41,0,1,1
BRDA:83,1,0,0
BRDA:83,1,1,1
BRDA:84,2,0,1
BRDA:84,2,1,1
BRDA:84,2,2,0
BRDA:84,2,3,0
BRF:8
BRH:4
end_of_record
TN:
SF:models/answersModel.js
FNF:0
FNH:0
DA:1,21
DA:3,21
DA:5,21
LF:3
LH:3
BRF:0
BRH:0
end_of_record
TN:
SF:models/commentsModel.js
FNF:0
FNH:0
DA:1,10
DA:3,10
DA:5,10
LF:3
LH:3
BRF:0
BRH:0
end_of_record
TN:
SF:models/questionsModel.js
FNF:0
FNH:0
DA:1,14
DA:3,14
DA:5,14
LF:3
LH:3
BRF:0
BRH:0
end_of_record
TN:
SF:models/tagsModel.js
FNF:0
FNH:0
DA:1,13
DA:3,13
DA:5,13
LF:3
LH:3
BRF:0
BRH:0
end_of_record
TN:
SF:models/usersModel.js
FNF:0
FNH:0
DA:1,13
DA:3,13
DA:5,13
LF:3
LH:3
BRF:0
BRH:0
end_of_record
TN:
SF:models/schema/answerSchema.js
FNF:0
FNH:0
DA:1,21
DA:3,21
DA:4,21
LF:3
LH:3
BRF:0
BRH:0
end_of_record
TN:
SF:models/schema/commentSchema.js
FNF:0
FNH:0
DA:1,10
DA:3,10
DA:5,10
LF:3
LH:3
BRF:0
BRH:0
end_of_record
TN:
SF:models/schema/questionSchema.js
FNF:0
FNH:0
DA:1,14
DA:3,14
DA:4,14
LF:3
LH:3
BRF:0
BRH:0
end_of_record
TN:
SF:models/schema/tagSchema.js
FNF:0
FNH:0
DA:1,13
DA:3,13
DA:5,13
LF:3
LH:3
BRF:0
BRH:0
end_of_record
TN:
SF:models/schema/userSchema.js
FNF:0
FNH:0
DA:1,13
DA:3,13
DA:5,13
DA:34,13
LF:4
LH:4
BRF:0
BRH:0
end_of_record
TN:
SF:utils/answerUtils.js
FN:12,(anonymous_0)
FN:35,(anonymous_1)
FN:42,(anonymous_2)
FN:59,(anonymous_3)
FN:60,(anonymous_4)
FN:68,(anonymous_5)
FN:88,(anonymous_6)
FN:105,(anonymous_7)
FN:131,(anonymous_8)
FN:164,(anonymous_9)
FN:197,(anonymous_10)
FN:226,(anonymous_11)
FNF:12
FNH:12
FNDA:1,(anonymous_0)
FNDA:1,(anonymous_1)
FNDA:2,(anonymous_2)
FNDA:2,(anonymous_3)
FNDA:2,(anonymous_4)
FNDA:2,(anonymous_5)
FNDA:1,(anonymous_6)
FNDA:2,(anonymous_7)
FNDA:1,(anonymous_8)
FNDA:2,(anonymous_9)
FNDA:2,(anonymous_10)
FNDA:6,(anonymous_11)
DA:1,8
DA:2,8
DA:3,8
DA:4,8
DA:12,8
DA:13,1
DA:14,1
DA:19,1
DA:20,1
DA:22,1
DA:28,1
DA:35,8
DA:36,1
DA:37,1
DA:42,2
DA:43,1
DA:58,1
DA:59,1
DA:60,2
DA:61,2
DA:62,2
DA:67,1
DA:68,1
DA:69,2
DA:73,2
DA:76,1
DA:78,0
DA:79,0
DA:88,8
DA:89,1
DA:96,1
DA:105,8
DA:106,2
DA:107,1
DA:109,1
DA:116,2
DA:121,2
DA:131,8
DA:132,1
DA:138,1
DA:139,1
DA:140,1
DA:141,0
DA:147,1
DA:154,1
DA:164,8
DA:165,2
DA:170,2
DA:171,2
DA:172,1
DA:178,1
DA:187,2
DA:197,8
DA:198,2
DA:203,2
DA:204,2
DA:205,1
DA:211,1
DA:218,2
DA:226,8
DA:227,6
DA:230,8
LF:62
LH:59
BRDA:61,0,0,2
BRDA:61,0,1,0
BRDA:106,1,0,1
BRDA:106,1,1,1
BRDA:140,2,0,0
BRDA:140,2,1,1
BRDA:171,3,0,1
BRDA:171,3,1,1
BRDA:200,4,0,1
BRDA:200,4,1,1
BRDA:204,5,0,1
BRDA:204,5,1,1
BRF:12
BRH:10
end_of_record
TN:
SF:utils/commentUtils.js
FN:15,(anonymous_0)
FN:44,(anonymous_1)
FN:76,(anonymous_2)
FN:110,(anonymous_3)
FN:139,(anonymous_4)
FNF:5
FNH:5
FNDA:1,(anonymous_0)
FNDA:1,(anonymous_1)
FNDA:1,(anonymous_2)
FNDA:1,(anonymous_3)
FNDA:4,(anonymous_4)
DA:1,8
DA:2,8
DA:3,8
DA:4,8
DA:5,8
DA:15,8
DA:16,1
DA:17,1
DA:19,1
DA:20,1
DA:26,0
DA:33,1
DA:44,8
DA:45,1
DA:50,1
DA:51,1
DA:52,0
DA:58,1
DA:65,1
DA:76,8
DA:77,1
DA:82,1
DA:83,1
DA:84,1
DA:90,0
DA:99,1
DA:110,8
DA:111,1
DA:116,1
DA:117,1
DA:118,1
DA:124,0
DA:131,1
DA:139,8
DA:140,4
DA:143,8
LF:36
LH:32
BRDA:19,0,0,1
BRDA:19,0,1,0
BRDA:51,1,0,0
BRDA:51,1,1,1
BRDA:83,2,0,1
BRDA:83,2,1,0
BRDA:113,3,0,1
BRDA:113,3,1,0
BRDA:117,4,0,1
BRDA:117,4,1,0
BRF:10
BRH:5
end_of_record
TN:
SF:utils/loggerUtils.js
FN:12,(anonymous_0)
FN:20,(anonymous_1)
FNF:2
FNH:1
FNDA:78,(anonymous_0)
FNDA:0,(anonymous_1)
DA:1,8
DA:2,8
DA:4,8
DA:5,8
DA:6,8
DA:8,8
DA:13,78
DA:21,0
DA:36,8
LF:9
LH:8
BRF:0
BRH:0
end_of_record
TN:
SF:utils/questionUtils.js
FN:12,(anonymous_0)
FN:16,(anonymous_1)
FN:29,(anonymous_2)
FN:52,(anonymous_3)
FN:69,(anonymous_4)
FN:71,(anonymous_5)
FN:72,(anonymous_6)
FN:74,(anonymous_7)
FN:75,(anonymous_8)
FN:89,(anonymous_9)
FN:100,(anonymous_10)
FN:103,(anonymous_11)
FN:104,(anonymous_12)
FN:109,(anonymous_13)
FN:110,(anonymous_14)
FN:117,(anonymous_15)
FN:123,(anonymous_16)
FN:136,(anonymous_17)
FN:157,(anonymous_18)
FN:160,(anonymous_19)
FN:162,(anonymous_20)
FN:164,(anonymous_21)
FN:165,(anonymous_22)
FN:178,(anonymous_23)
FN:220,(anonymous_24)
FN:235,(anonymous_25)
FN:252,(anonymous_26)
FN:279,(anonymous_27)
FN:301,(anonymous_28)
FN:333,(anonymous_29)
FN:367,(anonymous_30)
FN:396,(anonymous_31)
FNF:32
FNH:25
FNDA:4,(anonymous_0)
FNDA:3,(anonymous_1)
FNDA:1,(anonymous_2)
FNDA:3,(anonymous_3)
FNDA:4,(anonymous_4)
FNDA:3,(anonymous_5)
FNDA:0,(anonymous_6)
FNDA:2,(anonymous_7)
FNDA:2,(anonymous_8)
FNDA:5,(anonymous_9)
FNDA:4,(anonymous_10)
FNDA:9,(anonymous_11)
FNDA:6,(anonymous_12)
FNDA:3,(anonymous_13)
FNDA:9,(anonymous_14)
FNDA:2,(anonymous_15)
FNDA:2,(anonymous_16)
FNDA:3,(anonymous_17)
FNDA:0,(anonymous_18)
FNDA:0,(anonymous_19)
FNDA:0,(anonymous_20)
FNDA:0,(anonymous_21)
FNDA:0,(anonymous_22)
FNDA:0,(anonymous_23)
FNDA:2,(anonymous_24)
FNDA:2,(anonymous_25)
FNDA:2,(anonymous_26)
FNDA:1,(anonymous_27)
FNDA:2,(anonymous_28)
FNDA:1,(anonymous_29)
FNDA:2,(anonymous_30)
FNDA:7,(anonymous_31)
DA:1,8
DA:2,8
DA:3,8
DA:4,8
DA:12,8
DA:13,4
DA:14,1
DA:16,3
DA:17,3
DA:19,3
DA:29,8
DA:30,1
DA:31,1
DA:36,1
DA:43,1
DA:52,8
DA:53,3
DA:68,3
DA:69,4
DA:70,2
DA:71,3
DA:72,1
DA:73,1
DA:74,2
DA:75,1
DA:76,2
DA:79,3
DA:89,8
DA:90,5
DA:91,5
DA:92,5
DA:93,5
DA:94,5
DA:98,5
DA:99,5
DA:100,3
DA:101,4
DA:103,3
DA:104,9
DA:106,3
DA:108,5
DA:109,3
DA:110,3
DA:111,9
DA:117,3
DA:118,2
DA:119,2
DA:123,5
DA:124,5
DA:126,0
DA:136,8
DA:137,3
DA:138,3
DA:156,3
DA:157,0
DA:158,3
DA:159,0
DA:160,0
DA:162,0
DA:163,3
DA:164,0
DA:165,0
DA:166,0
DA:169,3
DA:178,8
DA:179,0
DA:220,8
DA:221,2
DA:222,2
DA:223,1
DA:225,1
DA:227,1
DA:235,8
DA:236,2
DA:242,2
DA:252,8
DA:253,2
DA:254,1
DA:256,1
DA:263,2
DA:270,2
DA:279,8
DA:280,1
DA:287,1
DA:288,0
DA:290,1
DA:301,8
DA:302,2
DA:307,2
DA:308,2
DA:309,1
DA:315,1
DA:322,2
DA:333,8
DA:334,1
DA:339,1
DA:340,1
DA:341,0
DA:347,1
DA:356,1
DA:367,8
DA:368,2
DA:373,2
DA:374,2
DA:375,1
DA:381,1
DA:388,2
DA:396,8
DA:397,7
DA:400,8
LF:110
LH:99
BRDA:13,0,0,1
BRDA:13,0,1,3
BRDA:13,1,0,4
BRDA:13,1,1,4
BRDA:13,1,2,4
BRDA:68,2,0,1
BRDA:68,2,1,2
BRDA:70,3,0,1
BRDA:70,3,1,1
BRDA:73,4,0,1
BRDA:73,4,1,0
BRDA:91,5,0,5
BRDA:91,5,1,0
BRDA:99,6,0,3
BRDA:99,6,1,2
BRDA:108,7,0,3
BRDA:108,7,1,2
BRDA:108,8,0,5
BRDA:108,8,1,5
BRDA:112,9,0,9
BRDA:112,9,1,7
BRDA:118,10,0,2
BRDA:118,10,1,0
BRDA:156,11,0,0
BRDA:156,11,1,3
BRDA:158,12,0,0
BRDA:158,12,1,3
BRDA:163,13,0,0
BRDA:163,13,1,3
BRDA:222,14,0,1
BRDA:222,14,1,1
BRDA:253,15,0,1
BRDA:253,15,1,1
BRDA:287,16,0,0
BRDA:287,16,1,1
BRDA:308,17,0,1
BRDA:308,17,1,1
BRDA:340,18,0,0
BRDA:340,18,1,1
BRDA:370,19,0,1
BRDA:370,19,1,1
BRDA:374,20,0,1
BRDA:374,20,1,1
BRF:43
BRH:35
end_of_record
TN:
SF:utils/serverUtils.js
FN:18,(anonymous_0)
FN:23,(anonymous_1)
FN:41,(anonymous_2)
FN:52,(anonymous_3)
FN:74,(anonymous_4)
FN:76,(anonymous_5)
FN:97,(anonymous_6)
FN:98,(anonymous_7)
FN:124,(anonymous_8)
FN:134,(anonymous_9)
FNF:10
FNH:10
FNDA:37,(anonymous_0)
FNDA:36,(anonymous_1)
FNDA:40,(anonymous_2)
FNDA:40,(anonymous_3)
FNDA:6,(anonymous_4)
FNDA:6,(anonymous_5)
FNDA:57,(anonymous_6)
FNDA:9,(anonymous_7)
FNDA:19,(anonymous_8)
FNDA:8,(anonymous_9)
DA:1,8
DA:2,8
DA:3,8
DA:4,8
DA:5,8
DA:7,8
DA:18,8
DA:19,37
DA:20,37
DA:21,1
DA:23,36
DA:24,36
DA:25,1
DA:27,35
DA:28,35
DA:41,8
DA:42,40
DA:49,40
DA:51,40
DA:52,40
DA:53,40
DA:58,40
DA:59,40
DA:62,40
DA:74,8
DA:75,6
DA:76,6
DA:77,6
DA:78,3
DA:80,3
DA:84,0
DA:97,8
DA:98,57
DA:99,9
DA:100,9
DA:101,9
DA:105,2
DA:107,9
DA:109,9
DA:110,0
DA:112,9
DA:115,0
DA:116,0
DA:124,8
DA:125,19
DA:134,8
DA:135,8
DA:136,8
DA:140,8
LF:49
LH:45
BRDA:20,0,0,1
BRDA:20,0,1,36
BRDA:24,1,0,1
BRDA:24,1,1,35
BRDA:46,2,0,34
BRDA:46,2,1,6
BRDA:77,3,0,3
BRDA:77,3,1,3
BRDA:101,4,0,2
BRDA:101,4,1,7
BRDA:102,5,0,9
BRDA:102,5,1,8
BRDA:109,6,0,0
BRDA:109,6,1,9
BRDA:135,7,0,8
BRDA:135,7,1,0
BRDA:135,8,0,8
BRDA:135,8,1,8
BRF:18
BRH:16
end_of_record
TN:
SF:utils/tagUtils.js
FN:11,(anonymous_0)
FN:14,(anonymous_1)
FN:16,(anonymous_2)
FN:17,(anonymous_3)
FN:35,(anonymous_4)
FN:46,(anonymous_5)
FNF:6
FNH:6
FNDA:2,(anonymous_0)
FNDA:3,(anonymous_1)
FNDA:6,(anonymous_2)
FNDA:8,(anonymous_3)
FNDA:1,(anonymous_4)
FNDA:2,(anonymous_5)
DA:1,8
DA:2,8
DA:11,8
DA:12,2
DA:13,2
DA:14,2
DA:15,3
DA:16,3
DA:17,8
DA:19,3
DA:26,2
DA:35,8
DA:36,1
DA:46,8
DA:47,2
DA:48,2
DA:49,1
DA:51,1
DA:52,1
DA:53,1
DA:57,8
LF:21
LH:21
BRDA:48,0,0,1
BRDA:48,0,1,1
BRF:2
BRH:2
end_of_record
TN:
SF:utils/userUtils.js
FN:12,(anonymous_0)
FN:16,(anonymous_1)
FN:28,(anonymous_2)
FN:38,(anonymous_3)
FN:47,(anonymous_4)
FN:57,(anonymous_5)
FN:60,(anonymous_6)
FN:75,(anonymous_7)
FN:99,(anonymous_8)
FN:101,(anonymous_9)
FN:102,(anonymous_10)
FN:104,(anonymous_11)
FN:105,(anonymous_12)
FN:118,(anonymous_13)
FN:136,(anonymous_14)
FN:149,(anonymous_15)
FN:162,(anonymous_16)
FN:184,(anonymous_17)
FN:201,(anonymous_18)
FN:214,(anonymous_19)
FN:231,(anonymous_20)
FN:232,(anonymous_21)
FN:240,(anonymous_22)
FN:251,(anonymous_23)
FN:273,(anonymous_24)
FN:290,(anonymous_25)
FNF:26
FNH:25
FNDA:4,(anonymous_0)
FNDA:4,(anonymous_1)
FNDA:2,(anonymous_2)
FNDA:1,(anonymous_3)
FNDA:1,(anonymous_4)
FNDA:1,(anonymous_5)
FNDA:2,(anonymous_6)
FNDA:3,(anonymous_7)
FNDA:2,(anonymous_8)
FNDA:3,(anonymous_9)
FNDA:0,(anonymous_10)
FNDA:2,(anonymous_11)
FNDA:2,(anonymous_12)
FNDA:1,(anonymous_13)
FNDA:1,(anonymous_14)
FNDA:2,(anonymous_15)
FNDA:2,(anonymous_16)
FNDA:2,(anonymous_17)
FNDA:2,(anonymous_18)
FNDA:2,(anonymous_19)
FNDA:1,(anonymous_20)
FNDA:2,(anonymous_21)
FNDA:2,(anonymous_22)
FNDA:2,(anonymous_23)
FNDA:3,(anonymous_24)
FNDA:2,(anonymous_25)
DA:1,9
DA:2,9
DA:3,9
DA:12,9
DA:13,4
DA:14,1
DA:16,3
DA:17,4
DA:19,3
DA:28,9
DA:29,2
DA:30,2
DA:38,9
DA:39,1
DA:47,9
DA:48,1
DA:57,9
DA:58,1
DA:59,1
DA:60,2
DA:61,1
DA:63,0
DA:64,0
DA:75,9
DA:76,3
DA:96,3
DA:98,3
DA:99,2
DA:100,2
DA:101,3
DA:102,1
DA:103,1
DA:104,2
DA:105,1
DA:106,2
DA:109,3
DA:118,9
DA:119,1
DA:127,1
DA:136,9
DA:137,1
DA:140,1
DA:149,9
DA:150,2
DA:153,2
DA:162,9
DA:163,2
DA:165,2
DA:175,2
DA:184,9
DA:185,2
DA:186,2
DA:187,1
DA:189,1
DA:198,1
DA:199,1
DA:201,1
DA:202,2
DA:203,1
DA:205,1
DA:209,1
DA:214,2
DA:215,1
DA:230,1
DA:231,1
DA:232,1
DA:233,2
DA:234,2
DA:239,1
DA:240,1
DA:241,2
DA:245,2
DA:248,1
DA:249,1
DA:251,1
DA:252,2
DA:253,0
DA:255,2
DA:259,1
DA:273,9
DA:274,3
DA:275,1
DA:277,2
DA:290,9
DA:291,2
DA:292,2
DA:293,1
DA:299,1
DA:305,2
DA:308,9
LF:90
LH:87
BRDA:13,0,0,1
BRDA:13,0,1,3
BRDA:13,1,0,4
BRDA:13,1,1,4
BRDA:13,1,2,4
BRDA:98,2,0,1
BRDA:98,2,1,2
BRDA:100,3,0,1
BRDA:100,3,1,1
BRDA:103,4,0,1
BRDA:103,4,1,0
BRDA:186,5,0,1
BRDA:186,5,1,1
BRDA:202,6,0,1
BRDA:202,6,1,1
BRDA:233,7,0,2
BRDA:233,7,1,0
BRDA:252,8,0,0
BRDA:252,8,1,2
BRDA:274,9,0,1
BRDA:274,9,1,2
BRDA:292,10,0,1
BRDA:292,10,1,1
BRF:23
BRH:20
end_of_record
